

================================================================
== Vitis HLS Report for 'basic_arith_array'
================================================================
* Date:           Mon Mar 31 14:35:00 2025

* Version:        2021.1 (Build 3247384 on Thu Jun 10 19:36:07 MDT 2021)
* Project:        assignment4_ctypes
* Solution:       solution1 (Vivado IP Flow Target)
* Product family: virtex7
* Target device:  xc7v585t-ffg1761-2


================================================================
== Performance Estimates
================================================================
+ Timing: 
    * Summary: 
    +--------+----------+----------+------------+
    |  Clock |  Target  | Estimated| Uncertainty|
    +--------+----------+----------+------------+
    |ap_clk  |  10.00 ns|  2.658 ns|     2.70 ns|
    +--------+----------+----------+------------+

+ Latency: 
    * Summary: 
    +---------+---------+----------+----------+-----+-----+---------+
    |  Latency (cycles) |  Latency (absolute) |  Interval | Pipeline|
    |   min   |   max   |    min   |    max   | min | max |   Type  |
    +---------+---------+----------+----------+-----+-----+---------+
    |       72|       91|  0.720 us|  0.910 us|   73|   92|       no|
    +---------+---------+----------+----------+-----+-----+---------+

    + Detail: 
        * Instance: 
        N/A

        * Loop: 
        +-------------------+---------+---------+----------+-----------+-----------+--------+----------+
        |                   |  Latency (cycles) | Iteration|  Initiation Interval  |  Trip  |          |
        |     Loop Name     |   min   |   max   |  Latency |  achieved |   target  |  Count | Pipelined|
        +-------------------+---------+---------+----------+-----------+-----------+--------+----------+
        |- VITIS_LOOP_14_1  |       67|       86|        68|          1|          1|  1 ~ 20|       yes|
        +-------------------+---------+---------+----------+-----------+-----------+--------+----------+

============================================================
+ Verbose Summary: Synthesis Manager
============================================================
InlineROM: 1
ExposeGlobal: 0
============================================================
+ Verbose Summary: CDFG Model
============================================================
IsTopModel: 1
ResetActiveHigh: 1
IsCombinational: 0
IsDatapathOnly: 0
HasWiredReturn: 1
HasMFsm: 2
HasVarLatency: 1
IsPipeline: 0
IsRtlPipelined: 0
IsInstanceOverlapped: 0
IsDontTouch: 0
HasImplIP: 0
IsGatedGlobalClock: 0

+ Individual pipeline summary: 
  * Pipeline-0: initiation interval (II) = 1, depth = 68


============================================================
+ Verbose Summary: Schedule
============================================================
* Number of FSM states : 73
* Pipeline : 1
  Pipeline-0 : II = 1, D = 68, States = { 5 6 7 8 9 10 11 12 13 14 15 16 17 18 19 20 21 22 23 24 25 26 27 28 29 30 31 32 33 34 35 36 37 38 39 40 41 42 43 44 45 46 47 48 49 50 51 52 53 54 55 56 57 58 59 60 61 62 63 64 65 66 67 68 69 70 71 72 }
* Dataflow Pipeline: 0

* FSM state transitions: 
1 --> 2 
2 --> 3 
3 --> 4 
4 --> 5 
5 --> 73 6 
6 --> 7 
7 --> 8 
8 --> 9 
9 --> 10 
10 --> 11 
11 --> 12 
12 --> 13 
13 --> 14 
14 --> 15 
15 --> 16 
16 --> 17 
17 --> 18 
18 --> 19 
19 --> 20 
20 --> 21 
21 --> 22 
22 --> 23 
23 --> 24 
24 --> 25 
25 --> 26 
26 --> 27 
27 --> 28 
28 --> 29 
29 --> 30 
30 --> 31 
31 --> 32 
32 --> 33 
33 --> 34 
34 --> 35 
35 --> 36 
36 --> 37 
37 --> 38 
38 --> 39 
39 --> 40 
40 --> 41 
41 --> 42 
42 --> 43 
43 --> 44 
44 --> 45 
45 --> 46 
46 --> 47 
47 --> 48 
48 --> 49 
49 --> 50 
50 --> 51 
51 --> 52 
52 --> 53 
53 --> 54 
54 --> 55 
55 --> 56 
56 --> 57 
57 --> 58 
58 --> 59 
59 --> 60 
60 --> 61 
61 --> 62 
62 --> 63 
63 --> 64 
64 --> 65 
65 --> 66 
66 --> 67 
67 --> 68 
68 --> 69 
69 --> 70 
70 --> 71 
71 --> 72 
72 --> 5 
73 --> 

* FSM state operations: 

State 1 <SV = 0> <Delay = 1.54>
ST_1 : Operation 74 [1/1] (0.00ns)   --->   "%i = alloca i32 1"   --->   Operation 74 'alloca' 'i' <Predicate = true> <Delay = 0.00>
ST_1 : Operation 75 [1/1] (0.00ns)   --->   "%inA_read = read i8 @_ssdm_op_Read.ap_auto.i8P0A, i8 %inA" [basic_arith_array.cpp:16]   --->   Operation 75 'read' 'inA_read' <Predicate = true> <Delay = 0.00>
ST_1 : Operation 76 [1/1] (0.00ns)   --->   "%sext_ln16_2 = sext i8 %inA_read" [basic_arith_array.cpp:16]   --->   Operation 76 'sext' 'sext_ln16_2' <Predicate = true> <Delay = 0.00>
ST_1 : Operation 77 [1/1] (0.00ns)   --->   "%inB_read = read i16 @_ssdm_op_Read.ap_auto.i16P0A, i16 %inB" [basic_arith_array.cpp:16]   --->   Operation 77 'read' 'inB_read' <Predicate = true> <Delay = 0.00>
ST_1 : Operation 78 [1/1] (0.00ns)   --->   "%sext_ln16_4 = sext i16 %inB_read" [basic_arith_array.cpp:16]   --->   Operation 78 'sext' 'sext_ln16_4' <Predicate = true> <Delay = 0.00>
ST_1 : Operation 79 [4/4] (1.54ns) (root node of the DSP)   --->   "%mul_ln16 = mul i24 %sext_ln16_4, i24 %sext_ln16_2" [basic_arith_array.cpp:16]   --->   Operation 79 'mul' 'mul_ln16' <Predicate = true> <Delay = 1.54> <CoreInst = "DSP48">   --->   Core 119 'DSP48' <Latency = 3> <II = 1> <Delay = 1.54> <IPBlock> <Opcode : 'mul' 'add' 'sub' 'select'> <InPorts = 0> <OutPorts = 1> <Sync> <CReg>
ST_1 : Operation 80 [1/1] (0.84ns)   --->   "%store_ln14 = store i64 0, i64 %i" [basic_arith_array.cpp:14]   --->   Operation 80 'store' 'store_ln14' <Predicate = true> <Delay = 0.84>

State 2 <SV = 1> <Delay = 1.54>
ST_2 : Operation 81 [3/4] (1.54ns) (root node of the DSP)   --->   "%mul_ln16 = mul i24 %sext_ln16_4, i24 %sext_ln16_2" [basic_arith_array.cpp:16]   --->   Operation 81 'mul' 'mul_ln16' <Predicate = true> <Delay = 1.54> <CoreInst = "DSP48">   --->   Core 119 'DSP48' <Latency = 3> <II = 1> <Delay = 1.54> <IPBlock> <Opcode : 'mul' 'add' 'sub' 'select'> <InPorts = 0> <OutPorts = 1> <Sync> <CReg>

State 3 <SV = 2> <Delay = 1.54>
ST_3 : Operation 82 [2/4] (1.54ns) (root node of the DSP)   --->   "%mul_ln16 = mul i24 %sext_ln16_4, i24 %sext_ln16_2" [basic_arith_array.cpp:16]   --->   Operation 82 'mul' 'mul_ln16' <Predicate = true> <Delay = 1.54> <CoreInst = "DSP48">   --->   Core 119 'DSP48' <Latency = 3> <II = 1> <Delay = 1.54> <IPBlock> <Opcode : 'mul' 'add' 'sub' 'select'> <InPorts = 0> <OutPorts = 1> <Sync> <CReg>

State 4 <SV = 3> <Delay = 1.30>
ST_4 : Operation 83 [1/1] (0.00ns)   --->   "%spectopmodule_ln0 = spectopmodule void @_ssdm_op_SpecTopModule, void @empty_1"   --->   Operation 83 'spectopmodule' 'spectopmodule_ln0' <Predicate = true> <Delay = 0.00>
ST_4 : Operation 84 [1/1] (0.00ns)   --->   "%specbitsmap_ln0 = specbitsmap void @_ssdm_op_SpecBitsMap, i8 %inA"   --->   Operation 84 'specbitsmap' 'specbitsmap_ln0' <Predicate = true> <Delay = 0.00>
ST_4 : Operation 85 [1/1] (0.00ns)   --->   "%specinterface_ln0 = specinterface void @_ssdm_op_SpecInterface, i8 %inA, void @empty, i32 0, i32 0, void @empty_0, i32 0, i32 0, void @empty_0, void @empty_0, void @empty_0, i32 0, i32 0, i32 0, i32 0, void @empty_0, void @empty_0"   --->   Operation 85 'specinterface' 'specinterface_ln0' <Predicate = true> <Delay = 0.00>
ST_4 : Operation 86 [1/1] (0.00ns)   --->   "%specbitsmap_ln0 = specbitsmap void @_ssdm_op_SpecBitsMap, i16 %inB"   --->   Operation 86 'specbitsmap' 'specbitsmap_ln0' <Predicate = true> <Delay = 0.00>
ST_4 : Operation 87 [1/1] (0.00ns)   --->   "%specinterface_ln0 = specinterface void @_ssdm_op_SpecInterface, i16 %inB, void @empty, i32 0, i32 0, void @empty_0, i32 0, i32 0, void @empty_0, void @empty_0, void @empty_0, i32 0, i32 0, i32 0, i32 0, void @empty_0, void @empty_0"   --->   Operation 87 'specinterface' 'specinterface_ln0' <Predicate = true> <Delay = 0.00>
ST_4 : Operation 88 [1/1] (0.00ns)   --->   "%specbitsmap_ln0 = specbitsmap void @_ssdm_op_SpecBitsMap, i32 %inC"   --->   Operation 88 'specbitsmap' 'specbitsmap_ln0' <Predicate = true> <Delay = 0.00>
ST_4 : Operation 89 [1/1] (0.00ns)   --->   "%specinterface_ln0 = specinterface void @_ssdm_op_SpecInterface, i32 %inC, void @empty, i32 0, i32 0, void @empty_0, i32 0, i32 0, void @empty_0, void @empty_0, void @empty_0, i32 0, i32 0, i32 0, i32 0, void @empty_0, void @empty_0"   --->   Operation 89 'specinterface' 'specinterface_ln0' <Predicate = true> <Delay = 0.00>
ST_4 : Operation 90 [1/1] (0.00ns)   --->   "%specbitsmap_ln0 = specbitsmap void @_ssdm_op_SpecBitsMap, i64 %inD"   --->   Operation 90 'specbitsmap' 'specbitsmap_ln0' <Predicate = true> <Delay = 0.00>
ST_4 : Operation 91 [1/1] (0.00ns)   --->   "%specinterface_ln0 = specinterface void @_ssdm_op_SpecInterface, i64 %inD, void @empty, i32 0, i32 0, void @empty_0, i32 0, i32 0, void @empty_0, void @empty_0, void @empty_0, i32 0, i32 0, i32 0, i32 0, void @empty_0, void @empty_0"   --->   Operation 91 'specinterface' 'specinterface_ln0' <Predicate = true> <Delay = 0.00>
ST_4 : Operation 92 [1/1] (0.00ns)   --->   "%specbitsmap_ln0 = specbitsmap void @_ssdm_op_SpecBitsMap, i32 %out1"   --->   Operation 92 'specbitsmap' 'specbitsmap_ln0' <Predicate = true> <Delay = 0.00>
ST_4 : Operation 93 [1/1] (0.00ns)   --->   "%specinterface_ln0 = specinterface void @_ssdm_op_SpecInterface, i32 %out1, void @empty, i32 0, i32 0, void @empty_0, i32 0, i32 0, void @empty_0, void @empty_0, void @empty_0, i32 0, i32 0, i32 0, i32 0, void @empty_0, void @empty_0"   --->   Operation 93 'specinterface' 'specinterface_ln0' <Predicate = true> <Delay = 0.00>
ST_4 : Operation 94 [1/1] (0.00ns)   --->   "%specbitsmap_ln0 = specbitsmap void @_ssdm_op_SpecBitsMap, i32 %out2"   --->   Operation 94 'specbitsmap' 'specbitsmap_ln0' <Predicate = true> <Delay = 0.00>
ST_4 : Operation 95 [1/1] (0.00ns)   --->   "%specinterface_ln0 = specinterface void @_ssdm_op_SpecInterface, i32 %out2, void @empty, i32 0, i32 0, void @empty_0, i32 0, i32 0, void @empty_0, void @empty_0, void @empty_0, i32 0, i32 0, i32 0, i32 0, void @empty_0, void @empty_0"   --->   Operation 95 'specinterface' 'specinterface_ln0' <Predicate = true> <Delay = 0.00>
ST_4 : Operation 96 [1/1] (0.00ns)   --->   "%specbitsmap_ln0 = specbitsmap void @_ssdm_op_SpecBitsMap, i32 %out3"   --->   Operation 96 'specbitsmap' 'specbitsmap_ln0' <Predicate = true> <Delay = 0.00>
ST_4 : Operation 97 [1/1] (0.00ns)   --->   "%specinterface_ln0 = specinterface void @_ssdm_op_SpecInterface, i32 %out3, void @empty, i32 0, i32 0, void @empty_0, i32 0, i32 0, void @empty_0, void @empty_0, void @empty_0, i32 0, i32 0, i32 0, i32 0, void @empty_0, void @empty_0"   --->   Operation 97 'specinterface' 'specinterface_ln0' <Predicate = true> <Delay = 0.00>
ST_4 : Operation 98 [1/1] (0.00ns)   --->   "%specbitsmap_ln0 = specbitsmap void @_ssdm_op_SpecBitsMap, i64 %out4"   --->   Operation 98 'specbitsmap' 'specbitsmap_ln0' <Predicate = true> <Delay = 0.00>
ST_4 : Operation 99 [1/1] (0.00ns)   --->   "%specinterface_ln0 = specinterface void @_ssdm_op_SpecInterface, i64 %out4, void @empty, i32 0, i32 0, void @empty_0, i32 0, i32 0, void @empty_0, void @empty_0, void @empty_0, i32 0, i32 0, i32 0, i32 0, void @empty_0, void @empty_0"   --->   Operation 99 'specinterface' 'specinterface_ln0' <Predicate = true> <Delay = 0.00>
ST_4 : Operation 100 [1/1] (0.00ns)   --->   "%specbitsmap_ln0 = specbitsmap void @_ssdm_op_SpecBitsMap, i32 %size"   --->   Operation 100 'specbitsmap' 'specbitsmap_ln0' <Predicate = true> <Delay = 0.00>
ST_4 : Operation 101 [1/1] (0.00ns)   --->   "%specinterface_ln0 = specinterface void @_ssdm_op_SpecInterface, i32 %size, void @empty, i32 0, i32 0, void @empty_0, i32 0, i32 0, void @empty_0, void @empty_0, void @empty_0, i32 0, i32 0, i32 0, i32 0, void @empty_0, void @empty_0"   --->   Operation 101 'specinterface' 'specinterface_ln0' <Predicate = true> <Delay = 0.00>
ST_4 : Operation 102 [1/1] (0.00ns)   --->   "%size_read = read i32 @_ssdm_op_Read.ap_auto.i32, i32 %size" [basic_arith_array.cpp:4]   --->   Operation 102 'read' 'size_read' <Predicate = true> <Delay = 0.00>
ST_4 : Operation 103 [1/1] (0.00ns)   --->   "%conv = sext i32 %size_read" [basic_arith_array.cpp:4]   --->   Operation 103 'sext' 'conv' <Predicate = true> <Delay = 0.00>
ST_4 : Operation 104 [1/1] (0.00ns)   --->   "%sext_ln16 = sext i8 %inA_read" [basic_arith_array.cpp:16]   --->   Operation 104 'sext' 'sext_ln16' <Predicate = true> <Delay = 0.00>
ST_4 : Operation 105 [1/1] (0.00ns)   --->   "%sext_ln16_1 = sext i8 %inA_read" [basic_arith_array.cpp:16]   --->   Operation 105 'sext' 'sext_ln16_1' <Predicate = true> <Delay = 0.00>
ST_4 : Operation 106 [1/1] (0.00ns)   --->   "%sext_ln16_3 = sext i16 %inB_read" [basic_arith_array.cpp:16]   --->   Operation 106 'sext' 'sext_ln16_3' <Predicate = true> <Delay = 0.00>
ST_4 : Operation 107 [1/4] (0.00ns) (root node of the DSP)   --->   "%mul_ln16 = mul i24 %sext_ln16_4, i24 %sext_ln16_2" [basic_arith_array.cpp:16]   --->   Operation 107 'mul' 'mul_ln16' <Predicate = true> <Delay = 0.00> <CoreInst = "DSP48">   --->   Core 119 'DSP48' <Latency = 3> <II = 1> <Delay = 1.54> <IPBlock> <Opcode : 'mul' 'add' 'sub' 'select'> <InPorts = 0> <OutPorts = 1> <Sync> <CReg>
ST_4 : Operation 108 [1/1] (0.00ns)   --->   "%sext_ln17 = sext i24 %mul_ln16" [basic_arith_array.cpp:17]   --->   Operation 108 'sext' 'sext_ln17' <Predicate = true> <Delay = 0.00>
ST_4 : Operation 109 [1/1] (1.30ns)   --->   "%add_ln17 = add i17 %sext_ln16_3, i17 %sext_ln16_1" [basic_arith_array.cpp:17]   --->   Operation 109 'add' 'add_ln17' <Predicate = true> <Delay = 1.30> <CoreInst = "Adder">   --->   Core 1 'Adder' <Latency = 0> <II = 1> <Delay = 1.30> <FuncUnit> <Opcode : 'add' 'sub'> <InPorts = 2> <OutPorts = 1>
ST_4 : Operation 110 [1/1] (0.00ns)   --->   "%sext_ln18 = sext i17 %add_ln17" [basic_arith_array.cpp:18]   --->   Operation 110 'sext' 'sext_ln18' <Predicate = true> <Delay = 0.00>
ST_4 : Operation 111 [1/1] (0.00ns)   --->   "%inC_read = read i32 @_ssdm_op_Read.ap_auto.i32P0A, i32 %inC" [basic_arith_array.cpp:18]   --->   Operation 111 'read' 'inC_read' <Predicate = true> <Delay = 0.00>
ST_4 : Operation 112 [1/1] (0.00ns)   --->   "%inD_read = read i64 @_ssdm_op_Read.ap_auto.i64P0A, i64 %inD" [basic_arith_array.cpp:19]   --->   Operation 112 'read' 'inD_read' <Predicate = true> <Delay = 0.00>
ST_4 : Operation 113 [1/1] (0.00ns)   --->   "%sext_ln19 = sext i8 %inA_read" [basic_arith_array.cpp:19]   --->   Operation 113 'sext' 'sext_ln19' <Predicate = true> <Delay = 0.00>
ST_4 : Operation 114 [1/1] (0.00ns)   --->   "%br_ln14 = br void" [basic_arith_array.cpp:14]   --->   Operation 114 'br' 'br_ln14' <Predicate = true> <Delay = 0.00>

State 5 <SV = 4> <Delay = 2.65>
ST_5 : Operation 115 [1/1] (0.00ns)   --->   "%i_1 = load i64 %i" [basic_arith_array.cpp:14]   --->   Operation 115 'load' 'i_1' <Predicate = true> <Delay = 0.00>
ST_5 : Operation 116 [1/1] (0.00ns)   --->   "%specpipeline_ln0 = specpipeline void @_ssdm_op_SpecPipeline, i32 4294967295, i32 0, i32 1, i32 0, void @p_str"   --->   Operation 116 'specpipeline' 'specpipeline_ln0' <Predicate = true> <Delay = 0.00>
ST_5 : Operation 117 [1/1] (1.40ns)   --->   "%icmp_ln14 = icmp_eq  i64 %i_1, i64 %conv" [basic_arith_array.cpp:14]   --->   Operation 117 'icmp' 'icmp_ln14' <Predicate = true> <Delay = 1.40> <CoreInst = "Cmp">   --->   Core 9 'Cmp' <Latency = 0> <II = 1> <Delay = 1.40> <FuncUnit> <Opcode : 'icmp'> <InPorts = 2> <OutPorts = 1>
ST_5 : Operation 118 [1/1] (1.81ns)   --->   "%i_2 = add i64 %i_1, i64 1" [basic_arith_array.cpp:14]   --->   Operation 118 'add' 'i_2' <Predicate = true> <Delay = 1.81> <CoreInst = "Adder">   --->   Core 1 'Adder' <Latency = 0> <II = 1> <Delay = 1.30> <FuncUnit> <Opcode : 'add' 'sub'> <InPorts = 2> <OutPorts = 1>
ST_5 : Operation 119 [1/1] (0.00ns)   --->   "%br_ln14 = br i1 %icmp_ln14, void %.split, void %._crit_edge.loopexit" [basic_arith_array.cpp:14]   --->   Operation 119 'br' 'br_ln14' <Predicate = true> <Delay = 0.00>
ST_5 : Operation 120 [1/1] (0.00ns)   --->   "%write_ln16 = write void @_ssdm_op_Write.ap_auto.i32P0A, i32 %out1, i32 %sext_ln17" [basic_arith_array.cpp:16]   --->   Operation 120 'write' 'write_ln16' <Predicate = (!icmp_ln14)> <Delay = 0.00>
ST_5 : Operation 121 [1/1] (0.00ns)   --->   "%write_ln17 = write void @_ssdm_op_Write.ap_auto.i32P0A, i32 %out2, i32 %sext_ln18" [basic_arith_array.cpp:17]   --->   Operation 121 'write' 'write_ln17' <Predicate = (!icmp_ln14)> <Delay = 0.00>
ST_5 : Operation 122 [36/36] (2.14ns)   --->   "%sdiv_ln18 = sdiv i32 %inC_read, i32 %sext_ln16" [basic_arith_array.cpp:18]   --->   Operation 122 'sdiv' 'sdiv_ln18' <Predicate = (!icmp_ln14)> <Delay = 2.14> <CoreInst = "Divider">   --->   Core 6 'Divider' <Latency = 67> <II = 1> <Delay = 2.56> <FuncUnit> <Opcode : 'sdiv' 'srem' 'udiv' 'urem'> <InPorts = 2> <OutPorts = 1>
ST_5 : Operation 123 [68/68] (2.56ns)   --->   "%srem_ln19 = srem i64 %inD_read, i64 %sext_ln19" [basic_arith_array.cpp:19]   --->   Operation 123 'srem' 'srem_ln19' <Predicate = (!icmp_ln14)> <Delay = 2.56> <CoreInst = "Divider">   --->   Core 6 'Divider' <Latency = 67> <II = 1> <Delay = 2.56> <FuncUnit> <Opcode : 'sdiv' 'srem' 'udiv' 'urem'> <InPorts = 2> <OutPorts = 1>
ST_5 : Operation 124 [1/1] (0.84ns)   --->   "%store_ln14 = store i64 %i_2, i64 %i" [basic_arith_array.cpp:14]   --->   Operation 124 'store' 'store_ln14' <Predicate = (!icmp_ln14)> <Delay = 0.84>

State 6 <SV = 5> <Delay = 2.56>
ST_6 : Operation 125 [35/36] (2.14ns)   --->   "%sdiv_ln18 = sdiv i32 %inC_read, i32 %sext_ln16" [basic_arith_array.cpp:18]   --->   Operation 125 'sdiv' 'sdiv_ln18' <Predicate = true> <Delay = 2.14> <CoreInst = "Divider">   --->   Core 6 'Divider' <Latency = 67> <II = 1> <Delay = 2.56> <FuncUnit> <Opcode : 'sdiv' 'srem' 'udiv' 'urem'> <InPorts = 2> <OutPorts = 1>
ST_6 : Operation 126 [67/68] (2.56ns)   --->   "%srem_ln19 = srem i64 %inD_read, i64 %sext_ln19" [basic_arith_array.cpp:19]   --->   Operation 126 'srem' 'srem_ln19' <Predicate = true> <Delay = 2.56> <CoreInst = "Divider">   --->   Core 6 'Divider' <Latency = 67> <II = 1> <Delay = 2.56> <FuncUnit> <Opcode : 'sdiv' 'srem' 'udiv' 'urem'> <InPorts = 2> <OutPorts = 1>

State 7 <SV = 6> <Delay = 2.56>
ST_7 : Operation 127 [34/36] (2.14ns)   --->   "%sdiv_ln18 = sdiv i32 %inC_read, i32 %sext_ln16" [basic_arith_array.cpp:18]   --->   Operation 127 'sdiv' 'sdiv_ln18' <Predicate = true> <Delay = 2.14> <CoreInst = "Divider">   --->   Core 6 'Divider' <Latency = 67> <II = 1> <Delay = 2.56> <FuncUnit> <Opcode : 'sdiv' 'srem' 'udiv' 'urem'> <InPorts = 2> <OutPorts = 1>
ST_7 : Operation 128 [66/68] (2.56ns)   --->   "%srem_ln19 = srem i64 %inD_read, i64 %sext_ln19" [basic_arith_array.cpp:19]   --->   Operation 128 'srem' 'srem_ln19' <Predicate = true> <Delay = 2.56> <CoreInst = "Divider">   --->   Core 6 'Divider' <Latency = 67> <II = 1> <Delay = 2.56> <FuncUnit> <Opcode : 'sdiv' 'srem' 'udiv' 'urem'> <InPorts = 2> <OutPorts = 1>

State 8 <SV = 7> <Delay = 2.56>
ST_8 : Operation 129 [33/36] (2.14ns)   --->   "%sdiv_ln18 = sdiv i32 %inC_read, i32 %sext_ln16" [basic_arith_array.cpp:18]   --->   Operation 129 'sdiv' 'sdiv_ln18' <Predicate = true> <Delay = 2.14> <CoreInst = "Divider">   --->   Core 6 'Divider' <Latency = 67> <II = 1> <Delay = 2.56> <FuncUnit> <Opcode : 'sdiv' 'srem' 'udiv' 'urem'> <InPorts = 2> <OutPorts = 1>
ST_8 : Operation 130 [65/68] (2.56ns)   --->   "%srem_ln19 = srem i64 %inD_read, i64 %sext_ln19" [basic_arith_array.cpp:19]   --->   Operation 130 'srem' 'srem_ln19' <Predicate = true> <Delay = 2.56> <CoreInst = "Divider">   --->   Core 6 'Divider' <Latency = 67> <II = 1> <Delay = 2.56> <FuncUnit> <Opcode : 'sdiv' 'srem' 'udiv' 'urem'> <InPorts = 2> <OutPorts = 1>

State 9 <SV = 8> <Delay = 2.56>
ST_9 : Operation 131 [32/36] (2.14ns)   --->   "%sdiv_ln18 = sdiv i32 %inC_read, i32 %sext_ln16" [basic_arith_array.cpp:18]   --->   Operation 131 'sdiv' 'sdiv_ln18' <Predicate = true> <Delay = 2.14> <CoreInst = "Divider">   --->   Core 6 'Divider' <Latency = 67> <II = 1> <Delay = 2.56> <FuncUnit> <Opcode : 'sdiv' 'srem' 'udiv' 'urem'> <InPorts = 2> <OutPorts = 1>
ST_9 : Operation 132 [64/68] (2.56ns)   --->   "%srem_ln19 = srem i64 %inD_read, i64 %sext_ln19" [basic_arith_array.cpp:19]   --->   Operation 132 'srem' 'srem_ln19' <Predicate = true> <Delay = 2.56> <CoreInst = "Divider">   --->   Core 6 'Divider' <Latency = 67> <II = 1> <Delay = 2.56> <FuncUnit> <Opcode : 'sdiv' 'srem' 'udiv' 'urem'> <InPorts = 2> <OutPorts = 1>

State 10 <SV = 9> <Delay = 2.56>
ST_10 : Operation 133 [31/36] (2.14ns)   --->   "%sdiv_ln18 = sdiv i32 %inC_read, i32 %sext_ln16" [basic_arith_array.cpp:18]   --->   Operation 133 'sdiv' 'sdiv_ln18' <Predicate = true> <Delay = 2.14> <CoreInst = "Divider">   --->   Core 6 'Divider' <Latency = 67> <II = 1> <Delay = 2.56> <FuncUnit> <Opcode : 'sdiv' 'srem' 'udiv' 'urem'> <InPorts = 2> <OutPorts = 1>
ST_10 : Operation 134 [63/68] (2.56ns)   --->   "%srem_ln19 = srem i64 %inD_read, i64 %sext_ln19" [basic_arith_array.cpp:19]   --->   Operation 134 'srem' 'srem_ln19' <Predicate = true> <Delay = 2.56> <CoreInst = "Divider">   --->   Core 6 'Divider' <Latency = 67> <II = 1> <Delay = 2.56> <FuncUnit> <Opcode : 'sdiv' 'srem' 'udiv' 'urem'> <InPorts = 2> <OutPorts = 1>

State 11 <SV = 10> <Delay = 2.56>
ST_11 : Operation 135 [30/36] (2.14ns)   --->   "%sdiv_ln18 = sdiv i32 %inC_read, i32 %sext_ln16" [basic_arith_array.cpp:18]   --->   Operation 135 'sdiv' 'sdiv_ln18' <Predicate = true> <Delay = 2.14> <CoreInst = "Divider">   --->   Core 6 'Divider' <Latency = 67> <II = 1> <Delay = 2.56> <FuncUnit> <Opcode : 'sdiv' 'srem' 'udiv' 'urem'> <InPorts = 2> <OutPorts = 1>
ST_11 : Operation 136 [62/68] (2.56ns)   --->   "%srem_ln19 = srem i64 %inD_read, i64 %sext_ln19" [basic_arith_array.cpp:19]   --->   Operation 136 'srem' 'srem_ln19' <Predicate = true> <Delay = 2.56> <CoreInst = "Divider">   --->   Core 6 'Divider' <Latency = 67> <II = 1> <Delay = 2.56> <FuncUnit> <Opcode : 'sdiv' 'srem' 'udiv' 'urem'> <InPorts = 2> <OutPorts = 1>

State 12 <SV = 11> <Delay = 2.56>
ST_12 : Operation 137 [29/36] (2.14ns)   --->   "%sdiv_ln18 = sdiv i32 %inC_read, i32 %sext_ln16" [basic_arith_array.cpp:18]   --->   Operation 137 'sdiv' 'sdiv_ln18' <Predicate = true> <Delay = 2.14> <CoreInst = "Divider">   --->   Core 6 'Divider' <Latency = 67> <II = 1> <Delay = 2.56> <FuncUnit> <Opcode : 'sdiv' 'srem' 'udiv' 'urem'> <InPorts = 2> <OutPorts = 1>
ST_12 : Operation 138 [61/68] (2.56ns)   --->   "%srem_ln19 = srem i64 %inD_read, i64 %sext_ln19" [basic_arith_array.cpp:19]   --->   Operation 138 'srem' 'srem_ln19' <Predicate = true> <Delay = 2.56> <CoreInst = "Divider">   --->   Core 6 'Divider' <Latency = 67> <II = 1> <Delay = 2.56> <FuncUnit> <Opcode : 'sdiv' 'srem' 'udiv' 'urem'> <InPorts = 2> <OutPorts = 1>

State 13 <SV = 12> <Delay = 2.56>
ST_13 : Operation 139 [28/36] (2.14ns)   --->   "%sdiv_ln18 = sdiv i32 %inC_read, i32 %sext_ln16" [basic_arith_array.cpp:18]   --->   Operation 139 'sdiv' 'sdiv_ln18' <Predicate = true> <Delay = 2.14> <CoreInst = "Divider">   --->   Core 6 'Divider' <Latency = 67> <II = 1> <Delay = 2.56> <FuncUnit> <Opcode : 'sdiv' 'srem' 'udiv' 'urem'> <InPorts = 2> <OutPorts = 1>
ST_13 : Operation 140 [60/68] (2.56ns)   --->   "%srem_ln19 = srem i64 %inD_read, i64 %sext_ln19" [basic_arith_array.cpp:19]   --->   Operation 140 'srem' 'srem_ln19' <Predicate = true> <Delay = 2.56> <CoreInst = "Divider">   --->   Core 6 'Divider' <Latency = 67> <II = 1> <Delay = 2.56> <FuncUnit> <Opcode : 'sdiv' 'srem' 'udiv' 'urem'> <InPorts = 2> <OutPorts = 1>

State 14 <SV = 13> <Delay = 2.56>
ST_14 : Operation 141 [27/36] (2.14ns)   --->   "%sdiv_ln18 = sdiv i32 %inC_read, i32 %sext_ln16" [basic_arith_array.cpp:18]   --->   Operation 141 'sdiv' 'sdiv_ln18' <Predicate = true> <Delay = 2.14> <CoreInst = "Divider">   --->   Core 6 'Divider' <Latency = 67> <II = 1> <Delay = 2.56> <FuncUnit> <Opcode : 'sdiv' 'srem' 'udiv' 'urem'> <InPorts = 2> <OutPorts = 1>
ST_14 : Operation 142 [59/68] (2.56ns)   --->   "%srem_ln19 = srem i64 %inD_read, i64 %sext_ln19" [basic_arith_array.cpp:19]   --->   Operation 142 'srem' 'srem_ln19' <Predicate = true> <Delay = 2.56> <CoreInst = "Divider">   --->   Core 6 'Divider' <Latency = 67> <II = 1> <Delay = 2.56> <FuncUnit> <Opcode : 'sdiv' 'srem' 'udiv' 'urem'> <InPorts = 2> <OutPorts = 1>

State 15 <SV = 14> <Delay = 2.56>
ST_15 : Operation 143 [26/36] (2.14ns)   --->   "%sdiv_ln18 = sdiv i32 %inC_read, i32 %sext_ln16" [basic_arith_array.cpp:18]   --->   Operation 143 'sdiv' 'sdiv_ln18' <Predicate = true> <Delay = 2.14> <CoreInst = "Divider">   --->   Core 6 'Divider' <Latency = 67> <II = 1> <Delay = 2.56> <FuncUnit> <Opcode : 'sdiv' 'srem' 'udiv' 'urem'> <InPorts = 2> <OutPorts = 1>
ST_15 : Operation 144 [58/68] (2.56ns)   --->   "%srem_ln19 = srem i64 %inD_read, i64 %sext_ln19" [basic_arith_array.cpp:19]   --->   Operation 144 'srem' 'srem_ln19' <Predicate = true> <Delay = 2.56> <CoreInst = "Divider">   --->   Core 6 'Divider' <Latency = 67> <II = 1> <Delay = 2.56> <FuncUnit> <Opcode : 'sdiv' 'srem' 'udiv' 'urem'> <InPorts = 2> <OutPorts = 1>

State 16 <SV = 15> <Delay = 2.56>
ST_16 : Operation 145 [25/36] (2.14ns)   --->   "%sdiv_ln18 = sdiv i32 %inC_read, i32 %sext_ln16" [basic_arith_array.cpp:18]   --->   Operation 145 'sdiv' 'sdiv_ln18' <Predicate = true> <Delay = 2.14> <CoreInst = "Divider">   --->   Core 6 'Divider' <Latency = 67> <II = 1> <Delay = 2.56> <FuncUnit> <Opcode : 'sdiv' 'srem' 'udiv' 'urem'> <InPorts = 2> <OutPorts = 1>
ST_16 : Operation 146 [57/68] (2.56ns)   --->   "%srem_ln19 = srem i64 %inD_read, i64 %sext_ln19" [basic_arith_array.cpp:19]   --->   Operation 146 'srem' 'srem_ln19' <Predicate = true> <Delay = 2.56> <CoreInst = "Divider">   --->   Core 6 'Divider' <Latency = 67> <II = 1> <Delay = 2.56> <FuncUnit> <Opcode : 'sdiv' 'srem' 'udiv' 'urem'> <InPorts = 2> <OutPorts = 1>

State 17 <SV = 16> <Delay = 2.56>
ST_17 : Operation 147 [24/36] (2.14ns)   --->   "%sdiv_ln18 = sdiv i32 %inC_read, i32 %sext_ln16" [basic_arith_array.cpp:18]   --->   Operation 147 'sdiv' 'sdiv_ln18' <Predicate = true> <Delay = 2.14> <CoreInst = "Divider">   --->   Core 6 'Divider' <Latency = 67> <II = 1> <Delay = 2.56> <FuncUnit> <Opcode : 'sdiv' 'srem' 'udiv' 'urem'> <InPorts = 2> <OutPorts = 1>
ST_17 : Operation 148 [56/68] (2.56ns)   --->   "%srem_ln19 = srem i64 %inD_read, i64 %sext_ln19" [basic_arith_array.cpp:19]   --->   Operation 148 'srem' 'srem_ln19' <Predicate = true> <Delay = 2.56> <CoreInst = "Divider">   --->   Core 6 'Divider' <Latency = 67> <II = 1> <Delay = 2.56> <FuncUnit> <Opcode : 'sdiv' 'srem' 'udiv' 'urem'> <InPorts = 2> <OutPorts = 1>

State 18 <SV = 17> <Delay = 2.56>
ST_18 : Operation 149 [23/36] (2.14ns)   --->   "%sdiv_ln18 = sdiv i32 %inC_read, i32 %sext_ln16" [basic_arith_array.cpp:18]   --->   Operation 149 'sdiv' 'sdiv_ln18' <Predicate = true> <Delay = 2.14> <CoreInst = "Divider">   --->   Core 6 'Divider' <Latency = 67> <II = 1> <Delay = 2.56> <FuncUnit> <Opcode : 'sdiv' 'srem' 'udiv' 'urem'> <InPorts = 2> <OutPorts = 1>
ST_18 : Operation 150 [55/68] (2.56ns)   --->   "%srem_ln19 = srem i64 %inD_read, i64 %sext_ln19" [basic_arith_array.cpp:19]   --->   Operation 150 'srem' 'srem_ln19' <Predicate = true> <Delay = 2.56> <CoreInst = "Divider">   --->   Core 6 'Divider' <Latency = 67> <II = 1> <Delay = 2.56> <FuncUnit> <Opcode : 'sdiv' 'srem' 'udiv' 'urem'> <InPorts = 2> <OutPorts = 1>

State 19 <SV = 18> <Delay = 2.56>
ST_19 : Operation 151 [22/36] (2.14ns)   --->   "%sdiv_ln18 = sdiv i32 %inC_read, i32 %sext_ln16" [basic_arith_array.cpp:18]   --->   Operation 151 'sdiv' 'sdiv_ln18' <Predicate = true> <Delay = 2.14> <CoreInst = "Divider">   --->   Core 6 'Divider' <Latency = 67> <II = 1> <Delay = 2.56> <FuncUnit> <Opcode : 'sdiv' 'srem' 'udiv' 'urem'> <InPorts = 2> <OutPorts = 1>
ST_19 : Operation 152 [54/68] (2.56ns)   --->   "%srem_ln19 = srem i64 %inD_read, i64 %sext_ln19" [basic_arith_array.cpp:19]   --->   Operation 152 'srem' 'srem_ln19' <Predicate = true> <Delay = 2.56> <CoreInst = "Divider">   --->   Core 6 'Divider' <Latency = 67> <II = 1> <Delay = 2.56> <FuncUnit> <Opcode : 'sdiv' 'srem' 'udiv' 'urem'> <InPorts = 2> <OutPorts = 1>

State 20 <SV = 19> <Delay = 2.56>
ST_20 : Operation 153 [21/36] (2.14ns)   --->   "%sdiv_ln18 = sdiv i32 %inC_read, i32 %sext_ln16" [basic_arith_array.cpp:18]   --->   Operation 153 'sdiv' 'sdiv_ln18' <Predicate = true> <Delay = 2.14> <CoreInst = "Divider">   --->   Core 6 'Divider' <Latency = 67> <II = 1> <Delay = 2.56> <FuncUnit> <Opcode : 'sdiv' 'srem' 'udiv' 'urem'> <InPorts = 2> <OutPorts = 1>
ST_20 : Operation 154 [53/68] (2.56ns)   --->   "%srem_ln19 = srem i64 %inD_read, i64 %sext_ln19" [basic_arith_array.cpp:19]   --->   Operation 154 'srem' 'srem_ln19' <Predicate = true> <Delay = 2.56> <CoreInst = "Divider">   --->   Core 6 'Divider' <Latency = 67> <II = 1> <Delay = 2.56> <FuncUnit> <Opcode : 'sdiv' 'srem' 'udiv' 'urem'> <InPorts = 2> <OutPorts = 1>

State 21 <SV = 20> <Delay = 2.56>
ST_21 : Operation 155 [20/36] (2.14ns)   --->   "%sdiv_ln18 = sdiv i32 %inC_read, i32 %sext_ln16" [basic_arith_array.cpp:18]   --->   Operation 155 'sdiv' 'sdiv_ln18' <Predicate = true> <Delay = 2.14> <CoreInst = "Divider">   --->   Core 6 'Divider' <Latency = 67> <II = 1> <Delay = 2.56> <FuncUnit> <Opcode : 'sdiv' 'srem' 'udiv' 'urem'> <InPorts = 2> <OutPorts = 1>
ST_21 : Operation 156 [52/68] (2.56ns)   --->   "%srem_ln19 = srem i64 %inD_read, i64 %sext_ln19" [basic_arith_array.cpp:19]   --->   Operation 156 'srem' 'srem_ln19' <Predicate = true> <Delay = 2.56> <CoreInst = "Divider">   --->   Core 6 'Divider' <Latency = 67> <II = 1> <Delay = 2.56> <FuncUnit> <Opcode : 'sdiv' 'srem' 'udiv' 'urem'> <InPorts = 2> <OutPorts = 1>

State 22 <SV = 21> <Delay = 2.56>
ST_22 : Operation 157 [19/36] (2.14ns)   --->   "%sdiv_ln18 = sdiv i32 %inC_read, i32 %sext_ln16" [basic_arith_array.cpp:18]   --->   Operation 157 'sdiv' 'sdiv_ln18' <Predicate = true> <Delay = 2.14> <CoreInst = "Divider">   --->   Core 6 'Divider' <Latency = 67> <II = 1> <Delay = 2.56> <FuncUnit> <Opcode : 'sdiv' 'srem' 'udiv' 'urem'> <InPorts = 2> <OutPorts = 1>
ST_22 : Operation 158 [51/68] (2.56ns)   --->   "%srem_ln19 = srem i64 %inD_read, i64 %sext_ln19" [basic_arith_array.cpp:19]   --->   Operation 158 'srem' 'srem_ln19' <Predicate = true> <Delay = 2.56> <CoreInst = "Divider">   --->   Core 6 'Divider' <Latency = 67> <II = 1> <Delay = 2.56> <FuncUnit> <Opcode : 'sdiv' 'srem' 'udiv' 'urem'> <InPorts = 2> <OutPorts = 1>

State 23 <SV = 22> <Delay = 2.56>
ST_23 : Operation 159 [18/36] (2.14ns)   --->   "%sdiv_ln18 = sdiv i32 %inC_read, i32 %sext_ln16" [basic_arith_array.cpp:18]   --->   Operation 159 'sdiv' 'sdiv_ln18' <Predicate = true> <Delay = 2.14> <CoreInst = "Divider">   --->   Core 6 'Divider' <Latency = 67> <II = 1> <Delay = 2.56> <FuncUnit> <Opcode : 'sdiv' 'srem' 'udiv' 'urem'> <InPorts = 2> <OutPorts = 1>
ST_23 : Operation 160 [50/68] (2.56ns)   --->   "%srem_ln19 = srem i64 %inD_read, i64 %sext_ln19" [basic_arith_array.cpp:19]   --->   Operation 160 'srem' 'srem_ln19' <Predicate = true> <Delay = 2.56> <CoreInst = "Divider">   --->   Core 6 'Divider' <Latency = 67> <II = 1> <Delay = 2.56> <FuncUnit> <Opcode : 'sdiv' 'srem' 'udiv' 'urem'> <InPorts = 2> <OutPorts = 1>

State 24 <SV = 23> <Delay = 2.56>
ST_24 : Operation 161 [17/36] (2.14ns)   --->   "%sdiv_ln18 = sdiv i32 %inC_read, i32 %sext_ln16" [basic_arith_array.cpp:18]   --->   Operation 161 'sdiv' 'sdiv_ln18' <Predicate = true> <Delay = 2.14> <CoreInst = "Divider">   --->   Core 6 'Divider' <Latency = 67> <II = 1> <Delay = 2.56> <FuncUnit> <Opcode : 'sdiv' 'srem' 'udiv' 'urem'> <InPorts = 2> <OutPorts = 1>
ST_24 : Operation 162 [49/68] (2.56ns)   --->   "%srem_ln19 = srem i64 %inD_read, i64 %sext_ln19" [basic_arith_array.cpp:19]   --->   Operation 162 'srem' 'srem_ln19' <Predicate = true> <Delay = 2.56> <CoreInst = "Divider">   --->   Core 6 'Divider' <Latency = 67> <II = 1> <Delay = 2.56> <FuncUnit> <Opcode : 'sdiv' 'srem' 'udiv' 'urem'> <InPorts = 2> <OutPorts = 1>

State 25 <SV = 24> <Delay = 2.56>
ST_25 : Operation 163 [16/36] (2.14ns)   --->   "%sdiv_ln18 = sdiv i32 %inC_read, i32 %sext_ln16" [basic_arith_array.cpp:18]   --->   Operation 163 'sdiv' 'sdiv_ln18' <Predicate = true> <Delay = 2.14> <CoreInst = "Divider">   --->   Core 6 'Divider' <Latency = 67> <II = 1> <Delay = 2.56> <FuncUnit> <Opcode : 'sdiv' 'srem' 'udiv' 'urem'> <InPorts = 2> <OutPorts = 1>
ST_25 : Operation 164 [48/68] (2.56ns)   --->   "%srem_ln19 = srem i64 %inD_read, i64 %sext_ln19" [basic_arith_array.cpp:19]   --->   Operation 164 'srem' 'srem_ln19' <Predicate = true> <Delay = 2.56> <CoreInst = "Divider">   --->   Core 6 'Divider' <Latency = 67> <II = 1> <Delay = 2.56> <FuncUnit> <Opcode : 'sdiv' 'srem' 'udiv' 'urem'> <InPorts = 2> <OutPorts = 1>

State 26 <SV = 25> <Delay = 2.56>
ST_26 : Operation 165 [15/36] (2.14ns)   --->   "%sdiv_ln18 = sdiv i32 %inC_read, i32 %sext_ln16" [basic_arith_array.cpp:18]   --->   Operation 165 'sdiv' 'sdiv_ln18' <Predicate = true> <Delay = 2.14> <CoreInst = "Divider">   --->   Core 6 'Divider' <Latency = 67> <II = 1> <Delay = 2.56> <FuncUnit> <Opcode : 'sdiv' 'srem' 'udiv' 'urem'> <InPorts = 2> <OutPorts = 1>
ST_26 : Operation 166 [47/68] (2.56ns)   --->   "%srem_ln19 = srem i64 %inD_read, i64 %sext_ln19" [basic_arith_array.cpp:19]   --->   Operation 166 'srem' 'srem_ln19' <Predicate = true> <Delay = 2.56> <CoreInst = "Divider">   --->   Core 6 'Divider' <Latency = 67> <II = 1> <Delay = 2.56> <FuncUnit> <Opcode : 'sdiv' 'srem' 'udiv' 'urem'> <InPorts = 2> <OutPorts = 1>

State 27 <SV = 26> <Delay = 2.56>
ST_27 : Operation 167 [14/36] (2.14ns)   --->   "%sdiv_ln18 = sdiv i32 %inC_read, i32 %sext_ln16" [basic_arith_array.cpp:18]   --->   Operation 167 'sdiv' 'sdiv_ln18' <Predicate = true> <Delay = 2.14> <CoreInst = "Divider">   --->   Core 6 'Divider' <Latency = 67> <II = 1> <Delay = 2.56> <FuncUnit> <Opcode : 'sdiv' 'srem' 'udiv' 'urem'> <InPorts = 2> <OutPorts = 1>
ST_27 : Operation 168 [46/68] (2.56ns)   --->   "%srem_ln19 = srem i64 %inD_read, i64 %sext_ln19" [basic_arith_array.cpp:19]   --->   Operation 168 'srem' 'srem_ln19' <Predicate = true> <Delay = 2.56> <CoreInst = "Divider">   --->   Core 6 'Divider' <Latency = 67> <II = 1> <Delay = 2.56> <FuncUnit> <Opcode : 'sdiv' 'srem' 'udiv' 'urem'> <InPorts = 2> <OutPorts = 1>

State 28 <SV = 27> <Delay = 2.56>
ST_28 : Operation 169 [13/36] (2.14ns)   --->   "%sdiv_ln18 = sdiv i32 %inC_read, i32 %sext_ln16" [basic_arith_array.cpp:18]   --->   Operation 169 'sdiv' 'sdiv_ln18' <Predicate = true> <Delay = 2.14> <CoreInst = "Divider">   --->   Core 6 'Divider' <Latency = 67> <II = 1> <Delay = 2.56> <FuncUnit> <Opcode : 'sdiv' 'srem' 'udiv' 'urem'> <InPorts = 2> <OutPorts = 1>
ST_28 : Operation 170 [45/68] (2.56ns)   --->   "%srem_ln19 = srem i64 %inD_read, i64 %sext_ln19" [basic_arith_array.cpp:19]   --->   Operation 170 'srem' 'srem_ln19' <Predicate = true> <Delay = 2.56> <CoreInst = "Divider">   --->   Core 6 'Divider' <Latency = 67> <II = 1> <Delay = 2.56> <FuncUnit> <Opcode : 'sdiv' 'srem' 'udiv' 'urem'> <InPorts = 2> <OutPorts = 1>

State 29 <SV = 28> <Delay = 2.56>
ST_29 : Operation 171 [12/36] (2.14ns)   --->   "%sdiv_ln18 = sdiv i32 %inC_read, i32 %sext_ln16" [basic_arith_array.cpp:18]   --->   Operation 171 'sdiv' 'sdiv_ln18' <Predicate = true> <Delay = 2.14> <CoreInst = "Divider">   --->   Core 6 'Divider' <Latency = 67> <II = 1> <Delay = 2.56> <FuncUnit> <Opcode : 'sdiv' 'srem' 'udiv' 'urem'> <InPorts = 2> <OutPorts = 1>
ST_29 : Operation 172 [44/68] (2.56ns)   --->   "%srem_ln19 = srem i64 %inD_read, i64 %sext_ln19" [basic_arith_array.cpp:19]   --->   Operation 172 'srem' 'srem_ln19' <Predicate = true> <Delay = 2.56> <CoreInst = "Divider">   --->   Core 6 'Divider' <Latency = 67> <II = 1> <Delay = 2.56> <FuncUnit> <Opcode : 'sdiv' 'srem' 'udiv' 'urem'> <InPorts = 2> <OutPorts = 1>

State 30 <SV = 29> <Delay = 2.56>
ST_30 : Operation 173 [11/36] (2.14ns)   --->   "%sdiv_ln18 = sdiv i32 %inC_read, i32 %sext_ln16" [basic_arith_array.cpp:18]   --->   Operation 173 'sdiv' 'sdiv_ln18' <Predicate = true> <Delay = 2.14> <CoreInst = "Divider">   --->   Core 6 'Divider' <Latency = 67> <II = 1> <Delay = 2.56> <FuncUnit> <Opcode : 'sdiv' 'srem' 'udiv' 'urem'> <InPorts = 2> <OutPorts = 1>
ST_30 : Operation 174 [43/68] (2.56ns)   --->   "%srem_ln19 = srem i64 %inD_read, i64 %sext_ln19" [basic_arith_array.cpp:19]   --->   Operation 174 'srem' 'srem_ln19' <Predicate = true> <Delay = 2.56> <CoreInst = "Divider">   --->   Core 6 'Divider' <Latency = 67> <II = 1> <Delay = 2.56> <FuncUnit> <Opcode : 'sdiv' 'srem' 'udiv' 'urem'> <InPorts = 2> <OutPorts = 1>

State 31 <SV = 30> <Delay = 2.56>
ST_31 : Operation 175 [10/36] (2.14ns)   --->   "%sdiv_ln18 = sdiv i32 %inC_read, i32 %sext_ln16" [basic_arith_array.cpp:18]   --->   Operation 175 'sdiv' 'sdiv_ln18' <Predicate = true> <Delay = 2.14> <CoreInst = "Divider">   --->   Core 6 'Divider' <Latency = 67> <II = 1> <Delay = 2.56> <FuncUnit> <Opcode : 'sdiv' 'srem' 'udiv' 'urem'> <InPorts = 2> <OutPorts = 1>
ST_31 : Operation 176 [42/68] (2.56ns)   --->   "%srem_ln19 = srem i64 %inD_read, i64 %sext_ln19" [basic_arith_array.cpp:19]   --->   Operation 176 'srem' 'srem_ln19' <Predicate = true> <Delay = 2.56> <CoreInst = "Divider">   --->   Core 6 'Divider' <Latency = 67> <II = 1> <Delay = 2.56> <FuncUnit> <Opcode : 'sdiv' 'srem' 'udiv' 'urem'> <InPorts = 2> <OutPorts = 1>

State 32 <SV = 31> <Delay = 2.56>
ST_32 : Operation 177 [9/36] (2.14ns)   --->   "%sdiv_ln18 = sdiv i32 %inC_read, i32 %sext_ln16" [basic_arith_array.cpp:18]   --->   Operation 177 'sdiv' 'sdiv_ln18' <Predicate = true> <Delay = 2.14> <CoreInst = "Divider">   --->   Core 6 'Divider' <Latency = 67> <II = 1> <Delay = 2.56> <FuncUnit> <Opcode : 'sdiv' 'srem' 'udiv' 'urem'> <InPorts = 2> <OutPorts = 1>
ST_32 : Operation 178 [41/68] (2.56ns)   --->   "%srem_ln19 = srem i64 %inD_read, i64 %sext_ln19" [basic_arith_array.cpp:19]   --->   Operation 178 'srem' 'srem_ln19' <Predicate = true> <Delay = 2.56> <CoreInst = "Divider">   --->   Core 6 'Divider' <Latency = 67> <II = 1> <Delay = 2.56> <FuncUnit> <Opcode : 'sdiv' 'srem' 'udiv' 'urem'> <InPorts = 2> <OutPorts = 1>

State 33 <SV = 32> <Delay = 2.56>
ST_33 : Operation 179 [8/36] (2.14ns)   --->   "%sdiv_ln18 = sdiv i32 %inC_read, i32 %sext_ln16" [basic_arith_array.cpp:18]   --->   Operation 179 'sdiv' 'sdiv_ln18' <Predicate = true> <Delay = 2.14> <CoreInst = "Divider">   --->   Core 6 'Divider' <Latency = 67> <II = 1> <Delay = 2.56> <FuncUnit> <Opcode : 'sdiv' 'srem' 'udiv' 'urem'> <InPorts = 2> <OutPorts = 1>
ST_33 : Operation 180 [40/68] (2.56ns)   --->   "%srem_ln19 = srem i64 %inD_read, i64 %sext_ln19" [basic_arith_array.cpp:19]   --->   Operation 180 'srem' 'srem_ln19' <Predicate = true> <Delay = 2.56> <CoreInst = "Divider">   --->   Core 6 'Divider' <Latency = 67> <II = 1> <Delay = 2.56> <FuncUnit> <Opcode : 'sdiv' 'srem' 'udiv' 'urem'> <InPorts = 2> <OutPorts = 1>

State 34 <SV = 33> <Delay = 2.56>
ST_34 : Operation 181 [7/36] (2.14ns)   --->   "%sdiv_ln18 = sdiv i32 %inC_read, i32 %sext_ln16" [basic_arith_array.cpp:18]   --->   Operation 181 'sdiv' 'sdiv_ln18' <Predicate = true> <Delay = 2.14> <CoreInst = "Divider">   --->   Core 6 'Divider' <Latency = 67> <II = 1> <Delay = 2.56> <FuncUnit> <Opcode : 'sdiv' 'srem' 'udiv' 'urem'> <InPorts = 2> <OutPorts = 1>
ST_34 : Operation 182 [39/68] (2.56ns)   --->   "%srem_ln19 = srem i64 %inD_read, i64 %sext_ln19" [basic_arith_array.cpp:19]   --->   Operation 182 'srem' 'srem_ln19' <Predicate = true> <Delay = 2.56> <CoreInst = "Divider">   --->   Core 6 'Divider' <Latency = 67> <II = 1> <Delay = 2.56> <FuncUnit> <Opcode : 'sdiv' 'srem' 'udiv' 'urem'> <InPorts = 2> <OutPorts = 1>

State 35 <SV = 34> <Delay = 2.56>
ST_35 : Operation 183 [6/36] (2.14ns)   --->   "%sdiv_ln18 = sdiv i32 %inC_read, i32 %sext_ln16" [basic_arith_array.cpp:18]   --->   Operation 183 'sdiv' 'sdiv_ln18' <Predicate = true> <Delay = 2.14> <CoreInst = "Divider">   --->   Core 6 'Divider' <Latency = 67> <II = 1> <Delay = 2.56> <FuncUnit> <Opcode : 'sdiv' 'srem' 'udiv' 'urem'> <InPorts = 2> <OutPorts = 1>
ST_35 : Operation 184 [38/68] (2.56ns)   --->   "%srem_ln19 = srem i64 %inD_read, i64 %sext_ln19" [basic_arith_array.cpp:19]   --->   Operation 184 'srem' 'srem_ln19' <Predicate = true> <Delay = 2.56> <CoreInst = "Divider">   --->   Core 6 'Divider' <Latency = 67> <II = 1> <Delay = 2.56> <FuncUnit> <Opcode : 'sdiv' 'srem' 'udiv' 'urem'> <InPorts = 2> <OutPorts = 1>

State 36 <SV = 35> <Delay = 2.56>
ST_36 : Operation 185 [5/36] (2.14ns)   --->   "%sdiv_ln18 = sdiv i32 %inC_read, i32 %sext_ln16" [basic_arith_array.cpp:18]   --->   Operation 185 'sdiv' 'sdiv_ln18' <Predicate = true> <Delay = 2.14> <CoreInst = "Divider">   --->   Core 6 'Divider' <Latency = 67> <II = 1> <Delay = 2.56> <FuncUnit> <Opcode : 'sdiv' 'srem' 'udiv' 'urem'> <InPorts = 2> <OutPorts = 1>
ST_36 : Operation 186 [37/68] (2.56ns)   --->   "%srem_ln19 = srem i64 %inD_read, i64 %sext_ln19" [basic_arith_array.cpp:19]   --->   Operation 186 'srem' 'srem_ln19' <Predicate = true> <Delay = 2.56> <CoreInst = "Divider">   --->   Core 6 'Divider' <Latency = 67> <II = 1> <Delay = 2.56> <FuncUnit> <Opcode : 'sdiv' 'srem' 'udiv' 'urem'> <InPorts = 2> <OutPorts = 1>

State 37 <SV = 36> <Delay = 2.56>
ST_37 : Operation 187 [4/36] (2.14ns)   --->   "%sdiv_ln18 = sdiv i32 %inC_read, i32 %sext_ln16" [basic_arith_array.cpp:18]   --->   Operation 187 'sdiv' 'sdiv_ln18' <Predicate = true> <Delay = 2.14> <CoreInst = "Divider">   --->   Core 6 'Divider' <Latency = 67> <II = 1> <Delay = 2.56> <FuncUnit> <Opcode : 'sdiv' 'srem' 'udiv' 'urem'> <InPorts = 2> <OutPorts = 1>
ST_37 : Operation 188 [36/68] (2.56ns)   --->   "%srem_ln19 = srem i64 %inD_read, i64 %sext_ln19" [basic_arith_array.cpp:19]   --->   Operation 188 'srem' 'srem_ln19' <Predicate = true> <Delay = 2.56> <CoreInst = "Divider">   --->   Core 6 'Divider' <Latency = 67> <II = 1> <Delay = 2.56> <FuncUnit> <Opcode : 'sdiv' 'srem' 'udiv' 'urem'> <InPorts = 2> <OutPorts = 1>

State 38 <SV = 37> <Delay = 2.56>
ST_38 : Operation 189 [3/36] (2.14ns)   --->   "%sdiv_ln18 = sdiv i32 %inC_read, i32 %sext_ln16" [basic_arith_array.cpp:18]   --->   Operation 189 'sdiv' 'sdiv_ln18' <Predicate = true> <Delay = 2.14> <CoreInst = "Divider">   --->   Core 6 'Divider' <Latency = 67> <II = 1> <Delay = 2.56> <FuncUnit> <Opcode : 'sdiv' 'srem' 'udiv' 'urem'> <InPorts = 2> <OutPorts = 1>
ST_38 : Operation 190 [35/68] (2.56ns)   --->   "%srem_ln19 = srem i64 %inD_read, i64 %sext_ln19" [basic_arith_array.cpp:19]   --->   Operation 190 'srem' 'srem_ln19' <Predicate = true> <Delay = 2.56> <CoreInst = "Divider">   --->   Core 6 'Divider' <Latency = 67> <II = 1> <Delay = 2.56> <FuncUnit> <Opcode : 'sdiv' 'srem' 'udiv' 'urem'> <InPorts = 2> <OutPorts = 1>

State 39 <SV = 38> <Delay = 2.56>
ST_39 : Operation 191 [2/36] (2.14ns)   --->   "%sdiv_ln18 = sdiv i32 %inC_read, i32 %sext_ln16" [basic_arith_array.cpp:18]   --->   Operation 191 'sdiv' 'sdiv_ln18' <Predicate = true> <Delay = 2.14> <CoreInst = "Divider">   --->   Core 6 'Divider' <Latency = 67> <II = 1> <Delay = 2.56> <FuncUnit> <Opcode : 'sdiv' 'srem' 'udiv' 'urem'> <InPorts = 2> <OutPorts = 1>
ST_39 : Operation 192 [34/68] (2.56ns)   --->   "%srem_ln19 = srem i64 %inD_read, i64 %sext_ln19" [basic_arith_array.cpp:19]   --->   Operation 192 'srem' 'srem_ln19' <Predicate = true> <Delay = 2.56> <CoreInst = "Divider">   --->   Core 6 'Divider' <Latency = 67> <II = 1> <Delay = 2.56> <FuncUnit> <Opcode : 'sdiv' 'srem' 'udiv' 'urem'> <InPorts = 2> <OutPorts = 1>

State 40 <SV = 39> <Delay = 2.56>
ST_40 : Operation 193 [1/36] (2.14ns)   --->   "%sdiv_ln18 = sdiv i32 %inC_read, i32 %sext_ln16" [basic_arith_array.cpp:18]   --->   Operation 193 'sdiv' 'sdiv_ln18' <Predicate = true> <Delay = 2.14> <CoreInst = "Divider">   --->   Core 6 'Divider' <Latency = 67> <II = 1> <Delay = 2.56> <FuncUnit> <Opcode : 'sdiv' 'srem' 'udiv' 'urem'> <InPorts = 2> <OutPorts = 1>
ST_40 : Operation 194 [1/1] (0.00ns)   --->   "%write_ln18 = write void @_ssdm_op_Write.ap_auto.i32P0A, i32 %out3, i32 %sdiv_ln18" [basic_arith_array.cpp:18]   --->   Operation 194 'write' 'write_ln18' <Predicate = true> <Delay = 0.00>
ST_40 : Operation 195 [33/68] (2.56ns)   --->   "%srem_ln19 = srem i64 %inD_read, i64 %sext_ln19" [basic_arith_array.cpp:19]   --->   Operation 195 'srem' 'srem_ln19' <Predicate = true> <Delay = 2.56> <CoreInst = "Divider">   --->   Core 6 'Divider' <Latency = 67> <II = 1> <Delay = 2.56> <FuncUnit> <Opcode : 'sdiv' 'srem' 'udiv' 'urem'> <InPorts = 2> <OutPorts = 1>

State 41 <SV = 40> <Delay = 2.56>
ST_41 : Operation 196 [32/68] (2.56ns)   --->   "%srem_ln19 = srem i64 %inD_read, i64 %sext_ln19" [basic_arith_array.cpp:19]   --->   Operation 196 'srem' 'srem_ln19' <Predicate = true> <Delay = 2.56> <CoreInst = "Divider">   --->   Core 6 'Divider' <Latency = 67> <II = 1> <Delay = 2.56> <FuncUnit> <Opcode : 'sdiv' 'srem' 'udiv' 'urem'> <InPorts = 2> <OutPorts = 1>

State 42 <SV = 41> <Delay = 2.56>
ST_42 : Operation 197 [31/68] (2.56ns)   --->   "%srem_ln19 = srem i64 %inD_read, i64 %sext_ln19" [basic_arith_array.cpp:19]   --->   Operation 197 'srem' 'srem_ln19' <Predicate = true> <Delay = 2.56> <CoreInst = "Divider">   --->   Core 6 'Divider' <Latency = 67> <II = 1> <Delay = 2.56> <FuncUnit> <Opcode : 'sdiv' 'srem' 'udiv' 'urem'> <InPorts = 2> <OutPorts = 1>

State 43 <SV = 42> <Delay = 2.56>
ST_43 : Operation 198 [30/68] (2.56ns)   --->   "%srem_ln19 = srem i64 %inD_read, i64 %sext_ln19" [basic_arith_array.cpp:19]   --->   Operation 198 'srem' 'srem_ln19' <Predicate = true> <Delay = 2.56> <CoreInst = "Divider">   --->   Core 6 'Divider' <Latency = 67> <II = 1> <Delay = 2.56> <FuncUnit> <Opcode : 'sdiv' 'srem' 'udiv' 'urem'> <InPorts = 2> <OutPorts = 1>

State 44 <SV = 43> <Delay = 2.56>
ST_44 : Operation 199 [29/68] (2.56ns)   --->   "%srem_ln19 = srem i64 %inD_read, i64 %sext_ln19" [basic_arith_array.cpp:19]   --->   Operation 199 'srem' 'srem_ln19' <Predicate = true> <Delay = 2.56> <CoreInst = "Divider">   --->   Core 6 'Divider' <Latency = 67> <II = 1> <Delay = 2.56> <FuncUnit> <Opcode : 'sdiv' 'srem' 'udiv' 'urem'> <InPorts = 2> <OutPorts = 1>

State 45 <SV = 44> <Delay = 2.56>
ST_45 : Operation 200 [28/68] (2.56ns)   --->   "%srem_ln19 = srem i64 %inD_read, i64 %sext_ln19" [basic_arith_array.cpp:19]   --->   Operation 200 'srem' 'srem_ln19' <Predicate = true> <Delay = 2.56> <CoreInst = "Divider">   --->   Core 6 'Divider' <Latency = 67> <II = 1> <Delay = 2.56> <FuncUnit> <Opcode : 'sdiv' 'srem' 'udiv' 'urem'> <InPorts = 2> <OutPorts = 1>

State 46 <SV = 45> <Delay = 2.56>
ST_46 : Operation 201 [27/68] (2.56ns)   --->   "%srem_ln19 = srem i64 %inD_read, i64 %sext_ln19" [basic_arith_array.cpp:19]   --->   Operation 201 'srem' 'srem_ln19' <Predicate = true> <Delay = 2.56> <CoreInst = "Divider">   --->   Core 6 'Divider' <Latency = 67> <II = 1> <Delay = 2.56> <FuncUnit> <Opcode : 'sdiv' 'srem' 'udiv' 'urem'> <InPorts = 2> <OutPorts = 1>

State 47 <SV = 46> <Delay = 2.56>
ST_47 : Operation 202 [26/68] (2.56ns)   --->   "%srem_ln19 = srem i64 %inD_read, i64 %sext_ln19" [basic_arith_array.cpp:19]   --->   Operation 202 'srem' 'srem_ln19' <Predicate = true> <Delay = 2.56> <CoreInst = "Divider">   --->   Core 6 'Divider' <Latency = 67> <II = 1> <Delay = 2.56> <FuncUnit> <Opcode : 'sdiv' 'srem' 'udiv' 'urem'> <InPorts = 2> <OutPorts = 1>

State 48 <SV = 47> <Delay = 2.56>
ST_48 : Operation 203 [25/68] (2.56ns)   --->   "%srem_ln19 = srem i64 %inD_read, i64 %sext_ln19" [basic_arith_array.cpp:19]   --->   Operation 203 'srem' 'srem_ln19' <Predicate = true> <Delay = 2.56> <CoreInst = "Divider">   --->   Core 6 'Divider' <Latency = 67> <II = 1> <Delay = 2.56> <FuncUnit> <Opcode : 'sdiv' 'srem' 'udiv' 'urem'> <InPorts = 2> <OutPorts = 1>

State 49 <SV = 48> <Delay = 2.56>
ST_49 : Operation 204 [24/68] (2.56ns)   --->   "%srem_ln19 = srem i64 %inD_read, i64 %sext_ln19" [basic_arith_array.cpp:19]   --->   Operation 204 'srem' 'srem_ln19' <Predicate = true> <Delay = 2.56> <CoreInst = "Divider">   --->   Core 6 'Divider' <Latency = 67> <II = 1> <Delay = 2.56> <FuncUnit> <Opcode : 'sdiv' 'srem' 'udiv' 'urem'> <InPorts = 2> <OutPorts = 1>

State 50 <SV = 49> <Delay = 2.56>
ST_50 : Operation 205 [23/68] (2.56ns)   --->   "%srem_ln19 = srem i64 %inD_read, i64 %sext_ln19" [basic_arith_array.cpp:19]   --->   Operation 205 'srem' 'srem_ln19' <Predicate = true> <Delay = 2.56> <CoreInst = "Divider">   --->   Core 6 'Divider' <Latency = 67> <II = 1> <Delay = 2.56> <FuncUnit> <Opcode : 'sdiv' 'srem' 'udiv' 'urem'> <InPorts = 2> <OutPorts = 1>

State 51 <SV = 50> <Delay = 2.56>
ST_51 : Operation 206 [22/68] (2.56ns)   --->   "%srem_ln19 = srem i64 %inD_read, i64 %sext_ln19" [basic_arith_array.cpp:19]   --->   Operation 206 'srem' 'srem_ln19' <Predicate = true> <Delay = 2.56> <CoreInst = "Divider">   --->   Core 6 'Divider' <Latency = 67> <II = 1> <Delay = 2.56> <FuncUnit> <Opcode : 'sdiv' 'srem' 'udiv' 'urem'> <InPorts = 2> <OutPorts = 1>

State 52 <SV = 51> <Delay = 2.56>
ST_52 : Operation 207 [21/68] (2.56ns)   --->   "%srem_ln19 = srem i64 %inD_read, i64 %sext_ln19" [basic_arith_array.cpp:19]   --->   Operation 207 'srem' 'srem_ln19' <Predicate = true> <Delay = 2.56> <CoreInst = "Divider">   --->   Core 6 'Divider' <Latency = 67> <II = 1> <Delay = 2.56> <FuncUnit> <Opcode : 'sdiv' 'srem' 'udiv' 'urem'> <InPorts = 2> <OutPorts = 1>

State 53 <SV = 52> <Delay = 2.56>
ST_53 : Operation 208 [20/68] (2.56ns)   --->   "%srem_ln19 = srem i64 %inD_read, i64 %sext_ln19" [basic_arith_array.cpp:19]   --->   Operation 208 'srem' 'srem_ln19' <Predicate = true> <Delay = 2.56> <CoreInst = "Divider">   --->   Core 6 'Divider' <Latency = 67> <II = 1> <Delay = 2.56> <FuncUnit> <Opcode : 'sdiv' 'srem' 'udiv' 'urem'> <InPorts = 2> <OutPorts = 1>

State 54 <SV = 53> <Delay = 2.56>
ST_54 : Operation 209 [19/68] (2.56ns)   --->   "%srem_ln19 = srem i64 %inD_read, i64 %sext_ln19" [basic_arith_array.cpp:19]   --->   Operation 209 'srem' 'srem_ln19' <Predicate = true> <Delay = 2.56> <CoreInst = "Divider">   --->   Core 6 'Divider' <Latency = 67> <II = 1> <Delay = 2.56> <FuncUnit> <Opcode : 'sdiv' 'srem' 'udiv' 'urem'> <InPorts = 2> <OutPorts = 1>

State 55 <SV = 54> <Delay = 2.56>
ST_55 : Operation 210 [18/68] (2.56ns)   --->   "%srem_ln19 = srem i64 %inD_read, i64 %sext_ln19" [basic_arith_array.cpp:19]   --->   Operation 210 'srem' 'srem_ln19' <Predicate = true> <Delay = 2.56> <CoreInst = "Divider">   --->   Core 6 'Divider' <Latency = 67> <II = 1> <Delay = 2.56> <FuncUnit> <Opcode : 'sdiv' 'srem' 'udiv' 'urem'> <InPorts = 2> <OutPorts = 1>

State 56 <SV = 55> <Delay = 2.56>
ST_56 : Operation 211 [17/68] (2.56ns)   --->   "%srem_ln19 = srem i64 %inD_read, i64 %sext_ln19" [basic_arith_array.cpp:19]   --->   Operation 211 'srem' 'srem_ln19' <Predicate = true> <Delay = 2.56> <CoreInst = "Divider">   --->   Core 6 'Divider' <Latency = 67> <II = 1> <Delay = 2.56> <FuncUnit> <Opcode : 'sdiv' 'srem' 'udiv' 'urem'> <InPorts = 2> <OutPorts = 1>

State 57 <SV = 56> <Delay = 2.56>
ST_57 : Operation 212 [16/68] (2.56ns)   --->   "%srem_ln19 = srem i64 %inD_read, i64 %sext_ln19" [basic_arith_array.cpp:19]   --->   Operation 212 'srem' 'srem_ln19' <Predicate = true> <Delay = 2.56> <CoreInst = "Divider">   --->   Core 6 'Divider' <Latency = 67> <II = 1> <Delay = 2.56> <FuncUnit> <Opcode : 'sdiv' 'srem' 'udiv' 'urem'> <InPorts = 2> <OutPorts = 1>

State 58 <SV = 57> <Delay = 2.56>
ST_58 : Operation 213 [15/68] (2.56ns)   --->   "%srem_ln19 = srem i64 %inD_read, i64 %sext_ln19" [basic_arith_array.cpp:19]   --->   Operation 213 'srem' 'srem_ln19' <Predicate = true> <Delay = 2.56> <CoreInst = "Divider">   --->   Core 6 'Divider' <Latency = 67> <II = 1> <Delay = 2.56> <FuncUnit> <Opcode : 'sdiv' 'srem' 'udiv' 'urem'> <InPorts = 2> <OutPorts = 1>

State 59 <SV = 58> <Delay = 2.56>
ST_59 : Operation 214 [14/68] (2.56ns)   --->   "%srem_ln19 = srem i64 %inD_read, i64 %sext_ln19" [basic_arith_array.cpp:19]   --->   Operation 214 'srem' 'srem_ln19' <Predicate = true> <Delay = 2.56> <CoreInst = "Divider">   --->   Core 6 'Divider' <Latency = 67> <II = 1> <Delay = 2.56> <FuncUnit> <Opcode : 'sdiv' 'srem' 'udiv' 'urem'> <InPorts = 2> <OutPorts = 1>

State 60 <SV = 59> <Delay = 2.56>
ST_60 : Operation 215 [13/68] (2.56ns)   --->   "%srem_ln19 = srem i64 %inD_read, i64 %sext_ln19" [basic_arith_array.cpp:19]   --->   Operation 215 'srem' 'srem_ln19' <Predicate = true> <Delay = 2.56> <CoreInst = "Divider">   --->   Core 6 'Divider' <Latency = 67> <II = 1> <Delay = 2.56> <FuncUnit> <Opcode : 'sdiv' 'srem' 'udiv' 'urem'> <InPorts = 2> <OutPorts = 1>

State 61 <SV = 60> <Delay = 2.56>
ST_61 : Operation 216 [12/68] (2.56ns)   --->   "%srem_ln19 = srem i64 %inD_read, i64 %sext_ln19" [basic_arith_array.cpp:19]   --->   Operation 216 'srem' 'srem_ln19' <Predicate = true> <Delay = 2.56> <CoreInst = "Divider">   --->   Core 6 'Divider' <Latency = 67> <II = 1> <Delay = 2.56> <FuncUnit> <Opcode : 'sdiv' 'srem' 'udiv' 'urem'> <InPorts = 2> <OutPorts = 1>

State 62 <SV = 61> <Delay = 2.56>
ST_62 : Operation 217 [11/68] (2.56ns)   --->   "%srem_ln19 = srem i64 %inD_read, i64 %sext_ln19" [basic_arith_array.cpp:19]   --->   Operation 217 'srem' 'srem_ln19' <Predicate = true> <Delay = 2.56> <CoreInst = "Divider">   --->   Core 6 'Divider' <Latency = 67> <II = 1> <Delay = 2.56> <FuncUnit> <Opcode : 'sdiv' 'srem' 'udiv' 'urem'> <InPorts = 2> <OutPorts = 1>

State 63 <SV = 62> <Delay = 2.56>
ST_63 : Operation 218 [10/68] (2.56ns)   --->   "%srem_ln19 = srem i64 %inD_read, i64 %sext_ln19" [basic_arith_array.cpp:19]   --->   Operation 218 'srem' 'srem_ln19' <Predicate = true> <Delay = 2.56> <CoreInst = "Divider">   --->   Core 6 'Divider' <Latency = 67> <II = 1> <Delay = 2.56> <FuncUnit> <Opcode : 'sdiv' 'srem' 'udiv' 'urem'> <InPorts = 2> <OutPorts = 1>

State 64 <SV = 63> <Delay = 2.56>
ST_64 : Operation 219 [9/68] (2.56ns)   --->   "%srem_ln19 = srem i64 %inD_read, i64 %sext_ln19" [basic_arith_array.cpp:19]   --->   Operation 219 'srem' 'srem_ln19' <Predicate = true> <Delay = 2.56> <CoreInst = "Divider">   --->   Core 6 'Divider' <Latency = 67> <II = 1> <Delay = 2.56> <FuncUnit> <Opcode : 'sdiv' 'srem' 'udiv' 'urem'> <InPorts = 2> <OutPorts = 1>

State 65 <SV = 64> <Delay = 2.56>
ST_65 : Operation 220 [8/68] (2.56ns)   --->   "%srem_ln19 = srem i64 %inD_read, i64 %sext_ln19" [basic_arith_array.cpp:19]   --->   Operation 220 'srem' 'srem_ln19' <Predicate = true> <Delay = 2.56> <CoreInst = "Divider">   --->   Core 6 'Divider' <Latency = 67> <II = 1> <Delay = 2.56> <FuncUnit> <Opcode : 'sdiv' 'srem' 'udiv' 'urem'> <InPorts = 2> <OutPorts = 1>

State 66 <SV = 65> <Delay = 2.56>
ST_66 : Operation 221 [7/68] (2.56ns)   --->   "%srem_ln19 = srem i64 %inD_read, i64 %sext_ln19" [basic_arith_array.cpp:19]   --->   Operation 221 'srem' 'srem_ln19' <Predicate = true> <Delay = 2.56> <CoreInst = "Divider">   --->   Core 6 'Divider' <Latency = 67> <II = 1> <Delay = 2.56> <FuncUnit> <Opcode : 'sdiv' 'srem' 'udiv' 'urem'> <InPorts = 2> <OutPorts = 1>

State 67 <SV = 66> <Delay = 2.56>
ST_67 : Operation 222 [6/68] (2.56ns)   --->   "%srem_ln19 = srem i64 %inD_read, i64 %sext_ln19" [basic_arith_array.cpp:19]   --->   Operation 222 'srem' 'srem_ln19' <Predicate = true> <Delay = 2.56> <CoreInst = "Divider">   --->   Core 6 'Divider' <Latency = 67> <II = 1> <Delay = 2.56> <FuncUnit> <Opcode : 'sdiv' 'srem' 'udiv' 'urem'> <InPorts = 2> <OutPorts = 1>

State 68 <SV = 67> <Delay = 2.56>
ST_68 : Operation 223 [5/68] (2.56ns)   --->   "%srem_ln19 = srem i64 %inD_read, i64 %sext_ln19" [basic_arith_array.cpp:19]   --->   Operation 223 'srem' 'srem_ln19' <Predicate = true> <Delay = 2.56> <CoreInst = "Divider">   --->   Core 6 'Divider' <Latency = 67> <II = 1> <Delay = 2.56> <FuncUnit> <Opcode : 'sdiv' 'srem' 'udiv' 'urem'> <InPorts = 2> <OutPorts = 1>

State 69 <SV = 68> <Delay = 2.56>
ST_69 : Operation 224 [4/68] (2.56ns)   --->   "%srem_ln19 = srem i64 %inD_read, i64 %sext_ln19" [basic_arith_array.cpp:19]   --->   Operation 224 'srem' 'srem_ln19' <Predicate = true> <Delay = 2.56> <CoreInst = "Divider">   --->   Core 6 'Divider' <Latency = 67> <II = 1> <Delay = 2.56> <FuncUnit> <Opcode : 'sdiv' 'srem' 'udiv' 'urem'> <InPorts = 2> <OutPorts = 1>

State 70 <SV = 69> <Delay = 2.56>
ST_70 : Operation 225 [3/68] (2.56ns)   --->   "%srem_ln19 = srem i64 %inD_read, i64 %sext_ln19" [basic_arith_array.cpp:19]   --->   Operation 225 'srem' 'srem_ln19' <Predicate = true> <Delay = 2.56> <CoreInst = "Divider">   --->   Core 6 'Divider' <Latency = 67> <II = 1> <Delay = 2.56> <FuncUnit> <Opcode : 'sdiv' 'srem' 'udiv' 'urem'> <InPorts = 2> <OutPorts = 1>

State 71 <SV = 70> <Delay = 2.56>
ST_71 : Operation 226 [2/68] (2.56ns)   --->   "%srem_ln19 = srem i64 %inD_read, i64 %sext_ln19" [basic_arith_array.cpp:19]   --->   Operation 226 'srem' 'srem_ln19' <Predicate = true> <Delay = 2.56> <CoreInst = "Divider">   --->   Core 6 'Divider' <Latency = 67> <II = 1> <Delay = 2.56> <FuncUnit> <Opcode : 'sdiv' 'srem' 'udiv' 'urem'> <InPorts = 2> <OutPorts = 1>

State 72 <SV = 71> <Delay = 2.56>
ST_72 : Operation 227 [1/1] (0.00ns)   --->   "%speclooptripcount_ln14 = speclooptripcount void @_ssdm_op_SpecLoopTripCount, i64 1, i64 20, i64 10" [basic_arith_array.cpp:14]   --->   Operation 227 'speclooptripcount' 'speclooptripcount_ln14' <Predicate = true> <Delay = 0.00>
ST_72 : Operation 228 [1/1] (0.00ns)   --->   "%specloopname_ln14 = specloopname void @_ssdm_op_SpecLoopName, void @empty_2" [basic_arith_array.cpp:14]   --->   Operation 228 'specloopname' 'specloopname_ln14' <Predicate = true> <Delay = 0.00>
ST_72 : Operation 229 [1/68] (2.56ns)   --->   "%srem_ln19 = srem i64 %inD_read, i64 %sext_ln19" [basic_arith_array.cpp:19]   --->   Operation 229 'srem' 'srem_ln19' <Predicate = true> <Delay = 2.56> <CoreInst = "Divider">   --->   Core 6 'Divider' <Latency = 67> <II = 1> <Delay = 2.56> <FuncUnit> <Opcode : 'sdiv' 'srem' 'udiv' 'urem'> <InPorts = 2> <OutPorts = 1>
ST_72 : Operation 230 [1/1] (0.00ns)   --->   "%write_ln19 = write void @_ssdm_op_Write.ap_auto.i64P0A, i64 %out4, i64 %srem_ln19" [basic_arith_array.cpp:19]   --->   Operation 230 'write' 'write_ln19' <Predicate = true> <Delay = 0.00>
ST_72 : Operation 231 [1/1] (0.00ns)   --->   "%br_ln0 = br void"   --->   Operation 231 'br' 'br_ln0' <Predicate = true> <Delay = 0.00>

State 73 <SV = 5> <Delay = 0.00>
ST_73 : Operation 232 [1/1] (0.00ns)   --->   "%ret_ln21 = ret" [basic_arith_array.cpp:21]   --->   Operation 232 'ret' 'ret_ln21' <Predicate = true> <Delay = 0.00>


============================================================
+ Verbose Summary: Timing violations
============================================================
Target clock period: 10ns, clock uncertainty: 2.7ns.

 <State 1>: 1.54ns
The critical path consists of the following:
	wire read operation ('inA_read', basic_arith_array.cpp:16) on port 'inA' (basic_arith_array.cpp:16) [32]  (0 ns)
	'mul' operation of DSP[39] ('mul_ln16', basic_arith_array.cpp:16) [39]  (1.54 ns)

 <State 2>: 1.54ns
The critical path consists of the following:
	'mul' operation of DSP[39] ('mul_ln16', basic_arith_array.cpp:16) [39]  (1.54 ns)

 <State 3>: 1.54ns
The critical path consists of the following:
	'mul' operation of DSP[39] ('mul_ln16', basic_arith_array.cpp:16) [39]  (1.54 ns)

 <State 4>: 1.31ns
The critical path consists of the following:
	'add' operation ('add_ln17', basic_arith_array.cpp:17) [41]  (1.31 ns)

 <State 5>: 2.66ns
The critical path consists of the following:
	'load' operation ('i', basic_arith_array.cpp:14) on local variable 'i' [49]  (0 ns)
	'add' operation ('i', basic_arith_array.cpp:14) [52]  (1.81 ns)
	'store' operation ('store_ln14', basic_arith_array.cpp:14) of variable 'i', basic_arith_array.cpp:14 on local variable 'i' [63]  (0.844 ns)

 <State 6>: 2.57ns
The critical path consists of the following:
	'srem' operation ('srem_ln19', basic_arith_array.cpp:19) [61]  (2.57 ns)

 <State 7>: 2.57ns
The critical path consists of the following:
	'srem' operation ('srem_ln19', basic_arith_array.cpp:19) [61]  (2.57 ns)

 <State 8>: 2.57ns
The critical path consists of the following:
	'srem' operation ('srem_ln19', basic_arith_array.cpp:19) [61]  (2.57 ns)

 <State 9>: 2.57ns
The critical path consists of the following:
	'srem' operation ('srem_ln19', basic_arith_array.cpp:19) [61]  (2.57 ns)

 <State 10>: 2.57ns
The critical path consists of the following:
	'srem' operation ('srem_ln19', basic_arith_array.cpp:19) [61]  (2.57 ns)

 <State 11>: 2.57ns
The critical path consists of the following:
	'srem' operation ('srem_ln19', basic_arith_array.cpp:19) [61]  (2.57 ns)

 <State 12>: 2.57ns
The critical path consists of the following:
	'srem' operation ('srem_ln19', basic_arith_array.cpp:19) [61]  (2.57 ns)

 <State 13>: 2.57ns
The critical path consists of the following:
	'srem' operation ('srem_ln19', basic_arith_array.cpp:19) [61]  (2.57 ns)

 <State 14>: 2.57ns
The critical path consists of the following:
	'srem' operation ('srem_ln19', basic_arith_array.cpp:19) [61]  (2.57 ns)

 <State 15>: 2.57ns
The critical path consists of the following:
	'srem' operation ('srem_ln19', basic_arith_array.cpp:19) [61]  (2.57 ns)

 <State 16>: 2.57ns
The critical path consists of the following:
	'srem' operation ('srem_ln19', basic_arith_array.cpp:19) [61]  (2.57 ns)

 <State 17>: 2.57ns
The critical path consists of the following:
	'srem' operation ('srem_ln19', basic_arith_array.cpp:19) [61]  (2.57 ns)

 <State 18>: 2.57ns
The critical path consists of the following:
	'srem' operation ('srem_ln19', basic_arith_array.cpp:19) [61]  (2.57 ns)

 <State 19>: 2.57ns
The critical path consists of the following:
	'srem' operation ('srem_ln19', basic_arith_array.cpp:19) [61]  (2.57 ns)

 <State 20>: 2.57ns
The critical path consists of the following:
	'srem' operation ('srem_ln19', basic_arith_array.cpp:19) [61]  (2.57 ns)

 <State 21>: 2.57ns
The critical path consists of the following:
	'srem' operation ('srem_ln19', basic_arith_array.cpp:19) [61]  (2.57 ns)

 <State 22>: 2.57ns
The critical path consists of the following:
	'srem' operation ('srem_ln19', basic_arith_array.cpp:19) [61]  (2.57 ns)

 <State 23>: 2.57ns
The critical path consists of the following:
	'srem' operation ('srem_ln19', basic_arith_array.cpp:19) [61]  (2.57 ns)

 <State 24>: 2.57ns
The critical path consists of the following:
	'srem' operation ('srem_ln19', basic_arith_array.cpp:19) [61]  (2.57 ns)

 <State 25>: 2.57ns
The critical path consists of the following:
	'srem' operation ('srem_ln19', basic_arith_array.cpp:19) [61]  (2.57 ns)

 <State 26>: 2.57ns
The critical path consists of the following:
	'srem' operation ('srem_ln19', basic_arith_array.cpp:19) [61]  (2.57 ns)

 <State 27>: 2.57ns
The critical path consists of the following:
	'srem' operation ('srem_ln19', basic_arith_array.cpp:19) [61]  (2.57 ns)

 <State 28>: 2.57ns
The critical path consists of the following:
	'srem' operation ('srem_ln19', basic_arith_array.cpp:19) [61]  (2.57 ns)

 <State 29>: 2.57ns
The critical path consists of the following:
	'srem' operation ('srem_ln19', basic_arith_array.cpp:19) [61]  (2.57 ns)

 <State 30>: 2.57ns
The critical path consists of the following:
	'srem' operation ('srem_ln19', basic_arith_array.cpp:19) [61]  (2.57 ns)

 <State 31>: 2.57ns
The critical path consists of the following:
	'srem' operation ('srem_ln19', basic_arith_array.cpp:19) [61]  (2.57 ns)

 <State 32>: 2.57ns
The critical path consists of the following:
	'srem' operation ('srem_ln19', basic_arith_array.cpp:19) [61]  (2.57 ns)

 <State 33>: 2.57ns
The critical path consists of the following:
	'srem' operation ('srem_ln19', basic_arith_array.cpp:19) [61]  (2.57 ns)

 <State 34>: 2.57ns
The critical path consists of the following:
	'srem' operation ('srem_ln19', basic_arith_array.cpp:19) [61]  (2.57 ns)

 <State 35>: 2.57ns
The critical path consists of the following:
	'srem' operation ('srem_ln19', basic_arith_array.cpp:19) [61]  (2.57 ns)

 <State 36>: 2.57ns
The critical path consists of the following:
	'srem' operation ('srem_ln19', basic_arith_array.cpp:19) [61]  (2.57 ns)

 <State 37>: 2.57ns
The critical path consists of the following:
	'srem' operation ('srem_ln19', basic_arith_array.cpp:19) [61]  (2.57 ns)

 <State 38>: 2.57ns
The critical path consists of the following:
	'srem' operation ('srem_ln19', basic_arith_array.cpp:19) [61]  (2.57 ns)

 <State 39>: 2.57ns
The critical path consists of the following:
	'srem' operation ('srem_ln19', basic_arith_array.cpp:19) [61]  (2.57 ns)

 <State 40>: 2.57ns
The critical path consists of the following:
	'srem' operation ('srem_ln19', basic_arith_array.cpp:19) [61]  (2.57 ns)

 <State 41>: 2.57ns
The critical path consists of the following:
	'srem' operation ('srem_ln19', basic_arith_array.cpp:19) [61]  (2.57 ns)

 <State 42>: 2.57ns
The critical path consists of the following:
	'srem' operation ('srem_ln19', basic_arith_array.cpp:19) [61]  (2.57 ns)

 <State 43>: 2.57ns
The critical path consists of the following:
	'srem' operation ('srem_ln19', basic_arith_array.cpp:19) [61]  (2.57 ns)

 <State 44>: 2.57ns
The critical path consists of the following:
	'srem' operation ('srem_ln19', basic_arith_array.cpp:19) [61]  (2.57 ns)

 <State 45>: 2.57ns
The critical path consists of the following:
	'srem' operation ('srem_ln19', basic_arith_array.cpp:19) [61]  (2.57 ns)

 <State 46>: 2.57ns
The critical path consists of the following:
	'srem' operation ('srem_ln19', basic_arith_array.cpp:19) [61]  (2.57 ns)

 <State 47>: 2.57ns
The critical path consists of the following:
	'srem' operation ('srem_ln19', basic_arith_array.cpp:19) [61]  (2.57 ns)

 <State 48>: 2.57ns
The critical path consists of the following:
	'srem' operation ('srem_ln19', basic_arith_array.cpp:19) [61]  (2.57 ns)

 <State 49>: 2.57ns
The critical path consists of the following:
	'srem' operation ('srem_ln19', basic_arith_array.cpp:19) [61]  (2.57 ns)

 <State 50>: 2.57ns
The critical path consists of the following:
	'srem' operation ('srem_ln19', basic_arith_array.cpp:19) [61]  (2.57 ns)

 <State 51>: 2.57ns
The critical path consists of the following:
	'srem' operation ('srem_ln19', basic_arith_array.cpp:19) [61]  (2.57 ns)

 <State 52>: 2.57ns
The critical path consists of the following:
	'srem' operation ('srem_ln19', basic_arith_array.cpp:19) [61]  (2.57 ns)

 <State 53>: 2.57ns
The critical path consists of the following:
	'srem' operation ('srem_ln19', basic_arith_array.cpp:19) [61]  (2.57 ns)

 <State 54>: 2.57ns
The critical path consists of the following:
	'srem' operation ('srem_ln19', basic_arith_array.cpp:19) [61]  (2.57 ns)

 <State 55>: 2.57ns
The critical path consists of the following:
	'srem' operation ('srem_ln19', basic_arith_array.cpp:19) [61]  (2.57 ns)

 <State 56>: 2.57ns
The critical path consists of the following:
	'srem' operation ('srem_ln19', basic_arith_array.cpp:19) [61]  (2.57 ns)

 <State 57>: 2.57ns
The critical path consists of the following:
	'srem' operation ('srem_ln19', basic_arith_array.cpp:19) [61]  (2.57 ns)

 <State 58>: 2.57ns
The critical path consists of the following:
	'srem' operation ('srem_ln19', basic_arith_array.cpp:19) [61]  (2.57 ns)

 <State 59>: 2.57ns
The critical path consists of the following:
	'srem' operation ('srem_ln19', basic_arith_array.cpp:19) [61]  (2.57 ns)

 <State 60>: 2.57ns
The critical path consists of the following:
	'srem' operation ('srem_ln19', basic_arith_array.cpp:19) [61]  (2.57 ns)

 <State 61>: 2.57ns
The critical path consists of the following:
	'srem' operation ('srem_ln19', basic_arith_array.cpp:19) [61]  (2.57 ns)

 <State 62>: 2.57ns
The critical path consists of the following:
	'srem' operation ('srem_ln19', basic_arith_array.cpp:19) [61]  (2.57 ns)

 <State 63>: 2.57ns
The critical path consists of the following:
	'srem' operation ('srem_ln19', basic_arith_array.cpp:19) [61]  (2.57 ns)

 <State 64>: 2.57ns
The critical path consists of the following:
	'srem' operation ('srem_ln19', basic_arith_array.cpp:19) [61]  (2.57 ns)

 <State 65>: 2.57ns
The critical path consists of the following:
	'srem' operation ('srem_ln19', basic_arith_array.cpp:19) [61]  (2.57 ns)

 <State 66>: 2.57ns
The critical path consists of the following:
	'srem' operation ('srem_ln19', basic_arith_array.cpp:19) [61]  (2.57 ns)

 <State 67>: 2.57ns
The critical path consists of the following:
	'srem' operation ('srem_ln19', basic_arith_array.cpp:19) [61]  (2.57 ns)

 <State 68>: 2.57ns
The critical path consists of the following:
	'srem' operation ('srem_ln19', basic_arith_array.cpp:19) [61]  (2.57 ns)

 <State 69>: 2.57ns
The critical path consists of the following:
	'srem' operation ('srem_ln19', basic_arith_array.cpp:19) [61]  (2.57 ns)

 <State 70>: 2.57ns
The critical path consists of the following:
	'srem' operation ('srem_ln19', basic_arith_array.cpp:19) [61]  (2.57 ns)

 <State 71>: 2.57ns
The critical path consists of the following:
	'srem' operation ('srem_ln19', basic_arith_array.cpp:19) [61]  (2.57 ns)

 <State 72>: 2.57ns
The critical path consists of the following:
	'srem' operation ('srem_ln19', basic_arith_array.cpp:19) [61]  (2.57 ns)

 <State 73>: 0ns
The critical path consists of the following:


============================================================
+ Verbose Summary: Binding
============================================================
N/A
* FSMD analyzer results:
  - Output states:
 - Input state : 
  - Chain level:
	State 1
	State 2
	State 3
	State 4
	State 5
	State 6
	State 7
	State 8
	State 9
	State 10
	State 11
	State 12
	State 13
	State 14
	State 15
	State 16
	State 17
	State 18
	State 19
	State 20
	State 21
	State 22
	State 23
	State 24
	State 25
	State 26
	State 27
	State 28
	State 29
	State 30
	State 31
	State 32
	State 33
	State 34
	State 35
	State 36
	State 37
	State 38
	State 39
	State 40
	State 41
	State 42
	State 43
	State 44
	State 45
	State 46
	State 47
	State 48
	State 49
	State 50
	State 51
	State 52
	State 53
	State 54
	State 55
	State 56
	State 57
	State 58
	State 59
	State 60
	State 61
	State 62
	State 63
	State 64
	State 65
	State 66
	State 67
	State 68
	State 69
	State 70
	State 71
	State 72
	State 73


============================================================
+ Verbose Summary: Datapath Resource usage 
============================================================
N/A
