

================================================================
== Vitis HLS Report for 'arr_mult_2d'
================================================================
* Date:           Mon Mar 31 16:20:49 2025

* Version:        2021.1 (Build 3247384 on Thu Jun 10 19:36:07 MDT 2021)
* Project:        assigment5_2d
* Solution:       solution1 (Vivado IP Flow Target)
* Product family: virtex7
* Target device:  xc7v585t-ffg1761-2


================================================================
== Performance Estimates
================================================================
+ Timing: 
    * Summary: 
    +--------+----------+----------+------------+
    |  Clock |  Target  | Estimated| Uncertainty|
    +--------+----------+----------+------------+
    |ap_clk  |  10.00 ns|  6.977 ns|     2.70 ns|
    +--------+----------+----------+------------+

+ Latency: 
    * Summary: 
    +---------+---------+-----------+-----------+------+------+---------+
    |  Latency (cycles) |   Latency (absolute)  |   Interval  | Pipeline|
    |   min   |   max   |    min    |    max    |  min |  max |   Type  |
    +---------+---------+-----------+-----------+------+------+---------+
    |     2403|     2403|  24.030 us|  24.030 us|  2404|  2404|       no|
    +---------+---------+-----------+-----------+------+------+---------+

    + Detail: 
        * Instance: 
        N/A

        * Loop: 
        +-----------------------------------+---------+---------+----------+-----------+-----------+------+----------+
        |                                   |  Latency (cycles) | Iteration|  Initiation Interval  | Trip |          |
        |             Loop Name             |   min   |   max   |  Latency |  achieved |   target  | Count| Pipelined|
        +-----------------------------------+---------+---------+----------+-----------+-----------+------+----------+
        |- VITIS_LOOP_21_1_VITIS_LOOP_22_2  |     2401|     2401|        14|         12|          1|   200|       yes|
        +-----------------------------------+---------+---------+----------+-----------+-----------+------+----------+



================================================================
== Utilization Estimates
================================================================
* Summary: 
+-----------------+---------+------+--------+--------+-----+
|       Name      | BRAM_18K|  DSP |   FF   |   LUT  | URAM|
+-----------------+---------+------+--------+--------+-----+
|DSP              |        -|     1|       -|       -|    -|
|Expression       |        -|     -|       0|     328|    -|
|FIFO             |        -|     -|       -|       -|    -|
|Instance         |        0|     0|      36|    1489|    -|
|Memory           |        -|     -|       -|       -|    -|
|Multiplexer      |        -|     -|       -|    2369|    -|
|Register         |        -|     -|     566|       -|    -|
+-----------------+---------+------+--------+--------+-----+
|Total            |        0|     1|     602|    4186|    0|
+-----------------+---------+------+--------+--------+-----+
|Available        |     1590|  1260|  728400|  364200|    0|
+-----------------+---------+------+--------+--------+-----+
|Utilization (%)  |        0|    ~0|      ~0|       1|    0|
+-----------------+---------+------+--------+--------+-----+

+ Detail: 
    * Instance: 
    +------------------------+--------------------+---------+----+----+----+-----+
    |        Instance        |       Module       | BRAM_18K| DSP| FF | LUT| URAM|
    +------------------------+--------------------+---------+----+----+----+-----+
    |control_s_axi_U         |control_s_axi       |        0|   0|  36|  40|    0|
    |mul_10s_10s_10_1_1_U1   |mul_10s_10s_10_1_1  |        0|   0|   0|  63|    0|
    |mul_10s_10s_10_1_1_U2   |mul_10s_10s_10_1_1  |        0|   0|   0|  63|    0|
    |mul_10s_10s_10_1_1_U3   |mul_10s_10s_10_1_1  |        0|   0|   0|  63|    0|
    |mul_10s_10s_10_1_1_U4   |mul_10s_10s_10_1_1  |        0|   0|   0|  63|    0|
    |mul_10s_10s_10_1_1_U5   |mul_10s_10s_10_1_1  |        0|   0|   0|  63|    0|
    |mul_10s_10s_10_1_1_U6   |mul_10s_10s_10_1_1  |        0|   0|   0|  63|    0|
    |mul_10s_10s_10_1_1_U7   |mul_10s_10s_10_1_1  |        0|   0|   0|  63|    0|
    |mul_10s_10s_10_1_1_U8   |mul_10s_10s_10_1_1  |        0|   0|   0|  63|    0|
    |mul_10s_10s_10_1_1_U9   |mul_10s_10s_10_1_1  |        0|   0|   0|  63|    0|
    |mul_10s_10s_10_1_1_U10  |mul_10s_10s_10_1_1  |        0|   0|   0|  63|    0|
    |mul_10s_10s_10_1_1_U11  |mul_10s_10s_10_1_1  |        0|   0|   0|  63|    0|
    |mul_10s_10s_10_1_1_U12  |mul_10s_10s_10_1_1  |        0|   0|   0|  63|    0|
    |mul_10s_10s_10_1_1_U13  |mul_10s_10s_10_1_1  |        0|   0|   0|  63|    0|
    |mul_10s_10s_10_1_1_U14  |mul_10s_10s_10_1_1  |        0|   0|   0|  63|    0|
    |mul_10s_10s_10_1_1_U15  |mul_10s_10s_10_1_1  |        0|   0|   0|  63|    0|
    |mul_10s_10s_10_1_1_U16  |mul_10s_10s_10_1_1  |        0|   0|   0|  63|    0|
    |mul_10s_10s_10_1_1_U17  |mul_10s_10s_10_1_1  |        0|   0|   0|  63|    0|
    |mul_10s_10s_10_1_1_U18  |mul_10s_10s_10_1_1  |        0|   0|   0|  63|    0|
    |mul_10s_10s_10_1_1_U19  |mul_10s_10s_10_1_1  |        0|   0|   0|  63|    0|
    |mul_10s_10s_10_1_1_U20  |mul_10s_10s_10_1_1  |        0|   0|   0|  63|    0|
    |mul_10s_10s_10_1_1_U21  |mul_10s_10s_10_1_1  |        0|   0|   0|  63|    0|
    |mul_10s_10s_10_1_1_U22  |mul_10s_10s_10_1_1  |        0|   0|   0|  63|    0|
    |mul_10s_10s_10_1_1_U23  |mul_10s_10s_10_1_1  |        0|   0|   0|  63|    0|
    +------------------------+--------------------+---------+----+----+----+-----+
    |Total                   |                    |        0|   0|  36|1489|    0|
    +------------------------+--------------------+---------+----+----+----+-----+

    * DSP: 
    +------------------------------------+--------------------------------+--------------+
    |              Instance              |             Module             |  Expression  |
    +------------------------------------+--------------------------------+--------------+
    |mac_muladd_10s_10s_10ns_10_4_1_U24  |mac_muladd_10s_10s_10ns_10_4_1  |  i0 + i1 * i2|
    +------------------------------------+--------------------------------+--------------+

    * Memory: 
    N/A

    * FIFO: 
    N/A

    * Expression: 
    +----------------------------+----------+----+---+----+------------+------------+
    |        Variable Name       | Operation| DSP| FF| LUT| Bitwidth P0| Bitwidth P1|
    +----------------------------+----------+----+---+----+------------+------------+
    |add_ln1057_fu_3534_p2       |         +|   0|  0|  15|           8|           1|
    |add_ln870_10_fu_3935_p2     |         +|   0|  0|  10|          10|          10|
    |add_ln870_11_fu_3962_p2     |         +|   0|  0|  10|          10|          10|
    |add_ln870_12_fu_4027_p2     |         +|   0|  0|  10|          10|          10|
    |add_ln870_13_fu_3766_p2     |         +|   0|  0|  10|          10|          10|
    |add_ln870_14_fu_3771_p2     |         +|   0|  0|  10|          10|          10|
    |add_ln870_15_fu_3794_p2     |         +|   0|  0|  10|          10|          10|
    |add_ln870_16_fu_3799_p2     |         +|   0|  0|  10|          10|          10|
    |add_ln870_17_fu_3869_p2     |         +|   0|  0|  10|          10|          10|
    |add_ln870_18_fu_3841_p2     |         +|   0|  0|  17|          10|          10|
    |add_ln870_19_fu_3873_p2     |         +|   0|  0|  10|          10|          10|
    |add_ln870_1_fu_3708_p2      |         +|   0|  0|  13|           4|           1|
    |add_ln870_21_fu_3846_p2     |         +|   0|  0|  17|          10|          10|
    |add_ln870_22_fu_3877_p2     |         +|   0|  0|  10|          10|          10|
    |add_ln870_23_fu_3882_p2     |         +|   0|  0|  10|          10|          10|
    |add_ln870_24_fu_4032_p2     |         +|   0|  0|  10|          10|          10|
    |add_ln870_2_fu_4013_p2      |         +|   0|  0|  17|          10|          10|
    |add_ln870_3_fu_4018_p2      |         +|   0|  0|  10|          10|          10|
    |add_ln870_4_fu_3985_p2      |         +|   0|  0|  10|          10|          10|
    |add_ln870_5_fu_3990_p2      |         +|   0|  0|  10|          10|          10|
    |add_ln870_6_fu_4022_p2      |         +|   0|  0|  10|          10|          10|
    |add_ln870_7_fu_3906_p2      |         +|   0|  0|  17|          10|          10|
    |add_ln870_8_fu_3958_p2      |         +|   0|  0|  10|          10|          10|
    |add_ln870_9_fu_3929_p2      |         +|   0|  0|  10|          10|          10|
    |add_ln870_fu_3560_p2        |         +|   0|  0|  13|           5|           1|
    |ap_condition_1191           |       and|   0|  0|   2|           1|           1|
    |ap_condition_1777           |       and|   0|  0|   2|           1|           1|
    |ap_condition_2396           |       and|   0|  0|   2|           1|           1|
    |ap_condition_2404           |       and|   0|  0|   2|           1|           1|
    |icmp_ln1057_1_fu_3546_p2    |      icmp|   0|  0|   9|           4|           4|
    |icmp_ln1057_fu_3528_p2      |      icmp|   0|  0|  11|           8|           7|
    |select_ln1057_1_fu_3566_p3  |    select|   0|  0|   5|           1|           5|
    |select_ln1057_fu_3552_p3    |    select|   0|  0|   4|           1|           1|
    |ap_enable_pp0               |       xor|   0|  0|   2|           1|           2|
    +----------------------------+----------+----+---+----+------------+------------+
    |Total                       |          |   0|  0| 328|         256|         246|
    +----------------------------+----------+----+---+----+------------+------------+

    * Multiplexer: 
    +--------------------------------------------+----+-----------+-----+-----------+
    |                    Name                    | LUT| Input Size| Bits| Total Bits|
    +--------------------------------------------+----+-----------+-----+-----------+
    |ap_NS_fsm                                   |  53|         13|    1|         13|
    |ap_done_int                                 |   9|          2|    1|          2|
    |ap_enable_reg_pp0_iter0                     |   9|          2|    1|          2|
    |ap_enable_reg_pp0_iter0_reg                 |   9|          2|    1|          2|
    |ap_enable_reg_pp0_iter1                     |   9|          2|    1|          2|
    |ap_phi_mux_phi_ln870_10_phi_fu_3058_p20     |  45|         11|   32|        352|
    |ap_phi_mux_phi_ln870_11_phi_fu_3093_p20     |  45|         11|   32|        352|
    |ap_phi_mux_phi_ln870_12_phi_fu_3128_p20     |  45|         11|   32|        352|
    |ap_phi_mux_phi_ln870_13_phi_fu_3163_p20     |  45|         11|   32|        352|
    |ap_phi_mux_phi_ln870_14_phi_fu_3198_p20     |  45|         11|   32|        352|
    |ap_phi_mux_phi_ln870_15_phi_fu_3233_p20     |  45|         11|   32|        352|
    |ap_phi_mux_phi_ln870_16_phi_fu_3268_p20     |  45|         11|   32|        352|
    |ap_phi_mux_phi_ln870_17_phi_fu_3303_p20     |  45|         11|   32|        352|
    |ap_phi_mux_phi_ln870_18_phi_fu_3338_p20     |  45|         11|   32|        352|
    |ap_phi_mux_phi_ln870_19_phi_fu_3373_p20     |  45|         11|   32|        352|
    |ap_phi_mux_phi_ln870_1_phi_fu_2753_p20      |  45|         11|   32|        352|
    |ap_phi_mux_phi_ln870_20_phi_fu_3408_p20     |  45|         11|   32|        352|
    |ap_phi_mux_phi_ln870_21_phi_fu_3443_p20     |  45|         11|   32|        352|
    |ap_phi_mux_phi_ln870_22_phi_fu_3478_p20     |  45|         11|   32|        352|
    |ap_phi_mux_phi_ln870_2_phi_fu_2813_p20      |  45|         11|   32|        352|
    |ap_phi_mux_phi_ln870_3_phi_fu_2848_p20      |  45|         11|   32|        352|
    |ap_phi_mux_phi_ln870_4_phi_fu_2883_p20      |  45|         11|   32|        352|
    |ap_phi_mux_phi_ln870_5_phi_fu_2918_p20      |  45|         11|   32|        352|
    |ap_phi_mux_phi_ln870_6_phi_fu_2953_p20      |  45|         11|   32|        352|
    |ap_phi_mux_phi_ln870_7_phi_fu_2988_p20      |  45|         11|   32|        352|
    |ap_phi_mux_phi_ln870_8_phi_fu_3023_p20      |  45|         11|   32|        352|
    |ap_phi_mux_phi_ln870_9_phi_fu_2683_p20      |  45|         11|   32|        352|
    |ap_phi_mux_phi_ln870_phi_fu_2718_p20        |  45|         11|   32|        352|
    |ap_phi_reg_pp0_iter0_phi_ln870_23_reg_2785  |  41|         10|   32|        320|
    |ap_sig_allocacmp_i_V_load                   |   9|          2|    5|         10|
    |ap_sig_allocacmp_indvar_flatten_load        |   9|          2|    8|         16|
    |ap_sig_allocacmp_j_V_load                   |   9|          2|    4|          8|
    |i_V_fu_210                                  |   9|          2|    5|         10|
    |inB_0_Addr_A_orig                           |  53|         13|   32|        416|
    |inB_0_Addr_B_orig                           |  53|         13|   32|        416|
    |inB_1_Addr_A_orig                           |  53|         13|   32|        416|
    |inB_1_Addr_B_orig                           |  53|         13|   32|        416|
    |inB_2_Addr_A_orig                           |  53|         13|   32|        416|
    |inB_2_Addr_B_orig                           |  53|         13|   32|        416|
    |inB_3_Addr_A_orig                           |  53|         13|   32|        416|
    |inB_3_Addr_B_orig                           |  53|         13|   32|        416|
    |inB_4_Addr_A_orig                           |  53|         13|   32|        416|
    |inB_4_Addr_B_orig                           |  53|         13|   32|        416|
    |inB_5_Addr_A_orig                           |  53|         13|   32|        416|
    |inB_5_Addr_B_orig                           |  53|         13|   32|        416|
    |inB_6_Addr_A_orig                           |  53|         13|   32|        416|
    |inB_6_Addr_B_orig                           |  53|         13|   32|        416|
    |inB_7_Addr_A_orig                           |  53|         13|   32|        416|
    |inB_7_Addr_B_orig                           |  53|         13|   32|        416|
    |inB_8_Addr_A_orig                           |  53|         13|   32|        416|
    |inB_8_Addr_B_orig                           |  53|         13|   32|        416|
    |inB_9_Addr_A_orig                           |  53|         13|   32|        416|
    |inB_9_Addr_B_orig                           |  53|         13|   32|        416|
    |indvar_flatten_fu_214                       |   9|          2|    8|         16|
    |j_V_fu_206                                  |   9|          2|    4|          8|
    |out_0_WEN_A                                 |   9|          2|    3|          6|
    |out_1_WEN_A                                 |   9|          2|    3|          6|
    |out_2_WEN_A                                 |   9|          2|    3|          6|
    |out_3_WEN_A                                 |   9|          2|    3|          6|
    |out_4_WEN_A                                 |   9|          2|    3|          6|
    |out_5_WEN_A                                 |   9|          2|    3|          6|
    |out_6_WEN_A                                 |   9|          2|    3|          6|
    |out_7_WEN_A                                 |   9|          2|    3|          6|
    |out_8_WEN_A                                 |   9|          2|    3|          6|
    |out_9_WEN_A                                 |   9|          2|    3|          6|
    +--------------------------------------------+----+-----------+-----+-----------+
    |Total                                       |2369|        576| 1477|      16885|
    +--------------------------------------------+----+-----------+-----+-----------+

    * Register: 
    +--------------------------------------------+----+----+-----+-----------+
    |                    Name                    | FF | LUT| Bits| Const Bits|
    +--------------------------------------------+----+----+-----+-----------+
    |add_ln1057_reg_5318                         |   8|   0|    8|          0|
    |add_ln870_10_reg_5717                       |  10|   0|   10|          0|
    |add_ln870_11_reg_5732                       |  10|   0|   10|          0|
    |add_ln870_14_reg_5657                       |  10|   0|   10|          0|
    |add_ln870_16_reg_5662                       |  10|   0|   10|          0|
    |add_ln870_18_reg_5682                       |  10|   0|   10|          0|
    |add_ln870_20_reg_5677                       |  10|   0|   10|          0|
    |add_ln870_21_reg_5687                       |  10|   0|   10|          0|
    |add_ln870_23_reg_5702                       |  10|   0|   10|          0|
    |add_ln870_2_reg_5752                        |  10|   0|   10|          0|
    |add_ln870_5_reg_5742                        |  10|   0|   10|          0|
    |add_ln870_7_reg_5712                        |  10|   0|   10|          0|
    |ap_CS_fsm                                   |  12|   0|   12|          0|
    |ap_done_reg                                 |   1|   0|    1|          0|
    |ap_enable_reg_pp0_iter0_reg                 |   1|   0|    1|          0|
    |ap_enable_reg_pp0_iter1                     |   1|   0|    1|          0|
    |ap_phi_reg_pp0_iter0_phi_ln870_23_reg_2785  |  32|   0|   32|          0|
    |i_V_fu_210                                  |   5|   0|    5|          0|
    |icmp_ln1057_reg_5314                        |   1|   0|    1|          0|
    |indvar_flatten_fu_214                       |   8|   0|    8|          0|
    |j_V_fu_206                                  |   4|   0|    4|          0|
    |mul_ln870_11_reg_5692                       |  10|   0|   10|          0|
    |mul_ln870_12_reg_5697                       |  10|   0|   10|          0|
    |mul_ln870_14_reg_5707                       |  10|   0|   10|          0|
    |mul_ln870_17_reg_5722                       |  10|   0|   10|          0|
    |mul_ln870_18_reg_5727                       |  10|   0|   10|          0|
    |mul_ln870_1_reg_5642                        |  10|   0|   10|          0|
    |mul_ln870_20_reg_5737                       |  10|   0|   10|          0|
    |mul_ln870_21_reg_5747                       |  10|   0|   10|          0|
    |mul_ln870_3_reg_5652                        |  10|   0|   10|          0|
    |mul_ln870_6_reg_5667                        |  10|   0|   10|          0|
    |mul_ln870_7_reg_5672                        |  10|   0|   10|          0|
    |mul_ln870_9_reg_5512                        |  10|   0|   10|          0|
    |mul_ln870_reg_5637                          |  10|   0|   10|          0|
    |select_ln1057_1_reg_5328                    |   5|   0|    5|          0|
    |select_ln1057_reg_5323                      |   4|   0|    4|          0|
    |select_ln1057_reg_5323_pp0_iter1_reg        |   4|   0|    4|          0|
    |trunc_ln870_10_reg_5517                     |  10|   0|   10|          0|
    |trunc_ln870_11_reg_5522                     |  10|   0|   10|          0|
    |trunc_ln870_12_reg_5527                     |  10|   0|   10|          0|
    |trunc_ln870_13_reg_5532                     |  10|   0|   10|          0|
    |trunc_ln870_14_reg_5537                     |  10|   0|   10|          0|
    |trunc_ln870_15_reg_5542                     |  10|   0|   10|          0|
    |trunc_ln870_16_reg_5547                     |  10|   0|   10|          0|
    |trunc_ln870_17_reg_5552                     |  10|   0|   10|          0|
    |trunc_ln870_18_reg_5557                     |  10|   0|   10|          0|
    |trunc_ln870_19_reg_5562                     |  10|   0|   10|          0|
    |trunc_ln870_1_reg_5472                      |  10|   0|   10|          0|
    |trunc_ln870_20_reg_5567                     |  10|   0|   10|          0|
    |trunc_ln870_21_reg_5572                     |  10|   0|   10|          0|
    |trunc_ln870_22_reg_5577                     |  10|   0|   10|          0|
    |trunc_ln870_23_reg_5582                     |  10|   0|   10|          0|
    |trunc_ln870_2_reg_5477                      |  10|   0|   10|          0|
    |trunc_ln870_3_reg_5482                      |  10|   0|   10|          0|
    |trunc_ln870_4_reg_5487                      |  10|   0|   10|          0|
    |trunc_ln870_5_reg_5492                      |  10|   0|   10|          0|
    |trunc_ln870_6_reg_5497                      |  10|   0|   10|          0|
    |trunc_ln870_7_reg_5502                      |  10|   0|   10|          0|
    |trunc_ln870_8_reg_5507                      |  10|   0|   10|          0|
    |trunc_ln870_reg_5467                        |  10|   0|   10|          0|
    |zext_ln1057_reg_5333                        |   5|   0|   64|         59|
    |zext_ln1057_reg_5333_pp0_iter1_reg          |   5|   0|   64|         59|
    +--------------------------------------------+----+----+-----+-----------+
    |Total                                       | 566|   0|  684|        118|
    +--------------------------------------------+----+----+-----+-----------+



================================================================
== Interface
================================================================
* Summary: 
+-----------------------+-----+-----+------------+--------------+--------------+
|       RTL Ports       | Dir | Bits|  Protocol  | Source Object|    C Type    |
+-----------------------+-----+-----+------------+--------------+--------------+
|s_axi_control_AWVALID  |   in|    1|       s_axi|       control|   return void|
|s_axi_control_AWREADY  |  out|    1|       s_axi|       control|   return void|
|s_axi_control_AWADDR   |   in|    4|       s_axi|       control|   return void|
|s_axi_control_WVALID   |   in|    1|       s_axi|       control|   return void|
|s_axi_control_WREADY   |  out|    1|       s_axi|       control|   return void|
|s_axi_control_WDATA    |   in|   32|       s_axi|       control|   return void|
|s_axi_control_WSTRB    |   in|    4|       s_axi|       control|   return void|
|s_axi_control_ARVALID  |   in|    1|       s_axi|       control|   return void|
|s_axi_control_ARREADY  |  out|    1|       s_axi|       control|   return void|
|s_axi_control_ARADDR   |   in|    4|       s_axi|       control|   return void|
|s_axi_control_RVALID   |  out|    1|       s_axi|       control|   return void|
|s_axi_control_RREADY   |   in|    1|       s_axi|       control|   return void|
|s_axi_control_RDATA    |  out|   32|       s_axi|       control|   return void|
|s_axi_control_RRESP    |  out|    2|       s_axi|       control|   return void|
|s_axi_control_BVALID   |  out|    1|       s_axi|       control|   return void|
|s_axi_control_BREADY   |   in|    1|       s_axi|       control|   return void|
|s_axi_control_BRESP    |  out|    2|       s_axi|       control|   return void|
|ap_clk                 |   in|    1|  ap_ctrl_hs|   arr_mult_2d|  return value|
|ap_rst_n               |   in|    1|  ap_ctrl_hs|   arr_mult_2d|  return value|
|interrupt              |  out|    1|  ap_ctrl_hs|   arr_mult_2d|  return value|
|inA_0_Addr_A           |  out|   32|        bram|         inA_0|         array|
|inA_0_EN_A             |  out|    1|        bram|         inA_0|         array|
|inA_0_WEN_A            |  out|    4|        bram|         inA_0|         array|
|inA_0_Din_A            |  out|   32|        bram|         inA_0|         array|
|inA_0_Dout_A           |   in|   32|        bram|         inA_0|         array|
|inA_0_Clk_A            |  out|    1|        bram|         inA_0|         array|
|inA_0_Rst_A            |  out|    1|        bram|         inA_0|         array|
|inA_1_Addr_A           |  out|   32|        bram|         inA_1|         array|
|inA_1_EN_A             |  out|    1|        bram|         inA_1|         array|
|inA_1_WEN_A            |  out|    4|        bram|         inA_1|         array|
|inA_1_Din_A            |  out|   32|        bram|         inA_1|         array|
|inA_1_Dout_A           |   in|   32|        bram|         inA_1|         array|
|inA_1_Clk_A            |  out|    1|        bram|         inA_1|         array|
|inA_1_Rst_A            |  out|    1|        bram|         inA_1|         array|
|inA_2_Addr_A           |  out|   32|        bram|         inA_2|         array|
|inA_2_EN_A             |  out|    1|        bram|         inA_2|         array|
|inA_2_WEN_A            |  out|    4|        bram|         inA_2|         array|
|inA_2_Din_A            |  out|   32|        bram|         inA_2|         array|
|inA_2_Dout_A           |   in|   32|        bram|         inA_2|         array|
|inA_2_Clk_A            |  out|    1|        bram|         inA_2|         array|
|inA_2_Rst_A            |  out|    1|        bram|         inA_2|         array|
|inA_3_Addr_A           |  out|   32|        bram|         inA_3|         array|
|inA_3_EN_A             |  out|    1|        bram|         inA_3|         array|
|inA_3_WEN_A            |  out|    4|        bram|         inA_3|         array|
|inA_3_Din_A            |  out|   32|        bram|         inA_3|         array|
|inA_3_Dout_A           |   in|   32|        bram|         inA_3|         array|
|inA_3_Clk_A            |  out|    1|        bram|         inA_3|         array|
|inA_3_Rst_A            |  out|    1|        bram|         inA_3|         array|
|inA_4_Addr_A           |  out|   32|        bram|         inA_4|         array|
|inA_4_EN_A             |  out|    1|        bram|         inA_4|         array|
|inA_4_WEN_A            |  out|    4|        bram|         inA_4|         array|
|inA_4_Din_A            |  out|   32|        bram|         inA_4|         array|
|inA_4_Dout_A           |   in|   32|        bram|         inA_4|         array|
|inA_4_Clk_A            |  out|    1|        bram|         inA_4|         array|
|inA_4_Rst_A            |  out|    1|        bram|         inA_4|         array|
|inA_5_Addr_A           |  out|   32|        bram|         inA_5|         array|
|inA_5_EN_A             |  out|    1|        bram|         inA_5|         array|
|inA_5_WEN_A            |  out|    4|        bram|         inA_5|         array|
|inA_5_Din_A            |  out|   32|        bram|         inA_5|         array|
|inA_5_Dout_A           |   in|   32|        bram|         inA_5|         array|
|inA_5_Clk_A            |  out|    1|        bram|         inA_5|         array|
|inA_5_Rst_A            |  out|    1|        bram|         inA_5|         array|
|inA_6_Addr_A           |  out|   32|        bram|         inA_6|         array|
|inA_6_EN_A             |  out|    1|        bram|         inA_6|         array|
|inA_6_WEN_A            |  out|    4|        bram|         inA_6|         array|
|inA_6_Din_A            |  out|   32|        bram|         inA_6|         array|
|inA_6_Dout_A           |   in|   32|        bram|         inA_6|         array|
|inA_6_Clk_A            |  out|    1|        bram|         inA_6|         array|
|inA_6_Rst_A            |  out|    1|        bram|         inA_6|         array|
|inA_7_Addr_A           |  out|   32|        bram|         inA_7|         array|
|inA_7_EN_A             |  out|    1|        bram|         inA_7|         array|
|inA_7_WEN_A            |  out|    4|        bram|         inA_7|         array|
|inA_7_Din_A            |  out|   32|        bram|         inA_7|         array|
|inA_7_Dout_A           |   in|   32|        bram|         inA_7|         array|
|inA_7_Clk_A            |  out|    1|        bram|         inA_7|         array|
|inA_7_Rst_A            |  out|    1|        bram|         inA_7|         array|
|inA_8_Addr_A           |  out|   32|        bram|         inA_8|         array|
|inA_8_EN_A             |  out|    1|        bram|         inA_8|         array|
|inA_8_WEN_A            |  out|    4|        bram|         inA_8|         array|
|inA_8_Din_A            |  out|   32|        bram|         inA_8|         array|
|inA_8_Dout_A           |   in|   32|        bram|         inA_8|         array|
|inA_8_Clk_A            |  out|    1|        bram|         inA_8|         array|
|inA_8_Rst_A            |  out|    1|        bram|         inA_8|         array|
|inA_9_Addr_A           |  out|   32|        bram|         inA_9|         array|
|inA_9_EN_A             |  out|    1|        bram|         inA_9|         array|
|inA_9_WEN_A            |  out|    4|        bram|         inA_9|         array|
|inA_9_Din_A            |  out|   32|        bram|         inA_9|         array|
|inA_9_Dout_A           |   in|   32|        bram|         inA_9|         array|
|inA_9_Clk_A            |  out|    1|        bram|         inA_9|         array|
|inA_9_Rst_A            |  out|    1|        bram|         inA_9|         array|
|inA_10_Addr_A          |  out|   32|        bram|        inA_10|         array|
|inA_10_EN_A            |  out|    1|        bram|        inA_10|         array|
|inA_10_WEN_A           |  out|    4|        bram|        inA_10|         array|
|inA_10_Din_A           |  out|   32|        bram|        inA_10|         array|
|inA_10_Dout_A          |   in|   32|        bram|        inA_10|         array|
|inA_10_Clk_A           |  out|    1|        bram|        inA_10|         array|
|inA_10_Rst_A           |  out|    1|        bram|        inA_10|         array|
|inA_11_Addr_A          |  out|   32|        bram|        inA_11|         array|
|inA_11_EN_A            |  out|    1|        bram|        inA_11|         array|
|inA_11_WEN_A           |  out|    4|        bram|        inA_11|         array|
|inA_11_Din_A           |  out|   32|        bram|        inA_11|         array|
|inA_11_Dout_A          |   in|   32|        bram|        inA_11|         array|
|inA_11_Clk_A           |  out|    1|        bram|        inA_11|         array|
|inA_11_Rst_A           |  out|    1|        bram|        inA_11|         array|
|inA_12_Addr_A          |  out|   32|        bram|        inA_12|         array|
|inA_12_EN_A            |  out|    1|        bram|        inA_12|         array|
|inA_12_WEN_A           |  out|    4|        bram|        inA_12|         array|
|inA_12_Din_A           |  out|   32|        bram|        inA_12|         array|
|inA_12_Dout_A          |   in|   32|        bram|        inA_12|         array|
|inA_12_Clk_A           |  out|    1|        bram|        inA_12|         array|
|inA_12_Rst_A           |  out|    1|        bram|        inA_12|         array|
|inA_13_Addr_A          |  out|   32|        bram|        inA_13|         array|
|inA_13_EN_A            |  out|    1|        bram|        inA_13|         array|
|inA_13_WEN_A           |  out|    4|        bram|        inA_13|         array|
|inA_13_Din_A           |  out|   32|        bram|        inA_13|         array|
|inA_13_Dout_A          |   in|   32|        bram|        inA_13|         array|
|inA_13_Clk_A           |  out|    1|        bram|        inA_13|         array|
|inA_13_Rst_A           |  out|    1|        bram|        inA_13|         array|
|inA_14_Addr_A          |  out|   32|        bram|        inA_14|         array|
|inA_14_EN_A            |  out|    1|        bram|        inA_14|         array|
|inA_14_WEN_A           |  out|    4|        bram|        inA_14|         array|
|inA_14_Din_A           |  out|   32|        bram|        inA_14|         array|
|inA_14_Dout_A          |   in|   32|        bram|        inA_14|         array|
|inA_14_Clk_A           |  out|    1|        bram|        inA_14|         array|
|inA_14_Rst_A           |  out|    1|        bram|        inA_14|         array|
|inA_15_Addr_A          |  out|   32|        bram|        inA_15|         array|
|inA_15_EN_A            |  out|    1|        bram|        inA_15|         array|
|inA_15_WEN_A           |  out|    4|        bram|        inA_15|         array|
|inA_15_Din_A           |  out|   32|        bram|        inA_15|         array|
|inA_15_Dout_A          |   in|   32|        bram|        inA_15|         array|
|inA_15_Clk_A           |  out|    1|        bram|        inA_15|         array|
|inA_15_Rst_A           |  out|    1|        bram|        inA_15|         array|
|inA_16_Addr_A          |  out|   32|        bram|        inA_16|         array|
|inA_16_EN_A            |  out|    1|        bram|        inA_16|         array|
|inA_16_WEN_A           |  out|    4|        bram|        inA_16|         array|
|inA_16_Din_A           |  out|   32|        bram|        inA_16|         array|
|inA_16_Dout_A          |   in|   32|        bram|        inA_16|         array|
|inA_16_Clk_A           |  out|    1|        bram|        inA_16|         array|
|inA_16_Rst_A           |  out|    1|        bram|        inA_16|         array|
|inA_17_Addr_A          |  out|   32|        bram|        inA_17|         array|
|inA_17_EN_A            |  out|    1|        bram|        inA_17|         array|
|inA_17_WEN_A           |  out|    4|        bram|        inA_17|         array|
|inA_17_Din_A           |  out|   32|        bram|        inA_17|         array|
|inA_17_Dout_A          |   in|   32|        bram|        inA_17|         array|
|inA_17_Clk_A           |  out|    1|        bram|        inA_17|         array|
|inA_17_Rst_A           |  out|    1|        bram|        inA_17|         array|
|inA_18_Addr_A          |  out|   32|        bram|        inA_18|         array|
|inA_18_EN_A            |  out|    1|        bram|        inA_18|         array|
|inA_18_WEN_A           |  out|    4|        bram|        inA_18|         array|
|inA_18_Din_A           |  out|   32|        bram|        inA_18|         array|
|inA_18_Dout_A          |   in|   32|        bram|        inA_18|         array|
|inA_18_Clk_A           |  out|    1|        bram|        inA_18|         array|
|inA_18_Rst_A           |  out|    1|        bram|        inA_18|         array|
|inA_19_Addr_A          |  out|   32|        bram|        inA_19|         array|
|inA_19_EN_A            |  out|    1|        bram|        inA_19|         array|
|inA_19_WEN_A           |  out|    4|        bram|        inA_19|         array|
|inA_19_Din_A           |  out|   32|        bram|        inA_19|         array|
|inA_19_Dout_A          |   in|   32|        bram|        inA_19|         array|
|inA_19_Clk_A           |  out|    1|        bram|        inA_19|         array|
|inA_19_Rst_A           |  out|    1|        bram|        inA_19|         array|
|inA_20_Addr_A          |  out|   32|        bram|        inA_20|         array|
|inA_20_EN_A            |  out|    1|        bram|        inA_20|         array|
|inA_20_WEN_A           |  out|    4|        bram|        inA_20|         array|
|inA_20_Din_A           |  out|   32|        bram|        inA_20|         array|
|inA_20_Dout_A          |   in|   32|        bram|        inA_20|         array|
|inA_20_Clk_A           |  out|    1|        bram|        inA_20|         array|
|inA_20_Rst_A           |  out|    1|        bram|        inA_20|         array|
|inA_21_Addr_A          |  out|   32|        bram|        inA_21|         array|
|inA_21_EN_A            |  out|    1|        bram|        inA_21|         array|
|inA_21_WEN_A           |  out|    4|        bram|        inA_21|         array|
|inA_21_Din_A           |  out|   32|        bram|        inA_21|         array|
|inA_21_Dout_A          |   in|   32|        bram|        inA_21|         array|
|inA_21_Clk_A           |  out|    1|        bram|        inA_21|         array|
|inA_21_Rst_A           |  out|    1|        bram|        inA_21|         array|
|inA_22_Addr_A          |  out|   32|        bram|        inA_22|         array|
|inA_22_EN_A            |  out|    1|        bram|        inA_22|         array|
|inA_22_WEN_A           |  out|    4|        bram|        inA_22|         array|
|inA_22_Din_A           |  out|   32|        bram|        inA_22|         array|
|inA_22_Dout_A          |   in|   32|        bram|        inA_22|         array|
|inA_22_Clk_A           |  out|    1|        bram|        inA_22|         array|
|inA_22_Rst_A           |  out|    1|        bram|        inA_22|         array|
|inA_23_Addr_A          |  out|   32|        bram|        inA_23|         array|
|inA_23_EN_A            |  out|    1|        bram|        inA_23|         array|
|inA_23_WEN_A           |  out|    4|        bram|        inA_23|         array|
|inA_23_Din_A           |  out|   32|        bram|        inA_23|         array|
|inA_23_Dout_A          |   in|   32|        bram|        inA_23|         array|
|inA_23_Clk_A           |  out|    1|        bram|        inA_23|         array|
|inA_23_Rst_A           |  out|    1|        bram|        inA_23|         array|
|inB_0_Addr_A           |  out|   32|        bram|         inB_0|         array|
|inB_0_EN_A             |  out|    1|        bram|         inB_0|         array|
|inB_0_WEN_A            |  out|    4|        bram|         inB_0|         array|
|inB_0_Din_A            |  out|   32|        bram|         inB_0|         array|
|inB_0_Dout_A           |   in|   32|        bram|         inB_0|         array|
|inB_0_Clk_A            |  out|    1|        bram|         inB_0|         array|
|inB_0_Rst_A            |  out|    1|        bram|         inB_0|         array|
|inB_0_Addr_B           |  out|   32|        bram|         inB_0|         array|
|inB_0_EN_B             |  out|    1|        bram|         inB_0|         array|
|inB_0_WEN_B            |  out|    4|        bram|         inB_0|         array|
|inB_0_Din_B            |  out|   32|        bram|         inB_0|         array|
|inB_0_Dout_B           |   in|   32|        bram|         inB_0|         array|
|inB_0_Clk_B            |  out|    1|        bram|         inB_0|         array|
|inB_0_Rst_B            |  out|    1|        bram|         inB_0|         array|
|inB_1_Addr_A           |  out|   32|        bram|         inB_1|         array|
|inB_1_EN_A             |  out|    1|        bram|         inB_1|         array|
|inB_1_WEN_A            |  out|    4|        bram|         inB_1|         array|
|inB_1_Din_A            |  out|   32|        bram|         inB_1|         array|
|inB_1_Dout_A           |   in|   32|        bram|         inB_1|         array|
|inB_1_Clk_A            |  out|    1|        bram|         inB_1|         array|
|inB_1_Rst_A            |  out|    1|        bram|         inB_1|         array|
|inB_1_Addr_B           |  out|   32|        bram|         inB_1|         array|
|inB_1_EN_B             |  out|    1|        bram|         inB_1|         array|
|inB_1_WEN_B            |  out|    4|        bram|         inB_1|         array|
|inB_1_Din_B            |  out|   32|        bram|         inB_1|         array|
|inB_1_Dout_B           |   in|   32|        bram|         inB_1|         array|
|inB_1_Clk_B            |  out|    1|        bram|         inB_1|         array|
|inB_1_Rst_B            |  out|    1|        bram|         inB_1|         array|
|inB_2_Addr_A           |  out|   32|        bram|         inB_2|         array|
|inB_2_EN_A             |  out|    1|        bram|         inB_2|         array|
|inB_2_WEN_A            |  out|    4|        bram|         inB_2|         array|
|inB_2_Din_A            |  out|   32|        bram|         inB_2|         array|
|inB_2_Dout_A           |   in|   32|        bram|         inB_2|         array|
|inB_2_Clk_A            |  out|    1|        bram|         inB_2|         array|
|inB_2_Rst_A            |  out|    1|        bram|         inB_2|         array|
|inB_2_Addr_B           |  out|   32|        bram|         inB_2|         array|
|inB_2_EN_B             |  out|    1|        bram|         inB_2|         array|
|inB_2_WEN_B            |  out|    4|        bram|         inB_2|         array|
|inB_2_Din_B            |  out|   32|        bram|         inB_2|         array|
|inB_2_Dout_B           |   in|   32|        bram|         inB_2|         array|
|inB_2_Clk_B            |  out|    1|        bram|         inB_2|         array|
|inB_2_Rst_B            |  out|    1|        bram|         inB_2|         array|
|inB_3_Addr_A           |  out|   32|        bram|         inB_3|         array|
|inB_3_EN_A             |  out|    1|        bram|         inB_3|         array|
|inB_3_WEN_A            |  out|    4|        bram|         inB_3|         array|
|inB_3_Din_A            |  out|   32|        bram|         inB_3|         array|
|inB_3_Dout_A           |   in|   32|        bram|         inB_3|         array|
|inB_3_Clk_A            |  out|    1|        bram|         inB_3|         array|
|inB_3_Rst_A            |  out|    1|        bram|         inB_3|         array|
|inB_3_Addr_B           |  out|   32|        bram|         inB_3|         array|
|inB_3_EN_B             |  out|    1|        bram|         inB_3|         array|
|inB_3_WEN_B            |  out|    4|        bram|         inB_3|         array|
|inB_3_Din_B            |  out|   32|        bram|         inB_3|         array|
|inB_3_Dout_B           |   in|   32|        bram|         inB_3|         array|
|inB_3_Clk_B            |  out|    1|        bram|         inB_3|         array|
|inB_3_Rst_B            |  out|    1|        bram|         inB_3|         array|
|inB_4_Addr_A           |  out|   32|        bram|         inB_4|         array|
|inB_4_EN_A             |  out|    1|        bram|         inB_4|         array|
|inB_4_WEN_A            |  out|    4|        bram|         inB_4|         array|
|inB_4_Din_A            |  out|   32|        bram|         inB_4|         array|
|inB_4_Dout_A           |   in|   32|        bram|         inB_4|         array|
|inB_4_Clk_A            |  out|    1|        bram|         inB_4|         array|
|inB_4_Rst_A            |  out|    1|        bram|         inB_4|         array|
|inB_4_Addr_B           |  out|   32|        bram|         inB_4|         array|
|inB_4_EN_B             |  out|    1|        bram|         inB_4|         array|
|inB_4_WEN_B            |  out|    4|        bram|         inB_4|         array|
|inB_4_Din_B            |  out|   32|        bram|         inB_4|         array|
|inB_4_Dout_B           |   in|   32|        bram|         inB_4|         array|
|inB_4_Clk_B            |  out|    1|        bram|         inB_4|         array|
|inB_4_Rst_B            |  out|    1|        bram|         inB_4|         array|
|inB_5_Addr_A           |  out|   32|        bram|         inB_5|         array|
|inB_5_EN_A             |  out|    1|        bram|         inB_5|         array|
|inB_5_WEN_A            |  out|    4|        bram|         inB_5|         array|
|inB_5_Din_A            |  out|   32|        bram|         inB_5|         array|
|inB_5_Dout_A           |   in|   32|        bram|         inB_5|         array|
|inB_5_Clk_A            |  out|    1|        bram|         inB_5|         array|
|inB_5_Rst_A            |  out|    1|        bram|         inB_5|         array|
|inB_5_Addr_B           |  out|   32|        bram|         inB_5|         array|
|inB_5_EN_B             |  out|    1|        bram|         inB_5|         array|
|inB_5_WEN_B            |  out|    4|        bram|         inB_5|         array|
|inB_5_Din_B            |  out|   32|        bram|         inB_5|         array|
|inB_5_Dout_B           |   in|   32|        bram|         inB_5|         array|
|inB_5_Clk_B            |  out|    1|        bram|         inB_5|         array|
|inB_5_Rst_B            |  out|    1|        bram|         inB_5|         array|
|inB_6_Addr_A           |  out|   32|        bram|         inB_6|         array|
|inB_6_EN_A             |  out|    1|        bram|         inB_6|         array|
|inB_6_WEN_A            |  out|    4|        bram|         inB_6|         array|
|inB_6_Din_A            |  out|   32|        bram|         inB_6|         array|
|inB_6_Dout_A           |   in|   32|        bram|         inB_6|         array|
|inB_6_Clk_A            |  out|    1|        bram|         inB_6|         array|
|inB_6_Rst_A            |  out|    1|        bram|         inB_6|         array|
|inB_6_Addr_B           |  out|   32|        bram|         inB_6|         array|
|inB_6_EN_B             |  out|    1|        bram|         inB_6|         array|
|inB_6_WEN_B            |  out|    4|        bram|         inB_6|         array|
|inB_6_Din_B            |  out|   32|        bram|         inB_6|         array|
|inB_6_Dout_B           |   in|   32|        bram|         inB_6|         array|
|inB_6_Clk_B            |  out|    1|        bram|         inB_6|         array|
|inB_6_Rst_B            |  out|    1|        bram|         inB_6|         array|
|inB_7_Addr_A           |  out|   32|        bram|         inB_7|         array|
|inB_7_EN_A             |  out|    1|        bram|         inB_7|         array|
|inB_7_WEN_A            |  out|    4|        bram|         inB_7|         array|
|inB_7_Din_A            |  out|   32|        bram|         inB_7|         array|
|inB_7_Dout_A           |   in|   32|        bram|         inB_7|         array|
|inB_7_Clk_A            |  out|    1|        bram|         inB_7|         array|
|inB_7_Rst_A            |  out|    1|        bram|         inB_7|         array|
|inB_7_Addr_B           |  out|   32|        bram|         inB_7|         array|
|inB_7_EN_B             |  out|    1|        bram|         inB_7|         array|
|inB_7_WEN_B            |  out|    4|        bram|         inB_7|         array|
|inB_7_Din_B            |  out|   32|        bram|         inB_7|         array|
|inB_7_Dout_B           |   in|   32|        bram|         inB_7|         array|
|inB_7_Clk_B            |  out|    1|        bram|         inB_7|         array|
|inB_7_Rst_B            |  out|    1|        bram|         inB_7|         array|
|inB_8_Addr_A           |  out|   32|        bram|         inB_8|         array|
|inB_8_EN_A             |  out|    1|        bram|         inB_8|         array|
|inB_8_WEN_A            |  out|    4|        bram|         inB_8|         array|
|inB_8_Din_A            |  out|   32|        bram|         inB_8|         array|
|inB_8_Dout_A           |   in|   32|        bram|         inB_8|         array|
|inB_8_Clk_A            |  out|    1|        bram|         inB_8|         array|
|inB_8_Rst_A            |  out|    1|        bram|         inB_8|         array|
|inB_8_Addr_B           |  out|   32|        bram|         inB_8|         array|
|inB_8_EN_B             |  out|    1|        bram|         inB_8|         array|
|inB_8_WEN_B            |  out|    4|        bram|         inB_8|         array|
|inB_8_Din_B            |  out|   32|        bram|         inB_8|         array|
|inB_8_Dout_B           |   in|   32|        bram|         inB_8|         array|
|inB_8_Clk_B            |  out|    1|        bram|         inB_8|         array|
|inB_8_Rst_B            |  out|    1|        bram|         inB_8|         array|
|inB_9_Addr_A           |  out|   32|        bram|         inB_9|         array|
|inB_9_EN_A             |  out|    1|        bram|         inB_9|         array|
|inB_9_WEN_A            |  out|    4|        bram|         inB_9|         array|
|inB_9_Din_A            |  out|   32|        bram|         inB_9|         array|
|inB_9_Dout_A           |   in|   32|        bram|         inB_9|         array|
|inB_9_Clk_A            |  out|    1|        bram|         inB_9|         array|
|inB_9_Rst_A            |  out|    1|        bram|         inB_9|         array|
|inB_9_Addr_B           |  out|   32|        bram|         inB_9|         array|
|inB_9_EN_B             |  out|    1|        bram|         inB_9|         array|
|inB_9_WEN_B            |  out|    4|        bram|         inB_9|         array|
|inB_9_Din_B            |  out|   32|        bram|         inB_9|         array|
|inB_9_Dout_B           |   in|   32|        bram|         inB_9|         array|
|inB_9_Clk_B            |  out|    1|        bram|         inB_9|         array|
|inB_9_Rst_B            |  out|    1|        bram|         inB_9|         array|
|out_0_Addr_A           |  out|   32|        bram|         out_0|         array|
|out_0_EN_A             |  out|    1|        bram|         out_0|         array|
|out_0_WEN_A            |  out|    4|        bram|         out_0|         array|
|out_0_Din_A            |  out|   32|        bram|         out_0|         array|
|out_0_Dout_A           |   in|   32|        bram|         out_0|         array|
|out_0_Clk_A            |  out|    1|        bram|         out_0|         array|
|out_0_Rst_A            |  out|    1|        bram|         out_0|         array|
|out_1_Addr_A           |  out|   32|        bram|         out_1|         array|
|out_1_EN_A             |  out|    1|        bram|         out_1|         array|
|out_1_WEN_A            |  out|    4|        bram|         out_1|         array|
|out_1_Din_A            |  out|   32|        bram|         out_1|         array|
|out_1_Dout_A           |   in|   32|        bram|         out_1|         array|
|out_1_Clk_A            |  out|    1|        bram|         out_1|         array|
|out_1_Rst_A            |  out|    1|        bram|         out_1|         array|
|out_2_Addr_A           |  out|   32|        bram|         out_2|         array|
|out_2_EN_A             |  out|    1|        bram|         out_2|         array|
|out_2_WEN_A            |  out|    4|        bram|         out_2|         array|
|out_2_Din_A            |  out|   32|        bram|         out_2|         array|
|out_2_Dout_A           |   in|   32|        bram|         out_2|         array|
|out_2_Clk_A            |  out|    1|        bram|         out_2|         array|
|out_2_Rst_A            |  out|    1|        bram|         out_2|         array|
|out_3_Addr_A           |  out|   32|        bram|         out_3|         array|
|out_3_EN_A             |  out|    1|        bram|         out_3|         array|
|out_3_WEN_A            |  out|    4|        bram|         out_3|         array|
|out_3_Din_A            |  out|   32|        bram|         out_3|         array|
|out_3_Dout_A           |   in|   32|        bram|         out_3|         array|
|out_3_Clk_A            |  out|    1|        bram|         out_3|         array|
|out_3_Rst_A            |  out|    1|        bram|         out_3|         array|
|out_4_Addr_A           |  out|   32|        bram|         out_4|         array|
|out_4_EN_A             |  out|    1|        bram|         out_4|         array|
|out_4_WEN_A            |  out|    4|        bram|         out_4|         array|
|out_4_Din_A            |  out|   32|        bram|         out_4|         array|
|out_4_Dout_A           |   in|   32|        bram|         out_4|         array|
|out_4_Clk_A            |  out|    1|        bram|         out_4|         array|
|out_4_Rst_A            |  out|    1|        bram|         out_4|         array|
|out_5_Addr_A           |  out|   32|        bram|         out_5|         array|
|out_5_EN_A             |  out|    1|        bram|         out_5|         array|
|out_5_WEN_A            |  out|    4|        bram|         out_5|         array|
|out_5_Din_A            |  out|   32|        bram|         out_5|         array|
|out_5_Dout_A           |   in|   32|        bram|         out_5|         array|
|out_5_Clk_A            |  out|    1|        bram|         out_5|         array|
|out_5_Rst_A            |  out|    1|        bram|         out_5|         array|
|out_6_Addr_A           |  out|   32|        bram|         out_6|         array|
|out_6_EN_A             |  out|    1|        bram|         out_6|         array|
|out_6_WEN_A            |  out|    4|        bram|         out_6|         array|
|out_6_Din_A            |  out|   32|        bram|         out_6|         array|
|out_6_Dout_A           |   in|   32|        bram|         out_6|         array|
|out_6_Clk_A            |  out|    1|        bram|         out_6|         array|
|out_6_Rst_A            |  out|    1|        bram|         out_6|         array|
|out_7_Addr_A           |  out|   32|        bram|         out_7|         array|
|out_7_EN_A             |  out|    1|        bram|         out_7|         array|
|out_7_WEN_A            |  out|    4|        bram|         out_7|         array|
|out_7_Din_A            |  out|   32|        bram|         out_7|         array|
|out_7_Dout_A           |   in|   32|        bram|         out_7|         array|
|out_7_Clk_A            |  out|    1|        bram|         out_7|         array|
|out_7_Rst_A            |  out|    1|        bram|         out_7|         array|
|out_8_Addr_A           |  out|   32|        bram|         out_8|         array|
|out_8_EN_A             |  out|    1|        bram|         out_8|         array|
|out_8_WEN_A            |  out|    4|        bram|         out_8|         array|
|out_8_Din_A            |  out|   32|        bram|         out_8|         array|
|out_8_Dout_A           |   in|   32|        bram|         out_8|         array|
|out_8_Clk_A            |  out|    1|        bram|         out_8|         array|
|out_8_Rst_A            |  out|    1|        bram|         out_8|         array|
|out_9_Addr_A           |  out|   32|        bram|         out_9|         array|
|out_9_EN_A             |  out|    1|        bram|         out_9|         array|
|out_9_WEN_A            |  out|    4|        bram|         out_9|         array|
|out_9_Din_A            |  out|   32|        bram|         out_9|         array|
|out_9_Dout_A           |   in|   32|        bram|         out_9|         array|
|out_9_Clk_A            |  out|    1|        bram|         out_9|         array|
|out_9_Rst_A            |  out|    1|        bram|         out_9|         array|
+-----------------------+-----+-----+------------+--------------+--------------+

