INFO-FLOW: Workspace /afs/hep.wisc.edu/user/ekauffma/tachep/ekauffma_tachepfpga_assignment4-5/assignment4/assignment4_aptypes/solution1 opened at Mon Mar 31 14:47:46 CDT 2025
Execute     send_msg_by_id INFO @200-1505@%s%s default  vivado 
INFO: [HLS 200-1505] Using default flow_target 'vivado'
Execute     get_config_interface -m_axi_latency 
Execute     get_config_interface -m_axi_alignment_byte_size 
Execute     get_config_interface -m_axi_max_widen_bitwidth 
Execute     get_config_interface -default_interface 
Execute     get_config_rtl -register_reset_num 
Execute   set_part virtex7 
INFO: [HLS 200-1510] Running: set_part virtex7 
Execute     create_platform virtex7 -board  
DBG:HLSDevice: Trying to load device library: /afs/hep.wisc.edu/cms/sw/Xilinx/Vitis_HLS/2021.1/lib/lnx64.o/librdi_hlsvwrap.so
DBG:HLSDevice: first parts/arch.xml in RDI_DATADIR: /afs/hep.wisc.edu/cms/sw/Xilinx/Vivado/2021.1/data/parts/arch.xml
DBG:HLSDevice: init success
Execute       source /afs/hep.wisc.edu/cms/sw/Xilinx/Vitis_HLS/2021.1/common/technology/xilinx/DSP48/dsp48.hlp 
Execute       source /afs/hep.wisc.edu/cms/sw/Xilinx/Vitis_HLS/2021.1/common/technology/xilinx/DSP48/virtex7_dsp48e1.hlp 
INFO: [HLS 200-1611] Setting target device to 'xc7v585t-ffg1761-2'
Command     create_platform done; 2.75 sec.
Execute     source /afs/hep.wisc.edu/cms/sw/Xilinx/Vitis_HLS/2021.1/common/technology/xilinx/common/xilinx.gen 
Execute       source /afs/hep.wisc.edu/cms/sw/Xilinx/Vitis_HLS/2021.1/common/technology/xilinx/interface/plb46.gen 
Execute       source /afs/hep.wisc.edu/cms/sw/Xilinx/Vitis_HLS/2021.1/common/technology/xilinx/interface/axi4.gen 
Execute       source /afs/hep.wisc.edu/cms/sw/Xilinx/Vitis_HLS/2021.1/common/technology/xilinx/interface/nativeAXI4.gen 
Execute         source /afs/hep.wisc.edu/cms/sw/Xilinx/Vitis_HLS/2021.1/common/technology/xilinx/interface/saxilite.gen 
Execute         source /afs/hep.wisc.edu/cms/sw/Xilinx/Vitis_HLS/2021.1/common/technology/xilinx/interface/maxi.gen 
Execute       source /afs/hep.wisc.edu/cms/sw/Xilinx/Vitis_HLS/2021.1/common/technology/xilinx/scripts/xilinxcoregen.gen 
Execute       source /afs/hep.wisc.edu/cms/sw/Xilinx/Vitis_HLS/2021.1/common/technology/xilinx/interface/XilEDKCoreGen.gen 
Execute       source /afs/hep.wisc.edu/cms/sw/Xilinx/Vitis_HLS/2021.1/common/technology/xilinx/ip/dds_compiler.gen 
Execute       source /afs/hep.wisc.edu/cms/sw/Xilinx/Vitis_HLS/2021.1/common/technology/xilinx/ip/util.gen 
Execute       source /afs/hep.wisc.edu/cms/sw/Xilinx/Vitis_HLS/2021.1/common/technology/xilinx/ip/xfft.gen 
Command       ap_source done; 0.12 sec.
Execute       source /afs/hep.wisc.edu/cms/sw/Xilinx/Vitis_HLS/2021.1/common/technology/xilinx/ip/xfir.gen 
Execute       source /afs/hep.wisc.edu/cms/sw/Xilinx/Vitis_HLS/2021.1/common/technology/xilinx/DSP48/dsp48.gen 
Command     ap_source done; 0.17 sec.
Execute     ap_part_info -name xc7v585t-ffg1761-2 -data info 
Execute     config_compile -quiet -complex-mul-dsp=0 
Command   set_part done; 2.94 sec.
Execute   create_clock -period 10 -name default 
INFO: [HLS 200-1510] Running: create_clock -period 10 -name default 
Execute     ap_set_clock -name default -period 10 -default=false 
INFO: [SYN 201-201] Setting up clock 'default' with a period of 10ns.
Execute   csim_design 
INFO: [HLS 200-1510] Running: csim_design 
INFO: [SIM 211-2] *************** CSIM start ***************
INFO: [SIM 211-4] CSIM will launch GCC as the compiler.
Execute     ap_part_info -name xc7v585t-ffg1761-2 -data info 
ERROR: [SIM 211-100] 'csim_design' failed: compilation error(s).
INFO: [SIM 211-3] *************** CSIM finish ***************
Command   csim_design done; error code: 2; 5.42 sec.
INFO: [HLS 200-111] Finished Command csim_design CPU user time: 2.22 seconds. CPU system time: 0.8 seconds. Elapsed time: 5.42 seconds; current allocated memory: 251.089 MB.
Execute   csim_design 
INFO: [HLS 200-1510] Running: csim_design 
INFO: [SIM 211-2] *************** CSIM start ***************
INFO: [SIM 211-4] CSIM will launch GCC as the compiler.
Execute     source csim/.lst_opt.tcl 
Execute     ap_part_info -name xc7v585t-ffg1761-2 -data info 
ERROR: [SIM 211-100] 'csim_design' failed: compilation error(s).
INFO: [SIM 211-3] *************** CSIM finish ***************
Command   csim_design done; error code: 2; 3.03 sec.
INFO: [HLS 200-111] Finished Command csim_design CPU user time: 2.13 seconds. CPU system time: 0.67 seconds. Elapsed time: 3.03 seconds; current allocated memory: 251.258 MB.
Execute   csim_design 
INFO: [HLS 200-1510] Running: csim_design 
INFO: [SIM 211-2] *************** CSIM start ***************
INFO: [SIM 211-4] CSIM will launch GCC as the compiler.
Execute     source csim/.lst_opt.tcl 
Execute     ap_part_info -name xc7v585t-ffg1761-2 -data info 
Execute     source run_sim.tcl 
Command     ap_source done; error code: 1; 
ERROR: [SIM 211-100] 'csim_design' failed: nonzero return value.
INFO: [SIM 211-3] *************** CSIM finish ***************
Command   csim_design done; error code: 2; 6.09 sec.
INFO: [HLS 200-111] Finished Command csim_design CPU user time: 4.45 seconds. CPU system time: 1.34 seconds. Elapsed time: 6.09 seconds; current allocated memory: 251.307 MB.
Execute   csim_design 
INFO: [HLS 200-1510] Running: csim_design 
INFO: [SIM 211-2] *************** CSIM start ***************
INFO: [SIM 211-4] CSIM will launch GCC as the compiler.
Execute     source csim/.lst_opt.tcl 
Execute     ap_part_info -name xc7v585t-ffg1761-2 -data info 
Execute     source run_sim.tcl 
INFO: [SIM 211-1] CSim done with 0 errors.
INFO: [SIM 211-3] *************** CSIM finish ***************
Command   csim_design done; 3.76 sec.
INFO: [HLS 200-111] Finished Command csim_design CPU user time: 2.28 seconds. CPU system time: 0.88 seconds. Elapsed time: 3.76 seconds; current allocated memory: 251.406 MB.
Execute   csynth_design 
INFO: [HLS 200-1510] Running: csynth_design 
Execute     get_config_compile -effort 
Execute     get_config_compile -enable_clang39 
Execute     get_config_compile -g 
Execute     get_config_compile -hw_syn 
Execute     get_config_compile -ng 
Execute     get_config_compile -opt_fp 
Execute     get_config_compile -skip_cdt 
Execute     get_config_compile -skip_syncheck 
Execute     get_config_compile -skip_transform 
Execute     get_config_compile -pre_tcl 
Execute     get_config_compile -keep_printf 
Execute     elaborate -effort=medium -skip_syncheck=0 -keep_printf=0 -skip_cdt=0 -skip_transform=0 -ng=0 -g=0 -opt_fp=0 -from_csynth_design=1 
INFO: [HLS 200-111] Finished File checks and directory preparation: CPU user time: 0.02 seconds. CPU system time: 0 seconds. Elapsed time: 0.02 seconds; current allocated memory: 251.622 MB.
INFO: [HLS 200-10] Analyzing design file 'basic_arith_array_ap.cpp' ... 
INFO-FLOW: Compiling one TU...
Execute       get_config_compile -pragma_strict_mode 
INFO-FLOW: Handling basic_arith_array_ap.cpp as C++
Execute       ap_part_info -name xc7v585t-ffg1761-2 -data info 
INFO-FLOW: Running: GCC PP 39
INFO-FLOW: Source preprocessing
Execute       ap_eval exec -ignorestderr /afs/hep.wisc.edu/cms/sw/Xilinx/Vitis_HLS/2021.1/lnx64/tools/clang-3.9-csynth/bin/clang basic_arith_array_ap.cpp -foptimization-record-file=/afs/hep.wisc.edu/user/ekauffma/tachep/ekauffma_tachepfpga_assignment4-5/assignment4/assignment4_aptypes/solution1/.autopilot/db/clang.basic_arith_array_ap.cpp.diag.yml -mllvm -pass-remarks-missed=reflow|pasta|unroll -mllvm -pass-remarks=reflow|pasta|unroll|inline -fno-limit-debug-info -gcc-toolchain /afs/hep.wisc.edu/cms/sw/Xilinx/Vitis_HLS/2021.1/tps/lnx64/gcc-6.2.0 -fhls -fno-exceptions -E -fno-math-errno -c -emit-llvm -mllvm -disable-llvm-optzns -Werror=implicit-function-declaration -Werror=implicit-hls-streams -Werror=return-type -Wpragmas -Wunused-parameter -fno-threadsafe-statics -fno-use-cxa-atexit -std=gnu++14 -target fpga64-xilinx-linux-gnu -fno-threadsafe-statics -fno-use-cxa-atexit -I /afs/hep.wisc.edu/cms/sw/Xilinx/Vitis_HLS/2021.1/common/technology/autopilot/39 -D__VITIS_HLS__ -DAESL_SYN -D__SYNTHESIS__ -D__HLS_SYN__ -I /afs/hep.wisc.edu/cms/sw/Xilinx/Vitis_HLS/2021.1/common/technology/autopilot -I /afs/hep.wisc.edu/cms/sw/Xilinx/Vitis_HLS/2021.1/common/technology/autopilot/ap_sysc -include etc/autopilot_ssdm_op.h -D__DSP48E1__ -I /usr/include/x86_64-linux-gnu -o /afs/hep.wisc.edu/user/ekauffma/tachep/ekauffma_tachepfpga_assignment4-5/assignment4/assignment4_aptypes/solution1/.autopilot/db/basic_arith_array_ap.pp.0.cpp -hls-platform-db-name=/afs/hep.wisc.edu/cms/sw/Xilinx/Vitis_HLS/2021.1/common/technology/xilinx/common/platform.db -hls-platform-name=virtex7_medium > /afs/hep.wisc.edu/user/ekauffma/tachep/ekauffma_tachepfpga_assignment4-5/assignment4/assignment4_aptypes/solution1/.autopilot/db/clang.basic_arith_array_ap.cpp.out.log 2> /afs/hep.wisc.edu/user/ekauffma/tachep/ekauffma_tachepfpga_assignment4-5/assignment4/assignment4_aptypes/solution1/.autopilot/db/clang.basic_arith_array_ap.cpp.err.log 
Command       ap_eval done; 0.37 sec.
INFO-FLOW: Done: GCC PP 39 time: 0.4 seconds per iteration
Execute       set_directive_top basic_arith_array_ap -name=basic_arith_array_ap 
Execute       source /afs/hep.wisc.edu/cms/sw/Xilinx/Vitis_HLS/2021.1/tps/tcl/tcllib1.11.1/yaml/huddle.tcl 
Execute       source /afs/hep.wisc.edu/cms/sw/Xilinx/Vitis_HLS/2021.1/tps/tcl/tcllib1.11.1/yaml/json2huddle.tcl 
Execute         source /afs/hep.wisc.edu/cms/sw/Xilinx/Vitis_HLS/2021.1/tps/tcl/tcllib1.11.1/try/try.tcl 
Execute       list_core -type functional_unit 
Execute       ap_eval exec -ignorestderr /afs/hep.wisc.edu/cms/sw/Xilinx/Vitis_HLS/2021.1/lnx64/tools/clang-3.9-csynth/bin/clang -foptimization-record-file=/afs/hep.wisc.edu/user/ekauffma/tachep/ekauffma_tachepfpga_assignment4-5/assignment4/assignment4_aptypes/solution1/.autopilot/db/clang.diag.yml -mllvm -pass-remarks-missed=reflow|pasta|unroll -mllvm -pass-remarks=reflow|pasta|unroll|inline -fsyntax-only -fhls -target fpga64-xilinx-linux-gnu /afs/hep.wisc.edu/user/ekauffma/tachep/ekauffma_tachepfpga_assignment4-5/assignment4/assignment4_aptypes/solution1/.autopilot/db/basic_arith_array_ap.pp.0.cpp -hls-platform-db-name=/afs/hep.wisc.edu/cms/sw/Xilinx/Vitis_HLS/2021.1/common/technology/xilinx/common/platform.db -hls-platform-name=virtex7_medium > /afs/hep.wisc.edu/user/ekauffma/tachep/ekauffma_tachepfpga_assignment4-5/assignment4/assignment4_aptypes/solution1/.autopilot/db/clang.out.log 2> /afs/hep.wisc.edu/user/ekauffma/tachep/ekauffma_tachepfpga_assignment4-5/assignment4/assignment4_aptypes/solution1/.autopilot/db/clang.err.log 
Command       ap_eval done; 1.15 sec.
Execute       clang_tidy xilinx-systemc-detector /afs/hep.wisc.edu/user/ekauffma/tachep/ekauffma_tachepfpga_assignment4-5/assignment4/assignment4_aptypes/solution1/.autopilot/db/basic_arith_array_ap.pp.0.cpp std=gnu++14 -target fpga  -directive=/afs/hep.wisc.edu/user/ekauffma/tachep/ekauffma_tachepfpga_assignment4-5/assignment4/assignment4_aptypes/solution1/.autopilot/db/.systemc_flag 
INFO-FLOW: exec /afs/hep.wisc.edu/cms/sw/Xilinx/Vitis_HLS/2021.1/lnx64/tools/clang-3.9-csynth/bin/clang-tidy -header-filter=.* --checks=-*,xilinx-systemc-detector -import-directive=/afs/hep.wisc.edu/user/ekauffma/tachep/ekauffma_tachepfpga_assignment4-5/assignment4/assignment4_aptypes/solution1/.autopilot/db/.systemc_flag -fix-errors /afs/hep.wisc.edu/user/ekauffma/tachep/ekauffma_tachepfpga_assignment4-5/assignment4/assignment4_aptypes/solution1/.autopilot/db/basic_arith_array_ap.pp.0.cpp -- -std=gnu++14 -target fpga -fhls -ferror-limit=0
Command       clang_tidy done; 1.11 sec.
INFO-FLOW: Running: clang-tidy CDT preprocess 39
Execute       clang_tidy xilinx-directive2pragma /afs/hep.wisc.edu/user/ekauffma/tachep/ekauffma_tachepfpga_assignment4-5/assignment4/assignment4_aptypes/solution1/.autopilot/db/basic_arith_array_ap.pp.0.cpp std=gnu++14 -target fpga  -directive=/afs/hep.wisc.edu/user/ekauffma/tachep/ekauffma_tachepfpga_assignment4-5/assignment4/assignment4_aptypes/solution1/.autopilot/db/all.directive.json 
INFO-FLOW: exec /afs/hep.wisc.edu/cms/sw/Xilinx/Vitis_HLS/2021.1/lnx64/tools/clang-3.9-csynth/bin/clang-tidy -header-filter=.* --checks=-*,xilinx-directive2pragma -import-directive=/afs/hep.wisc.edu/user/ekauffma/tachep/ekauffma_tachepfpga_assignment4-5/assignment4/assignment4_aptypes/solution1/.autopilot/db/all.directive.json -fix-errors /afs/hep.wisc.edu/user/ekauffma/tachep/ekauffma_tachepfpga_assignment4-5/assignment4/assignment4_aptypes/solution1/.autopilot/db/basic_arith_array_ap.pp.0.cpp -- -std=gnu++14 -target fpga -fhls -ferror-limit=0
Command       clang_tidy done; 1.64 sec.
Execute       clang_tidy xilinx-constantarray-param,xilinx-remove-assert /afs/hep.wisc.edu/user/ekauffma/tachep/ekauffma_tachepfpga_assignment4-5/assignment4/assignment4_aptypes/solution1/.autopilot/db/basic_arith_array_ap.pp.0.cpp std=gnu++14 -target fpga  
INFO-FLOW: exec /afs/hep.wisc.edu/cms/sw/Xilinx/Vitis_HLS/2021.1/lnx64/tools/clang-3.9-csynth/bin/clang-tidy -header-filter=.* --checks=-*,xilinx-constantarray-param,xilinx-remove-assert -fix-errors /afs/hep.wisc.edu/user/ekauffma/tachep/ekauffma_tachepfpga_assignment4-5/assignment4/assignment4_aptypes/solution1/.autopilot/db/basic_arith_array_ap.pp.0.cpp -- -std=gnu++14 -target fpga -fhls -ferror-limit=0
Command       clang_tidy done; 1.25 sec.
INFO-FLOW: Done: clang-tidy CDT preprocess 39 time: 2.9 seconds per iteration
INFO-FLOW: Calling xilinx-label-all-loops ... 
INFO-FLOW: Calling xilinx-aggregate-on-hls-vector ... 
Execute       clang_tidy -errorcheck xilinx-label-all-loops,xilinx-aggregate-on-hls-vector,,xilinx-warn-mayneed-no-ctor-attribute /afs/hep.wisc.edu/user/ekauffma/tachep/ekauffma_tachepfpga_assignment4-5/assignment4/assignment4_aptypes/solution1/.autopilot/db/basic_arith_array_ap.pp.0.cpp std=gnu++14 -target fpga  
Execute         ap_eval exec -ignorestderr /afs/hep.wisc.edu/cms/sw/Xilinx/Vitis_HLS/2021.1/lnx64/tools/clang-3.9-csynth/bin/clang-tidy -export-fixes=/afs/hep.wisc.edu/user/ekauffma/tachep/ekauffma_tachepfpga_assignment4-5/assignment4/assignment4_aptypes/solution1/.autopilot/db/clang-tidy.basic_arith_array_ap.pp.0.cpp.diag.yml -header-filter=.* --checks=-*,xilinx-label-all-loops,xilinx-aggregate-on-hls-vector,,xilinx-warn-mayneed-no-ctor-attribute -fix-errors /afs/hep.wisc.edu/user/ekauffma/tachep/ekauffma_tachepfpga_assignment4-5/assignment4/assignment4_aptypes/solution1/.autopilot/db/basic_arith_array_ap.pp.0.cpp -- -std=gnu++14 -target fpga -fhls -ferror-limit=0 > /afs/hep.wisc.edu/user/ekauffma/tachep/ekauffma_tachepfpga_assignment4-5/assignment4/assignment4_aptypes/solution1/.autopilot/db/clang-tidy.basic_arith_array_ap.pp.0.cpp.out.log 2> /afs/hep.wisc.edu/user/ekauffma/tachep/ekauffma_tachepfpga_assignment4-5/assignment4/assignment4_aptypes/solution1/.autopilot/db/clang-tidy.basic_arith_array_ap.pp.0.cpp.err.log 
Command         ap_eval done; 1.84 sec.
Execute         source /afs/hep.wisc.edu/cms/sw/Xilinx/Vitis_HLS/2021.1/tps/tcl/tcllib1.11.1/yaml/yaml.tcl 
Command       clang_tidy done; 2.08 sec.
Execute       get_config_dataflow -strict_mode 
Execute       ap_eval exec -ignorestderr /afs/hep.wisc.edu/cms/sw/Xilinx/Vitis_HLS/2021.1/lnx64/tools/clang-3.9-csynth/bin/xilinx-dataflow-lawyer -export-fixes=/afs/hep.wisc.edu/user/ekauffma/tachep/ekauffma_tachepfpga_assignment4-5/assignment4/assignment4_aptypes/solution1/.autopilot/db/xilinx-dataflow-lawyer.basic_arith_array_ap.pp.0.cpp.diag.yml /afs/hep.wisc.edu/user/ekauffma/tachep/ekauffma_tachepfpga_assignment4-5/assignment4/assignment4_aptypes/solution1/.autopilot/db/basic_arith_array_ap.pp.0.cpp -- -std=gnu++14 -target fpga -fhls -ferror-limit=0 -fstrict-dataflow > /afs/hep.wisc.edu/user/ekauffma/tachep/ekauffma_tachepfpga_assignment4-5/assignment4/assignment4_aptypes/solution1/.autopilot/db/xilinx-dataflow-lawyer.basic_arith_array_ap.pp.0.cpp.out.log 2> /afs/hep.wisc.edu/user/ekauffma/tachep/ekauffma_tachepfpga_assignment4-5/assignment4/assignment4_aptypes/solution1/.autopilot/db/xilinx-dataflow-lawyer.basic_arith_array_ap.pp.0.cpp.err.log 
Command       ap_eval done; 1.05 sec.
Execute       ap_part_info -name xc7v585t-ffg1761-2 -data info 
INFO-FLOW: compiling source code to llvm bc
Execute       ap_eval exec -ignorestderr /afs/hep.wisc.edu/cms/sw/Xilinx/Vitis_HLS/2021.1/lnx64/tools/clang-3.9-csynth/bin/clang -foptimization-record-file=/afs/hep.wisc.edu/user/ekauffma/tachep/ekauffma_tachepfpga_assignment4-5/assignment4/assignment4_aptypes/solution1/.autopilot/db/clang.basic_arith_array_ap.pp.0.cpp.diag.yml -mllvm -pass-remarks-missed=reflow|pasta|unroll -mllvm -pass-remarks=reflow|pasta|unroll|inline -fno-limit-debug-info -fhls -flto -fno-exceptions -Wno-error=c++11-narrowing /afs/hep.wisc.edu/user/ekauffma/tachep/ekauffma_tachepfpga_assignment4-5/assignment4/assignment4_aptypes/solution1/.autopilot/db/basic_arith_array_ap.pp.0.cpp -fno-math-errno -c -emit-llvm -mllvm -disable-llvm-optzns -Werror=implicit-function-declaration -Werror=implicit-hls-streams -Werror=return-type -Wpragmas -Wunused-parameter -fno-threadsafe-statics -fno-use-cxa-atexit -std=gnu++14 -target fpga64-xilinx-linux-gnu -D__VITIS_HLS__ -DAESL_SYN -D__SYNTHESIS__ -D__HLS_SYN__ -I /afs/hep.wisc.edu/cms/sw/Xilinx/Vitis_HLS/2021.1/common/technology/autopilot -I /afs/hep.wisc.edu/cms/sw/Xilinx/Vitis_HLS/2021.1/common/technology/autopilot/ap_sysc -include etc/autopilot_ssdm_op.h -D__DSP48E1__ -g -o /afs/hep.wisc.edu/user/ekauffma/tachep/ekauffma_tachepfpga_assignment4-5/assignment4/assignment4_aptypes/solution1/.autopilot/db/basic_arith_array_ap.bc -hls-platform-db-name=/afs/hep.wisc.edu/cms/sw/Xilinx/Vitis_HLS/2021.1/common/technology/xilinx/common/platform.db -hls-platform-name=virtex7_medium > /afs/hep.wisc.edu/user/ekauffma/tachep/ekauffma_tachepfpga_assignment4-5/assignment4/assignment4_aptypes/solution1/.autopilot/db/clang.basic_arith_array_ap.pp.0.cpp.out.log 2> /afs/hep.wisc.edu/user/ekauffma/tachep/ekauffma_tachepfpga_assignment4-5/assignment4/assignment4_aptypes/solution1/.autopilot/db/clang.basic_arith_array_ap.pp.0.cpp.err.log 
Command       ap_eval done; 1.24 sec.
WARNING: [HLS 207-5301] unused parameter 'print': /afs/hep.wisc.edu/cms/sw/Xilinx/Vitis_HLS/2021.1/common/technology/autopilot/ap_int_base.h:792:16
INFO: [HLS 200-111] Finished Source Code Analysis and Preprocessing: CPU user time: 8.43 seconds. CPU system time: 1.02 seconds. Elapsed time: 10.12 seconds; current allocated memory: 253.336 MB.
INFO-FLOW: Linking Debug ...
INFO-FLOW: Linking dut bc code.
Execute       run_link_or_opt -out /afs/hep.wisc.edu/user/ekauffma/tachep/ekauffma_tachepfpga_assignment4-5/assignment4/assignment4_aptypes/solution1/.autopilot/db/a.g.ld.0.bc -args  "/afs/hep.wisc.edu/user/ekauffma/tachep/ekauffma_tachepfpga_assignment4-5/assignment4/assignment4_aptypes/solution1/.autopilot/db/basic_arith_array_ap.g.bc"  
Execute         ap_eval exec -ignorestderr /afs/hep.wisc.edu/cms/sw/Xilinx/Vitis_HLS/2021.1/lnx64/tools/clang-3.9-csynth/bin/llvm-link /afs/hep.wisc.edu/user/ekauffma/tachep/ekauffma_tachepfpga_assignment4-5/assignment4/assignment4_aptypes/solution1/.autopilot/db/basic_arith_array_ap.g.bc -o /afs/hep.wisc.edu/user/ekauffma/tachep/ekauffma_tachepfpga_assignment4-5/assignment4/assignment4_aptypes/solution1/.autopilot/db/a.g.ld.0.bc > /afs/hep.wisc.edu/user/ekauffma/tachep/ekauffma_tachepfpga_assignment4-5/assignment4/assignment4_aptypes/solution1/.autopilot/db/llvm-link.a.g.ld.0.bc.out.log 2> /afs/hep.wisc.edu/user/ekauffma/tachep/ekauffma_tachepfpga_assignment4-5/assignment4/assignment4_aptypes/solution1/.autopilot/db/llvm-link.a.g.ld.0.bc.err.log 
INFO-FLOW: 
Execute       run_link_or_opt -opt -out /afs/hep.wisc.edu/user/ekauffma/tachep/ekauffma_tachepfpga_assignment4-5/assignment4/assignment4_aptypes/solution1/.autopilot/db/a.g.ld.1.lower.bc -args /afs/hep.wisc.edu/user/ekauffma/tachep/ekauffma_tachepfpga_assignment4-5/assignment4/assignment4_aptypes/solution1/.autopilot/db/a.g.ld.0.bc -reflow-lower-math-intrinsics 
Execute         ap_eval exec -ignorestderr /afs/hep.wisc.edu/cms/sw/Xilinx/Vitis_HLS/2021.1/lnx64/tools/clang-3.9-csynth/bin/opt -pass-remarks-missed=reflow|pasta|unroll -pass-remarks=reflow|pasta|unroll|inline -pass-remarks-output=/afs/hep.wisc.edu/user/ekauffma/tachep/ekauffma_tachepfpga_assignment4-5/assignment4/assignment4_aptypes/solution1/.autopilot/db/opt.a.g.ld.1.lower.bc.diag.yml /afs/hep.wisc.edu/user/ekauffma/tachep/ekauffma_tachepfpga_assignment4-5/assignment4/assignment4_aptypes/solution1/.autopilot/db/a.g.ld.0.bc -reflow-lower-math-intrinsics -o /afs/hep.wisc.edu/user/ekauffma/tachep/ekauffma_tachepfpga_assignment4-5/assignment4/assignment4_aptypes/solution1/.autopilot/db/a.g.ld.1.lower.bc > /afs/hep.wisc.edu/user/ekauffma/tachep/ekauffma_tachepfpga_assignment4-5/assignment4/assignment4_aptypes/solution1/.autopilot/db/opt.a.g.ld.1.lower.bc.out.log 2> /afs/hep.wisc.edu/user/ekauffma/tachep/ekauffma_tachepfpga_assignment4-5/assignment4/assignment4_aptypes/solution1/.autopilot/db/opt.a.g.ld.1.lower.bc.err.log 
INFO-FLOW: 
INFO-FLOW: Linking math bc lib
Execute       run_link_or_opt -out /afs/hep.wisc.edu/user/ekauffma/tachep/ekauffma_tachepfpga_assignment4-5/assignment4/assignment4_aptypes/solution1/.autopilot/db/a.g.ld.2.m1.bc -args /afs/hep.wisc.edu/user/ekauffma/tachep/ekauffma_tachepfpga_assignment4-5/assignment4/assignment4_aptypes/solution1/.autopilot/db/a.g.ld.1.lower.bc -only-needed /afs/hep.wisc.edu/cms/sw/Xilinx/Vitis_HLS/2021.1/lnx64/lib/libhlsm_39.bc /afs/hep.wisc.edu/cms/sw/Xilinx/Vitis_HLS/2021.1/lnx64/lib/libhlsmc++_39.bc 
Execute         ap_eval exec -ignorestderr /afs/hep.wisc.edu/cms/sw/Xilinx/Vitis_HLS/2021.1/lnx64/tools/clang-3.9-csynth/bin/llvm-link /afs/hep.wisc.edu/user/ekauffma/tachep/ekauffma_tachepfpga_assignment4-5/assignment4/assignment4_aptypes/solution1/.autopilot/db/a.g.ld.1.lower.bc -only-needed /afs/hep.wisc.edu/cms/sw/Xilinx/Vitis_HLS/2021.1/lnx64/lib/libhlsm_39.bc /afs/hep.wisc.edu/cms/sw/Xilinx/Vitis_HLS/2021.1/lnx64/lib/libhlsmc++_39.bc -o /afs/hep.wisc.edu/user/ekauffma/tachep/ekauffma_tachepfpga_assignment4-5/assignment4/assignment4_aptypes/solution1/.autopilot/db/a.g.ld.2.m1.bc > /afs/hep.wisc.edu/user/ekauffma/tachep/ekauffma_tachepfpga_assignment4-5/assignment4/assignment4_aptypes/solution1/.autopilot/db/llvm-link.a.g.ld.2.m1.bc.out.log 2> /afs/hep.wisc.edu/user/ekauffma/tachep/ekauffma_tachepfpga_assignment4-5/assignment4/assignment4_aptypes/solution1/.autopilot/db/llvm-link.a.g.ld.2.m1.bc.err.log 
Command         ap_eval done; 4.39 sec.
INFO-FLOW: 
Command       run_link_or_opt done; 4.4 sec.
Execute       run_link_or_opt -opt -out /afs/hep.wisc.edu/user/ekauffma/tachep/ekauffma_tachepfpga_assignment4-5/assignment4/assignment4_aptypes/solution1/.autopilot/db/a.g.ld.3.fpc.bc -args /afs/hep.wisc.edu/user/ekauffma/tachep/ekauffma_tachepfpga_assignment4-5/assignment4/assignment4_aptypes/solution1/.autopilot/db/a.g.ld.2.m1.bc -reflow-globaldce -hls-top-function-name=basic_arith_array_ap -reflow-float-conversion 
Execute         ap_eval exec -ignorestderr /afs/hep.wisc.edu/cms/sw/Xilinx/Vitis_HLS/2021.1/lnx64/tools/clang-3.9-csynth/bin/opt -pass-remarks-missed=reflow|pasta|unroll -pass-remarks=reflow|pasta|unroll|inline -pass-remarks-output=/afs/hep.wisc.edu/user/ekauffma/tachep/ekauffma_tachepfpga_assignment4-5/assignment4/assignment4_aptypes/solution1/.autopilot/db/opt.a.g.ld.3.fpc.bc.diag.yml /afs/hep.wisc.edu/user/ekauffma/tachep/ekauffma_tachepfpga_assignment4-5/assignment4/assignment4_aptypes/solution1/.autopilot/db/a.g.ld.2.m1.bc -reflow-globaldce -hls-top-function-name=basic_arith_array_ap -reflow-float-conversion -o /afs/hep.wisc.edu/user/ekauffma/tachep/ekauffma_tachepfpga_assignment4-5/assignment4/assignment4_aptypes/solution1/.autopilot/db/a.g.ld.3.fpc.bc > /afs/hep.wisc.edu/user/ekauffma/tachep/ekauffma_tachepfpga_assignment4-5/assignment4/assignment4_aptypes/solution1/.autopilot/db/opt.a.g.ld.3.fpc.bc.out.log 2> /afs/hep.wisc.edu/user/ekauffma/tachep/ekauffma_tachepfpga_assignment4-5/assignment4/assignment4_aptypes/solution1/.autopilot/db/opt.a.g.ld.3.fpc.bc.err.log 
Command         ap_eval done; 1.31 sec.
INFO-FLOW: 
Command       run_link_or_opt done; 1.32 sec.
Execute       run_link_or_opt -out /afs/hep.wisc.edu/user/ekauffma/tachep/ekauffma_tachepfpga_assignment4-5/assignment4/assignment4_aptypes/solution1/.autopilot/db/a.g.ld.4.m2.bc -args /afs/hep.wisc.edu/user/ekauffma/tachep/ekauffma_tachepfpga_assignment4-5/assignment4/assignment4_aptypes/solution1/.autopilot/db/a.g.ld.3.fpc.bc -only-needed /afs/hep.wisc.edu/cms/sw/Xilinx/Vitis_HLS/2021.1/lnx64/lib/libfloatconversion_39.bc 
Execute         ap_eval exec -ignorestderr /afs/hep.wisc.edu/cms/sw/Xilinx/Vitis_HLS/2021.1/lnx64/tools/clang-3.9-csynth/bin/llvm-link /afs/hep.wisc.edu/user/ekauffma/tachep/ekauffma_tachepfpga_assignment4-5/assignment4/assignment4_aptypes/solution1/.autopilot/db/a.g.ld.3.fpc.bc -only-needed /afs/hep.wisc.edu/cms/sw/Xilinx/Vitis_HLS/2021.1/lnx64/lib/libfloatconversion_39.bc -o /afs/hep.wisc.edu/user/ekauffma/tachep/ekauffma_tachepfpga_assignment4-5/assignment4/assignment4_aptypes/solution1/.autopilot/db/a.g.ld.4.m2.bc > /afs/hep.wisc.edu/user/ekauffma/tachep/ekauffma_tachepfpga_assignment4-5/assignment4/assignment4_aptypes/solution1/.autopilot/db/llvm-link.a.g.ld.4.m2.bc.out.log 2> /afs/hep.wisc.edu/user/ekauffma/tachep/ekauffma_tachepfpga_assignment4-5/assignment4/assignment4_aptypes/solution1/.autopilot/db/llvm-link.a.g.ld.4.m2.bc.err.log 
Command         ap_eval done; 0.16 sec.
INFO-FLOW: 
Command       run_link_or_opt done; 0.16 sec.
Execute       run_link_or_opt -opt -out /afs/hep.wisc.edu/user/ekauffma/tachep/ekauffma_tachepfpga_assignment4-5/assignment4/assignment4_aptypes/solution1/.autopilot/db/a.g.ld.5.gdce.bc -args /afs/hep.wisc.edu/user/ekauffma/tachep/ekauffma_tachepfpga_assignment4-5/assignment4/assignment4_aptypes/solution1/.autopilot/db/a.g.ld.4.m2.bc -reflow-globaldce -hls-top-function-name=basic_arith_array_ap 
Execute         ap_eval exec -ignorestderr /afs/hep.wisc.edu/cms/sw/Xilinx/Vitis_HLS/2021.1/lnx64/tools/clang-3.9-csynth/bin/opt -pass-remarks-missed=reflow|pasta|unroll -pass-remarks=reflow|pasta|unroll|inline -pass-remarks-output=/afs/hep.wisc.edu/user/ekauffma/tachep/ekauffma_tachepfpga_assignment4-5/assignment4/assignment4_aptypes/solution1/.autopilot/db/opt.a.g.ld.5.gdce.bc.diag.yml /afs/hep.wisc.edu/user/ekauffma/tachep/ekauffma_tachepfpga_assignment4-5/assignment4/assignment4_aptypes/solution1/.autopilot/db/a.g.ld.4.m2.bc -reflow-globaldce -hls-top-function-name=basic_arith_array_ap -o /afs/hep.wisc.edu/user/ekauffma/tachep/ekauffma_tachepfpga_assignment4-5/assignment4/assignment4_aptypes/solution1/.autopilot/db/a.g.ld.5.gdce.bc > /afs/hep.wisc.edu/user/ekauffma/tachep/ekauffma_tachepfpga_assignment4-5/assignment4/assignment4_aptypes/solution1/.autopilot/db/opt.a.g.ld.5.gdce.bc.out.log 2> /afs/hep.wisc.edu/user/ekauffma/tachep/ekauffma_tachepfpga_assignment4-5/assignment4/assignment4_aptypes/solution1/.autopilot/db/opt.a.g.ld.5.gdce.bc.err.log 
INFO-FLOW: 
Execute       get_solution -flow_target 
Execute       get_config_export -xo 
Execute       get_config_export -format 
Execute       get_config_rtl -module_prefix 
Execute       get_config_interface -default_slave_interface 
Execute       get_solution -flow_target 
Execute       get_config_export -xo 
Execute       get_config_export -format 
Execute       get_config_interface -m_axi_offset 
Execute       get_config_interface -m_axi_latency 
Execute       get_config_interface -m_axi_alignment_byte_size 
Execute       get_config_interface -m_axi_min_bitwidth 
Execute       get_config_interface -m_axi_max_bitwidth 
Execute       get_config_interface -m_axi_max_widen_bitwidth 
Execute       get_config_interface -m_axi_num_read_outstanding 
Execute       get_config_interface -m_axi_num_write_outstanding 
Execute       get_config_interface -m_axi_max_read_burst_length 
Execute       get_config_interface -m_axi_max_write_burst_length 
Execute       get_config_interface -m_axi_min_bitwidth 
Execute       get_config_interface -m_axi_max_bitwidth 
Execute       get_config_interface -m_axi_latency 
Execute       get_config_interface -m_axi_min_bitwidth 
Execute       get_config_interface -m_axi_max_bitwidth 
Execute       get_config_interface -m_axi_max_widen_bitwidth 
Execute       get_config_interface -m_axi_auto_max_ports 
Execute       get_config_interface -m_axi_num_read_outstanding 
Execute       get_config_interface -m_axi_num_write_outstanding 
Execute       get_config_interface -m_axi_max_read_burst_length 
Execute       get_config_interface -m_axi_max_write_burst_length 
Execute       get_config_interface -s_axilite_data64 
Execute       get_config_compile -instruction_warning_threshold 
Execute       get_config_interface -m_axi_alignment_byte_size 
Execute       get_config_compile -pragma_strict_mode 
Execute       get_config_compile -pipeline_style 
Execute       get_config_array_partition -throughput_driven 
Execute       send_msg_by_id INFO @200-777@%s Vivado 
INFO: [HLS 200-777] Using interface defaults for 'Vivado' flow target.
Execute       is_m_axi_addr64 
INFO-FLOW: Doing LTO.
Execute       ap_eval exec -ignorestderr /afs/hep.wisc.edu/cms/sw/Xilinx/Vitis_HLS/2021.1/lnx64/tools/clang-3.9-csynth/bin/clang -foptimization-record-file=/afs/hep.wisc.edu/user/ekauffma/tachep/ekauffma_tachepfpga_assignment4-5/assignment4/assignment4_aptypes/solution1/.autopilot/db/clang.a.g.ld.0.bc.diag.yml -mllvm -pass-remarks-missed=reflow|pasta|unroll -mllvm -pass-remarks=reflow|pasta|unroll|inline -fhls -mllvm -hls-top-function-name=basic_arith_array_ap -mllvm -hls-db-dir -mllvm /afs/hep.wisc.edu/user/ekauffma/tachep/ekauffma_tachepfpga_assignment4-5/assignment4/assignment4_aptypes/solution1/.autopilot/db -emit-llvm -c -target fpga64-xilinx-none -mllvm -xcl-xmlinfo=/afs/hep.wisc.edu/user/ekauffma/tachep/ekauffma_tachepfpga_assignment4-5/assignment4/assignment4_aptypes/solution1/.autopilot/db/kernel.internal.xml -mllvm -top-io-mapping-info=/afs/hep.wisc.edu/user/ekauffma/tachep/ekauffma_tachepfpga_assignment4-5/assignment4/assignment4_aptypes/solution1/.autopilot/db/top-io-fe.xml -mllvm -hls-bitcode-version=3.1 -mllvm -reflow-enable-slave-interface-default-setting=true -mllvm -gen-kernel-xml=false -mllvm -default-maxi-offset=slave -mllvm -maxi-latency=0 -mllvm -hls-maxi-data-size-in-bits=8 -mllvm -hls-maxi-max-data-size-in-bits=1024 -mllvm -hls-max-widen-size-in-bits=0 -mllvm -xcl-kernel-max-mem-ports=0 -mllvm -maxi-read-trans=16 -mllvm -maxi-write-trans=16 -mllvm -maxi-read-burst-len=16 -mllvm -maxi-write-burst-len=16 -mllvm -reflow-enable-saxi-64bits=0 -mllvm -reflow-basic-block-instr-threshhold=200000 -mllvm -assume-maxi-align=0 -mllvm -no-unaligned-maxi-accesses -mllvm -reflow-pipeline-style-llvm-setting=0 -mllvm -reflow-auto-array-partition-mode=default -mllvm -reflow-enable-auto-array-partition=true -mllvm -reflow-aggregate-bitwidth-threshold=4096 -mllvm -reflow-disaggregate-bitwidth-threshold=4096 -mllvm -hls -mllvm -disable-inlined-alloca-merging=true -x ir /afs/hep.wisc.edu/user/ekauffma/tachep/ekauffma_tachepfpga_assignment4-5/assignment4/assignment4_aptypes/solution1/.autopilot/db/a.g.ld.5.gdce.bc -o /afs/hep.wisc.edu/user/ekauffma/tachep/ekauffma_tachepfpga_assignment4-5/assignment4/assignment4_aptypes/solution1/.autopilot/db/a.g.lto.bc -hls-platform-db-name=/afs/hep.wisc.edu/cms/sw/Xilinx/Vitis_HLS/2021.1/common/technology/xilinx/common/platform.db -hls-platform-name=virtex7_medium > /afs/hep.wisc.edu/user/ekauffma/tachep/ekauffma_tachepfpga_assignment4-5/assignment4/assignment4_aptypes/solution1/.autopilot/db/clang.a.g.ld.0.bc.out.log 2> /afs/hep.wisc.edu/user/ekauffma/tachep/ekauffma_tachepfpga_assignment4-5/assignment4/assignment4_aptypes/solution1/.autopilot/db/clang.a.g.ld.0.bc.err.log 
Command       ap_eval done; 0.31 sec.
INFO: [HLS 214-279] Initial Interval estimation mode is set into default.
INFO: [HLS 214-284] Auto array partition mode is set into default.
INFO: [HLS 214-241] Aggregating scalar variable 'out4' with field bit alignment mode in 6-bits (basic_arith_array_ap.cpp:12:0)
INFO: [HLS 214-241] Aggregating scalar variable 'out3' with field bit alignment mode in 22-bits (basic_arith_array_ap.cpp:12:0)
INFO: [HLS 214-241] Aggregating scalar variable 'out2' with field bit alignment mode in 13-bits (basic_arith_array_ap.cpp:12:0)
INFO: [HLS 214-241] Aggregating scalar variable 'out1' with field bit alignment mode in 18-bits (basic_arith_array_ap.cpp:12:0)
INFO: [HLS 214-241] Aggregating scalar variable 'inD' with field bit alignment mode in 33-bits (basic_arith_array_ap.cpp:12:0)
INFO: [HLS 214-241] Aggregating scalar variable 'inC' with field bit alignment mode in 22-bits (basic_arith_array_ap.cpp:12:0)
INFO: [HLS 214-241] Aggregating scalar variable 'inB' with field bit alignment mode in 12-bits (basic_arith_array_ap.cpp:12:0)
INFO: [HLS 214-241] Aggregating scalar variable 'inA' with field bit alignment mode in 6-bits (basic_arith_array_ap.cpp:12:0)
INFO: [HLS 214-270] Starting automatic array partition analysis...
INFO: [HLS 214-131] Inlining function '_llvm.fpga.pack.none.i18.s_struct.ap_int.9s' into 'basic_arith_array_ap(ap_int<6>*, ap_int<12>*, ap_int<22>*, ap_int<33>*, ap_int<18>*, ap_int<13>*, ap_int<22>*, ap_int<6>*, int)' (basic_arith_array_ap.cpp:16:10)
INFO: [HLS 214-131] Inlining function '_llvm.fpga.pack.bits.i6.s_struct.ap_ints.1' into 'basic_arith_array_ap(ap_int<6>*, ap_int<12>*, ap_int<22>*, ap_int<33>*, ap_int<18>*, ap_int<13>*, ap_int<22>*, ap_int<6>*, int)' (basic_arith_array_ap.cpp:19:17)
INFO: [HLS 214-131] Inlining function '_llvm.fpga.pack.none.i6.s_struct.ap_ints' into 'basic_arith_array_ap(ap_int<6>*, ap_int<12>*, ap_int<22>*, ap_int<33>*, ap_int<18>*, ap_int<13>*, ap_int<22>*, ap_int<6>*, int)' (basic_arith_array_ap.cpp:19:17)
INFO: [HLS 214-131] Inlining function '_llvm.fpga.pack.bits.i22.s_struct.ap_int.3s.1' into 'basic_arith_array_ap(ap_int<6>*, ap_int<12>*, ap_int<22>*, ap_int<33>*, ap_int<18>*, ap_int<13>*, ap_int<22>*, ap_int<6>*, int)' (basic_arith_array_ap.cpp:18:17)
INFO: [HLS 214-131] Inlining function '_llvm.fpga.pack.none.i22.s_struct.ap_int.3s' into 'basic_arith_array_ap(ap_int<6>*, ap_int<12>*, ap_int<22>*, ap_int<33>*, ap_int<18>*, ap_int<13>*, ap_int<22>*, ap_int<6>*, int)' (basic_arith_array_ap.cpp:18:17)
INFO: [HLS 214-131] Inlining function '_llvm.fpga.pack.bits.i13.s_struct.ap_int.12s.1' into 'basic_arith_array_ap(ap_int<6>*, ap_int<12>*, ap_int<22>*, ap_int<33>*, ap_int<18>*, ap_int<13>*, ap_int<22>*, ap_int<6>*, int)' (basic_arith_array_ap.cpp:17:17)
INFO: [HLS 214-131] Inlining function '_llvm.fpga.pack.none.i13.s_struct.ap_int.12s' into 'basic_arith_array_ap(ap_int<6>*, ap_int<12>*, ap_int<22>*, ap_int<33>*, ap_int<18>*, ap_int<13>*, ap_int<22>*, ap_int<6>*, int)' (basic_arith_array_ap.cpp:17:17)
INFO: [HLS 214-131] Inlining function '_llvm.fpga.pack.bits.i18.s_struct.ap_int.9s.1' into 'basic_arith_array_ap(ap_int<6>*, ap_int<12>*, ap_int<22>*, ap_int<33>*, ap_int<18>*, ap_int<13>*, ap_int<22>*, ap_int<6>*, int)' (basic_arith_array_ap.cpp:16:10)
INFO-FLOW: DBG:PUTS: copy_raw_kernel_xml ap_link_39: kernel.xml not generated: /afs/hep.wisc.edu/user/ekauffma/tachep/ekauffma_tachepfpga_assignment4-5/assignment4/assignment4_aptypes/solution1/.autopilot/db/kernel.internal.xml
INFO: [HLS 200-111] Finished Compiling Optimization and Transform: CPU user time: 5.19 seconds. CPU system time: 1.52 seconds. Elapsed time: 7.03 seconds; current allocated memory: 254.875 MB.
INFO: [HLS 200-111] Finished Checking Pragmas: CPU user time: 0 seconds. CPU system time: 0 seconds. Elapsed time: 0 seconds; current allocated memory: 254.877 MB.
Execute       opt_and_import_c a -opt_level=2 -skip_syncheck=0 -ng=0 -keep_printf=0 
Execute         cleanup_all_models 
INFO: [HLS 200-10] Starting code transformations ...
INFO-FLOW: Running Standard Transforms...
Execute         transform -hls -share-std-xform -demangle-name -inline-byval-memcpy -always-inline -promote-dbg-pointer -interface-preproc -mem2reg -scalarrepl -mem2reg -keep-read-access -instcombine -dce -promote-dbg-pointer -bitop-raise -loop-simplify -indvarspre -indvars -loop-simplify -xunroll -constprop -instcombine -simplifycfg -indvars -simplifycfg -dce -globaldce -basicaa -simplifycfg -mem2reg -globalopt -global-constprop -deadargelim -instcombine -simplifycfg -scalarrepl -instcombine -reassociate -licm -simplifycfg -loop-simplify -indvars -instcombine -simplifycfg -mem2reg -loop-simplify -indvars -instcombine -gvn -gvn -instcombine -adce -break-crit-edges -simplifycfg -loop-delete -global-array-opt -dce -dse -adce -find-syn-modules -top basic_arith_array_ap -deadargelim -mem2reg -instcombine -dce -presyn-prepare -auto-rom-infer -interface-preproc -syn-check -check-rec-only -find-region -simplifycfg -func-extr -function-inline -globaldce -mem2reg -instcombine -dce -gvn -globaldce -adce -adse -constprop -instcombine -bit-constprop -instcombine -dce -simplifycfg -bitop-raise -simplifycfg -dce -loop-delete -reassociate -globalopt -global-privatize -mem2reg -dce -global-constprop -pointer-simplify -constprop -dce -func-inst -deadargelim -auto-shift-reg-idiom -promote-dbg-pointer -norm-name /afs/hep.wisc.edu/user/ekauffma/tachep/ekauffma_tachepfpga_assignment4-5/assignment4/assignment4_aptypes/solution1/.autopilot/db/a.g.0.bc -o /afs/hep.wisc.edu/user/ekauffma/tachep/ekauffma_tachepfpga_assignment4-5/assignment4/assignment4_aptypes/solution1/.autopilot/db/a.g.1.bc -f -phase std-opt 
INFO: [HLS 200-111] Finished Standard Transforms: CPU user time: 0.04 seconds. CPU system time: 0.06 seconds. Elapsed time: 0.11 seconds; current allocated memory: 260.417 MB.
INFO: [HLS 200-10] Checking synthesizability ...
INFO-FLOW: Checking Synthesizability 1/2..
Execute         transform -hls -syn-check -check-rec-only -scalarrepl -norm-name -dce -mem2reg -instcombine -function-uniquify -directive-preproc -mem2reg -dse -dce -auto-rom-infer -dce -pag -array-normalize -instcombine -dce -array-seg-normalize -instcombine -dce -data-pack -instcombine -dce -inst-simplify -array-flatten -instcombine -dce -array-burst -dce -deadargelim -promote-global-argument -simplifycfg -mem2reg -globaldce -dce -deadargelim -dce -instcombine -function-inline -globaldce -dce -doublePtrSimplify -doublePtrElim -dce -doublePtrSimplify -promote-dbg-pointer -dce -scalarrepl -dse -adse -instcombine -ptrLegalization -simplifycfg -dce -instcombine -pointer-simplify -ptrArgReplace -dce -instcombine -resolve-double-ptr -scalarrepl -norm-name -dce -mem2reg -instcombine -ptrLegalization -simplifycfg -deadargelim -instcombine -dce -inst-simplify -function-uniquify -directive-preproc -mem2reg -dse -dce -globaldce -check-dspbuiltin /afs/hep.wisc.edu/user/ekauffma/tachep/ekauffma_tachepfpga_assignment4-5/assignment4/assignment4_aptypes/solution1/.autopilot/db/a.g.1.bc -o /afs/hep.wisc.edu/user/ekauffma/tachep/ekauffma_tachepfpga_assignment4-5/assignment4/assignment4_aptypes/solution1/.autopilot/db/a.g.2.prechk.bc -f 
INFO-FLOW: Checking Synthesizability 2/2..
Execute         transform -syn-check /afs/hep.wisc.edu/user/ekauffma/tachep/ekauffma_tachepfpga_assignment4-5/assignment4/assignment4_aptypes/solution1/.autopilot/db/a.g.2.prechk.bc -o /afs/hep.wisc.edu/user/ekauffma/tachep/ekauffma_tachepfpga_assignment4-5/assignment4/assignment4_aptypes/solution1/.autopilot/db/a.g.2.bc -f -phase syn-check 
INFO: [HLS 200-111] Finished Checking Synthesizability: CPU user time: 0.08 seconds. CPU system time: 0.04 seconds. Elapsed time: 0.14 seconds; current allocated memory: 267.614 MB.
INFO-FLOW: Compiler optimizing ...
INFO-FLOW: Share syncheck's 1.bc for syn flow: copy /afs/hep.wisc.edu/user/ekauffma/tachep/ekauffma_tachepfpga_assignment4-5/assignment4/assignment4_aptypes/solution1/.autopilot/db/a.g.1.bc to /afs/hep.wisc.edu/user/ekauffma/tachep/ekauffma_tachepfpga_assignment4-5/assignment4/assignment4_aptypes/solution1/.autopilot/db/a.o.1.bc
INFO-FLOW: Presyn 1...
Execute         transform -hls -tmp /afs/hep.wisc.edu/user/ekauffma/tachep/ekauffma_tachepfpga_assignment4-5/assignment4/assignment4_aptypes/solution1/.autopilot/db -interface-port-rename -function-uniquify -directive-preproc -mem2reg -dse -dce -scalarrepl -norm-name -deadargelim -mem2reg -instcombine -dce -simplifycfg -auto-rom-infer -dce -function-uniquify -resource-proc -clib-intrinsic-prepare -dce -func-buffer -dce -pag -array-normalize -func-legal -instcombine -gvn -constprop -dce -simplifycfg -mem2reg -globaldce -resolve-double-ptr -dce -deadargelim -dce -instcombine -ptrArgReplace -mem2reg -dce -array-seg-normalize -deadargelim -instcombine -dce -function-uniquify -directive-preproc -mem2reg -dse -dce -pointer-simplify -dce -port-alignment -dce -interface-preproc -data-pack -instcombine -dce -basicaa -aggr-aa -aggrmodref-aa -aggr-aa -gvn -gvn -basicaa -aggr-aa -aggrmodref-aa -aggr-aa -dse -adse -adce -loop-simplify -indvars -instcombine -gvn -loop-simplify -mem2reg -dce -find-region -instcombine -auto-loop-pipeline -inst-simplify -interface-preproc -cfgopt -instcombine -indvars -auto-loop-unroll -loop-simplify -loop-bound -xunroll -constprop -instcombine -simplifycfg -indvars -simplifycfg -dce -globaldce -clean-region -attach-range -gvn -inst-simplify -constprop -simplifycfg -dce -pointer-simplify -dce -globalopt -constprop -dce -array-promote -constprop -dce -ptrArgReplace -mem2reg -simplifycfg -dce -instcombine -dce -array-transform-check -array-reshape -instcombine -simplifycfg -dce -ptrArgReplace -deadargelim -mem2reg -instcombine -simplifycfg -dce -indvars -loop-simplify -loop-bound -xunroll -constprop -instcombine -simplifycfg -indvars -simplifycfg -dce -globaldce -basicaa -aggr-aa -aggrmodref-aa -aggr-aa -dse -duplicate-dataflow-processes -globaldce -instcombine -array-partition -instcombine -simplifycfg -dce -ptrArgReplace -global-constprop -deadargelim -mem2reg -func-legal -dce -global-constprop -deadargelim -mem2reg -simplifycfg -dce -merge-param -deadargelim -globalopt -constprop -dce -array-promote -constprop -dce -ptrArgReplace -mem2reg -simplifycfg -dce -mem-intrinsic-preproc -dce -global-internalize -global-privatize -mem2reg -globaldce -promote-global-argument -ptrArgReplace -mem2reg -dce -globalopt -mergereturn -simplify-global-access -mem2reg -dce -pointer-simplify -dce -functionattrs -basicaa -aggr-aa -aggrmodref-aa -aggr-aa -gvn -gvn -basicaa -aggr-aa -aggrmodref-aa -aggr-aa -dse -adse -adce -dce -norm-name -basicaa -aggr-aa -aggrmodref-aa -aggr-aa -accesses-merge -function-inline -complex-op-raise -inst-simplify -globaldce -func-inst -constprop -instcombine -simplifycfg -dce -func-legal -dce -loop-bound -arraycheck -bitwidthmin2 -bitwidthmin2 -on-by-dataflow -loop-delete -instcombine -simplifycfg -globaldce -dce -gvn -deadargelim -dce -loop-simplify -clean-region -simplifycfg -propagate-stable-arguments -loop-stream -instcombine -simplifycfg -dce -globaldce -duplicate-dataflow-processes -stream-intrinsic-preproc -dce -check-ap-stream -loop-simplify -eliminate-keepreads -extract-dataflow-in-loop -loop-simplify -dce -gvn -deadargelim -dse -duplicate-dataflow-processes -check-dataflow-syntax -legalize-stream-variable -legalize-global -extract-subproc -dce -dead-channel-elimination -canonicalize-gep -globaldce -dce -gvn -hls-dead-arg-elim -deadargelim -directive-preproc -annotate-dataflow-channels -scalar-preprocessing -scalar-propagation2 -deadargelim -globaldce -mem2reg -check-dataflow-channels -function-stream -dce -globaldce -prop-fifo-spec -internal-stream-gen -canonicalize-gep -globaldce -dce -gvn -deadargelim -mergereturn -indvars -loop-simplify -instcombine -array-stream -array-seg-normalize -array-partition -func-legal -instcombine -simplifycfg -dce -bundle-memfifo-ops -deadargelim -function-uniquify -directive-preproc -mem2reg -dse -dce -group-axi-access -licm -simplifycfg -dce -loop-delete -hls-display -norm-name /afs/hep.wisc.edu/user/ekauffma/tachep/ekauffma_tachepfpga_assignment4-5/assignment4/assignment4_aptypes/solution1/.autopilot/db/a.o.1.bc -o /afs/hep.wisc.edu/user/ekauffma/tachep/ekauffma_tachepfpga_assignment4-5/assignment4/assignment4_aptypes/solution1/.autopilot/db/a.o.1.tmp.bc -f 
INFO: [XFORM 203-510] Pipelining loop 'VITIS_LOOP_14_1' (basic_arith_array_ap.cpp:14) in function 'basic_arith_array_ap' automatically.
INFO-FLOW: Presyn 2...
Execute         transform -hls -keep-callgraph -scalarrepl -mem2reg -port-alignment -attach-range -dce -pipe-mux-gen -indvars -loop-bound -inst-simplify -instcombine -dce -merge-array-access -mem2reg -dce -clean-region -mergereturn -if-conv -instcombine -dce -constprop -basicaa -aggr-aa -aggrmodref-aa -aggr-aa -gvn -gvn -basicaa -aggr-aa -aggrmodref-aa -aggr-aa -dse -adse -adce -scalarrepl -mem2reg -global-constprop -deadargelim -deadargelim -instcombine -dce -simplifycfg -ptrArgReplace -mem2reg -function-inline -globaldce -mem2reg -instcombine -dce -expr-balance -instcombine -dce -bitwidthmin2 -bitwidthmin2 -interface-preproc -directive-preproc -inst-rectify -instcombine -dce -functionattrs -constprop -instcombine -bit-constprop -simplify-global-access -globalopt -globaldce -inst-simplify -instcombine -elimdeaddata -dce -loop-delete -simplifycfg -loop-simplify -auto-burst -barrier -norm-name /afs/hep.wisc.edu/user/ekauffma/tachep/ekauffma_tachepfpga_assignment4-5/assignment4/assignment4_aptypes/solution1/.autopilot/db/a.o.1.tmp.bc -o /afs/hep.wisc.edu/user/ekauffma/tachep/ekauffma_tachepfpga_assignment4-5/assignment4/assignment4_aptypes/solution1/.autopilot/db/a.o.2.bc -f -phase presyn 
INFO: [HLS 200-111] Finished Loop, function and other optimizations: CPU user time: 0.12 seconds. CPU system time: 0.08 seconds. Elapsed time: 0.21 seconds; current allocated memory: 295.400 MB.
Execute         get_config_compile -enable_auto_rewind 
Execute         get_config_compile -enable_loop_extract 
INFO-FLOW: Building ssdm...
Execute         transform -hls -function-uniquify -auto-function-inline -globaldce -ptrArgReplace -mem2reg -dce -reset-lda -loop-simplify -indvars -aggr-aa -licm -loop-dep -loop-bound -licm -loop-simplify -flattenloopnest -array-flatten -gvn -instcombine -dce -array-map -dce -func-legal -gvn -adce -instcombine -cfgopt -simplifycfg -loop-simplify -array-burst -promote-global-argument -dce -array-seg-normalize -basicaa -aggrmodref-aa -globalsmodref-aa -aggr-aa -gvn -gvn -basicaa -aggrmodref-aa -globalsmodref-aa -aggr-aa -dse -adse -adce -licm -inst-simplify -dce -globaldce -instcombine -array-stream -eliminate-keepreads -instcombine -dce -deadargelim -doublePtrSimplify -doublePtrElim -dce -doublePtrSimplify -promote-dbg-pointer -dce -scalarrepl -mem2reg -norm-name -mem2reg -instcombine -dse -adse -adce -ptrLegalization -dce -auto-rom-infer -array-flatten -dce -instcombine -check-doubleptr -loop-rot -constprop -cfgopt -simplifycfg -loop-simplify -indvars -pointer-simplify -dce -loop-bound -loop-simplify -loop-preproc -constprop -global-constprop -gvn -mem2reg -instcombine -dce -loop-bound -loop-merge -dce -deadargelim -dce -canonicalize-dataflow -dce -scalar-propagation2 -deadargelim -globaldce -mem2reg -load-elim -read-loop-dep -loop-simplify -loop-extract-inner -directive-preproc -bitwidthmin2 -bitwidthmin2 -read-loop-dep -interface-preproc -directive-preproc -interface-gen -bram-byte-enable -deadargelim -inst-simplify -dce -gvn -mem2reg -instcombine -dce -adse -loop-bound -instcombine -cfgopt -simplifycfg -loop-simplify -clean-region -io-protocol -find-region -mem2reg -bitop-raise -complex-op-raise -inst-simplify -inst-rectify -instcombine -adce -deadargelim -float-op-raise -loop-simplify -phi-opt -bitop-raise -cfgopt -simplifycfg -strip-dead-prototypes -interface-lower -bitop-lower -intrinsic-lower -auto-function-inline -basicaa -aggrmodref-aa -globalsmodref-aa -aggr-aa -inst-simplify -simplifycfg -loop-simplify -mergereturn -inst-simplify -inst-rectify -dce -load-elim -bitop-lower -float-op-raise -fma-raise -loop-rewind -pointer-simplify -dce -cfgopt -dce -loop-bound -loop-dep -read-loop-dep -dce -dyn-mem-reuse -dce -recurrence-min -dce -check-stream -norm-name -legalize -validate-dataflow -inst-clarity -bitwidth -dump-loop-dep-to-ir -check-all-ssdm -cdfg-build /afs/hep.wisc.edu/user/ekauffma/tachep/ekauffma_tachepfpga_assignment4-5/assignment4/assignment4_aptypes/solution1/.autopilot/db/a.o.2.bc -o /afs/hep.wisc.edu/user/ekauffma/tachep/ekauffma_tachepfpga_assignment4-5/assignment4/assignment4_aptypes/solution1/.autopilot/db/a.o.3.bc -f -phase build-ssdm 
INFO: [HLS 200-111] Finished Architecture Synthesis: CPU user time: 0.07 seconds. CPU system time: 0.02 seconds. Elapsed time: 0.1 seconds; current allocated memory: 292.487 MB.
INFO-FLOW: Finish building internal data model.
Command       opt_and_import_c done; 0.56 sec.
Command     elaborate done; 17.75 sec.
Execute     ap_eval exec zip -j /afs/hep.wisc.edu/user/ekauffma/tachep/ekauffma_tachepfpga_assignment4-5/assignment4/assignment4_aptypes/solution1/.autopilot/db/dut.hcp $dbDir/a.o.3.bc $dbDir/${topname}.rtl_wrap.cfg.tcl $dbDir/apatb_${topname}.cpp $dbDir/apatb_${topname}_util.cpp $dbDir/apatb_${topname}_ir.ll $dbDir/mapper_${topname}.cpp $dbDir/top-io-fe.xml $dbDir/kernel.internal.xml $workdir/../hls.app 
Execute     autosyn -from_csynth_design=1 
INFO: [HLS 200-10] Starting hardware synthesis ...
INFO-FLOW: Synthesizing C/C++ design ...
INFO: [HLS 200-10] Synthesizing 'basic_arith_array_ap' ...
Execute       ap_set_top_model basic_arith_array_ap 
Execute       get_model_list basic_arith_array_ap -filter all-wo-channel -topdown 
Execute       preproc_iomode -model basic_arith_array_ap 
Execute       get_model_list basic_arith_array_ap -filter all-wo-channel 
INFO-FLOW: Model list for configure: basic_arith_array_ap
INFO-FLOW: Configuring Module : basic_arith_array_ap ...
Execute       set_default_model basic_arith_array_ap 
Execute       apply_spec_resource_limit basic_arith_array_ap 
INFO-FLOW: Model list for preprocess: basic_arith_array_ap
INFO-FLOW: Preprocessing Module: basic_arith_array_ap ...
Execute       set_default_model basic_arith_array_ap 
Execute       cdfg_preprocess -model basic_arith_array_ap 
Execute       rtl_gen_preprocess basic_arith_array_ap 
INFO-FLOW: Model list for synthesis: basic_arith_array_ap
INFO: [HLS 200-10] ----------------------------------------------------------------
INFO: [HLS 200-42] -- Implementing module 'basic_arith_array_ap' 
INFO: [HLS 200-10] ----------------------------------------------------------------
Execute       set_default_model basic_arith_array_ap 
Execute       schedule -model basic_arith_array_ap 
INFO: [SCHED 204-11] Starting scheduling ...
INFO: [HLS 200-486] Changing DSP48 latency (root=ret) to 3 in order to utilize available DSP registers.
INFO: [SCHED 204-61] Pipelining loop 'VITIS_LOOP_14_1'.
INFO: [HLS 200-1470] Pipelining result : Target II = NA, Final II = 1, Depth = 37, loop 'VITIS_LOOP_14_1'
INFO: [SCHED 204-11] Finished scheduling.
Command       schedule done; 0.17 sec.
INFO: [HLS 200-111] Finished Scheduling: CPU user time: 0.2 seconds. CPU system time: 0.04 seconds. Elapsed time: 0.24 seconds; current allocated memory: 292.937 MB.
Execute       syn_report -verbosereport -o /afs/hep.wisc.edu/user/ekauffma/tachep/ekauffma_tachepfpga_assignment4-5/assignment4/assignment4_aptypes/solution1/.autopilot/db/basic_arith_array_ap.verbose.sched.rpt 
Execute         AP::get_flow_target_display_name
Execute           get_solution -flow_target 
Command       syn_report done; 0.29 sec.
Execute       db_write -o /afs/hep.wisc.edu/user/ekauffma/tachep/ekauffma_tachepfpga_assignment4-5/assignment4/assignment4_aptypes/solution1/.autopilot/db/basic_arith_array_ap.sched.adb -f 
INFO-FLOW: Finish scheduling basic_arith_array_ap.
Execute       set_default_model basic_arith_array_ap 
Execute       bind -model basic_arith_array_ap 
INFO: [BIND 205-100] Starting micro-architecture generation ...
INFO: [BIND 205-101] Performing variable lifetime analysis.
INFO: [BIND 205-101] Exploring resource sharing.
INFO: [BIND 205-101] Binding ...
INFO: [BIND 205-100] Finished micro-architecture generation.
Command       bind done; 0.13 sec.
INFO: [HLS 200-111] Finished Binding: CPU user time: 0.38 seconds. CPU system time: 0.02 seconds. Elapsed time: 0.43 seconds; current allocated memory: 293.340 MB.
Execute       syn_report -verbosereport -o /afs/hep.wisc.edu/user/ekauffma/tachep/ekauffma_tachepfpga_assignment4-5/assignment4/assignment4_aptypes/solution1/.autopilot/db/basic_arith_array_ap.verbose.bind.rpt 
Execute         AP::get_flow_target_display_name
Execute           get_solution -flow_target 
Command       syn_report done; 0.14 sec.
Execute       db_write -o /afs/hep.wisc.edu/user/ekauffma/tachep/ekauffma_tachepfpga_assignment4-5/assignment4/assignment4_aptypes/solution1/.autopilot/db/basic_arith_array_ap.bind.adb -f 
INFO-FLOW: Finish binding basic_arith_array_ap.
Execute       get_model_list basic_arith_array_ap -filter all-wo-channel 
INFO-FLOW: Preprocessing for RTLGen ...
Execute       rtl_gen_preprocess basic_arith_array_ap 
INFO-FLOW: Model list for RTL generation: basic_arith_array_ap
INFO: [HLS 200-10] ----------------------------------------------------------------
INFO: [HLS 200-10] -- Generating RTL for module 'basic_arith_array_ap' 
INFO: [HLS 200-10] ----------------------------------------------------------------
Execute       get_config_rtl -module_prefix 
Execute       get_config_rtl -module_prefix 
Execute       get_config_rtl -module_auto_prefix 
Execute       create_rtl_model basic_arith_array_ap -top_prefix  -sub_prefix basic_arith_array_ap_ -mg_file /afs/hep.wisc.edu/user/ekauffma/tachep/ekauffma_tachepfpga_assignment4-5/assignment4/assignment4_aptypes/solution1/.autopilot/db/basic_arith_array_ap.compgen.tcl 
INFO: [RTGEN 206-500] Setting interface mode on port 'basic_arith_array_ap/inA' to 'ap_none'.
INFO: [RTGEN 206-500] Setting interface mode on port 'basic_arith_array_ap/inB' to 'ap_none'.
INFO: [RTGEN 206-500] Setting interface mode on port 'basic_arith_array_ap/inC' to 'ap_none'.
INFO: [RTGEN 206-500] Setting interface mode on port 'basic_arith_array_ap/inD' to 'ap_none'.
INFO: [RTGEN 206-500] Setting interface mode on port 'basic_arith_array_ap/out1' to 'ap_vld'.
INFO: [RTGEN 206-500] Setting interface mode on port 'basic_arith_array_ap/out2' to 'ap_vld'.
INFO: [RTGEN 206-500] Setting interface mode on port 'basic_arith_array_ap/out3' to 'ap_vld'.
INFO: [RTGEN 206-500] Setting interface mode on port 'basic_arith_array_ap/out4' to 'ap_vld'.
INFO: [RTGEN 206-500] Setting interface mode on port 'basic_arith_array_ap/size' to 'ap_none'.
INFO: [RTGEN 206-500] Setting interface mode on function 'basic_arith_array_ap' to 'ap_ctrl_hs'.
INFO: [RTGEN 206-100] Generating core module 'mul_mul_12s_6s_18_4_1': 1 instance(s).
INFO: [RTGEN 206-100] Generating core module 'sdiv_22ns_6s_22_26_1': 1 instance(s).
INFO: [RTGEN 206-100] Generating core module 'srem_33ns_6s_6_37_1': 1 instance(s).
INFO: [RTGEN 206-100] Finished creating RTL model for 'basic_arith_array_ap'.
INFO: [HLS 200-111] Finished Creating RTL model: CPU user time: 0.17 seconds. CPU system time: 0.04 seconds. Elapsed time: 0.25 seconds; current allocated memory: 294.041 MB.
Execute       source /afs/hep.wisc.edu/user/ekauffma/tachep/ekauffma_tachepfpga_assignment4-5/assignment4/assignment4_aptypes/solution1/.autopilot/db/basic_arith_array_ap.rtl_wrap.cfg.tcl 
Execute       gen_rtl basic_arith_array_ap -istop -style xilinx -f -lang vhdl -o /afs/hep.wisc.edu/user/ekauffma/tachep/ekauffma_tachepfpga_assignment4-5/assignment4/assignment4_aptypes/solution1/syn/vhdl/basic_arith_array_ap 
Execute       gen_rtl basic_arith_array_ap -istop -style xilinx -f -lang vlog -o /afs/hep.wisc.edu/user/ekauffma/tachep/ekauffma_tachepfpga_assignment4-5/assignment4/assignment4_aptypes/solution1/syn/verilog/basic_arith_array_ap 
Execute       syn_report -csynth -model basic_arith_array_ap -o /afs/hep.wisc.edu/user/ekauffma/tachep/ekauffma_tachepfpga_assignment4-5/assignment4/assignment4_aptypes/solution1/syn/report/basic_arith_array_ap_csynth.rpt 
Execute         AP::get_flow_target_display_name
Execute           get_solution -flow_target 
Execute       syn_report -rtlxml -model basic_arith_array_ap -o /afs/hep.wisc.edu/user/ekauffma/tachep/ekauffma_tachepfpga_assignment4-5/assignment4/assignment4_aptypes/solution1/syn/report/basic_arith_array_ap_csynth.xml 
Execute         get_solution -flow_target
Execute           get_solution -flow_target 
Execute       syn_report -verbosereport -model basic_arith_array_ap -o /afs/hep.wisc.edu/user/ekauffma/tachep/ekauffma_tachepfpga_assignment4-5/assignment4/assignment4_aptypes/solution1/.autopilot/db/basic_arith_array_ap.verbose.rpt 
Execute         AP::get_flow_target_display_name
Execute           get_solution -flow_target 
Command       syn_report done; 0.16 sec.
Execute       db_write -model basic_arith_array_ap -f -o /afs/hep.wisc.edu/user/ekauffma/tachep/ekauffma_tachepfpga_assignment4-5/assignment4/assignment4_aptypes/solution1/.autopilot/db/basic_arith_array_ap.adb 
Execute       db_write -model basic_arith_array_ap -bindview -o /afs/hep.wisc.edu/user/ekauffma/tachep/ekauffma_tachepfpga_assignment4-5/assignment4/assignment4_aptypes/solution1/.autopilot/db/design.bindinfo.xml 
Execute       gen_tb_info basic_arith_array_ap -p /afs/hep.wisc.edu/user/ekauffma/tachep/ekauffma_tachepfpga_assignment4-5/assignment4/assignment4_aptypes/solution1/.autopilot/db -o /afs/hep.wisc.edu/user/ekauffma/tachep/ekauffma_tachepfpga_assignment4-5/assignment4/assignment4_aptypes/solution1/.autopilot/db/basic_arith_array_ap 
Execute       export_constraint_db -f -tool general -o /afs/hep.wisc.edu/user/ekauffma/tachep/ekauffma_tachepfpga_assignment4-5/assignment4/assignment4_aptypes/solution1/.autopilot/db/basic_arith_array_ap.constraint.tcl 
Execute       syn_report -designview -model basic_arith_array_ap -o /afs/hep.wisc.edu/user/ekauffma/tachep/ekauffma_tachepfpga_assignment4-5/assignment4/assignment4_aptypes/solution1/.autopilot/db/basic_arith_array_ap.design.xml 
Execute       syn_report -csynthDesign -model basic_arith_array_ap -o /afs/hep.wisc.edu/user/ekauffma/tachep/ekauffma_tachepfpga_assignment4-5/assignment4/assignment4_aptypes/solution1/syn/report/csynth.rpt 
Execute         AP::get_flow_target_display_name
Execute           get_solution -flow_target 
Execute       get_config_rtl -disable_wave_debug 
Execute       syn_report -wcfg -model basic_arith_array_ap -o /afs/hep.wisc.edu/user/ekauffma/tachep/ekauffma_tachepfpga_assignment4-5/assignment4/assignment4_aptypes/solution1/.autopilot/db/basic_arith_array_ap_dataflow_ana.wcfg 
Execute       syn_report -protoinst -model basic_arith_array_ap -o /afs/hep.wisc.edu/user/ekauffma/tachep/ekauffma_tachepfpga_assignment4-5/assignment4/assignment4_aptypes/solution1/.autopilot/db/basic_arith_array_ap.protoinst 
Execute       get_config_debug -directory 
Execute       sc_get_clocks basic_arith_array_ap 
Execute       get_config_export -vivado_clock 
Execute       get_config_rtl -module_prefix 
Execute       get_config_rtl -module_prefix 
Execute       get_config_rtl -module_auto_prefix 
Execute       sc_get_portdomain basic_arith_array_ap 
INFO-FLOW: Model list for RTL component generation: basic_arith_array_ap
INFO-FLOW: Handling components in module [basic_arith_array_ap] ... 
Execute       source /afs/hep.wisc.edu/user/ekauffma/tachep/ekauffma_tachepfpga_assignment4-5/assignment4/assignment4_aptypes/solution1/.autopilot/db/basic_arith_array_ap.compgen.tcl 
INFO-FLOW: Found component basic_arith_array_ap_sdiv_22ns_6s_22_26_1.
INFO-FLOW: Append model basic_arith_array_ap_sdiv_22ns_6s_22_26_1
INFO-FLOW: Found component basic_arith_array_ap_srem_33ns_6s_6_37_1.
INFO-FLOW: Append model basic_arith_array_ap_srem_33ns_6s_6_37_1
INFO-FLOW: Found component basic_arith_array_ap_mul_mul_12s_6s_18_4_1.
INFO-FLOW: Append model basic_arith_array_ap_mul_mul_12s_6s_18_4_1
INFO-FLOW: Append model basic_arith_array_ap
INFO-FLOW: Generating RTL model list ...
INFO-FLOW: All models in this session: basic_arith_array_ap_sdiv_22ns_6s_22_26_1 basic_arith_array_ap_srem_33ns_6s_6_37_1 basic_arith_array_ap_mul_mul_12s_6s_18_4_1 basic_arith_array_ap
INFO-FLOW: Generating /afs/hep.wisc.edu/user/ekauffma/tachep/ekauffma_tachepfpga_assignment4-5/assignment4/assignment4_aptypes/solution1/.autopilot/db/autopilot.rtl.models.txt file...
INFO-FLOW: To file: write model basic_arith_array_ap_sdiv_22ns_6s_22_26_1
INFO-FLOW: To file: write model basic_arith_array_ap_srem_33ns_6s_6_37_1
INFO-FLOW: To file: write model basic_arith_array_ap_mul_mul_12s_6s_18_4_1
INFO-FLOW: To file: write model basic_arith_array_ap
INFO-FLOW: Generating /afs/hep.wisc.edu/user/ekauffma/tachep/ekauffma_tachepfpga_assignment4-5/assignment4/assignment4_aptypes/solution1/.autopilot/db/autopilot.rtl.models.tcl file...
INFO-FLOW: Finished generating RTL model list.


INFO-FLOW: RTL Generation done.
INFO-FLOW: CAS Generation done.
INFO-FLOW: CBC Generation done.
INFO-FLOW: DBG:PROC: ::AESL_AUTOMG::auto_generate_csynth_design
Execute       get_top 
Execute       get_config_export -ipname 
Execute       get_config_export -xo 
Execute       get_config_export -format 
Execute       get_config_rtl -module_auto_prefix 
INFO-FLOW: DBG:PUTS: read_platform_lib /afs/hep.wisc.edu/user/ekauffma/tachep/ekauffma_tachepfpga_assignment4-5/assignment4/assignment4_aptypes/solution1/.autopilot/db/global.setting.tcl
Execute       source /afs/hep.wisc.edu/cms/sw/Xilinx/Vitis_HLS/2021.1/common/technology/generic/autopilot/common.gen 
Execute         source /afs/hep.wisc.edu/cms/sw/Xilinx/Vitis_HLS/2021.1/common/technology/generic/autopilot/APCoreGen.gen 
Execute       source /afs/hep.wisc.edu/cms/sw/Xilinx/Vitis_HLS/2021.1/common/technology/generic/autopilot/op.gen 
Execute       source /afs/hep.wisc.edu/cms/sw/Xilinx/Vitis_HLS/2021.1/common/technology/generic/autopilot/op_simcore.gen 
Execute       source /afs/hep.wisc.edu/cms/sw/Xilinx/Vitis_HLS/2021.1/common/technology/generic/autopilot/interface.gen 
Execute       source /afs/hep.wisc.edu/user/ekauffma/tachep/ekauffma_tachepfpga_assignment4-5/assignment4/assignment4_aptypes/solution1/.autopilot/db/global.setting.tcl 
Execute       source /afs/hep.wisc.edu/cms/sw/Xilinx/Vitis_HLS/2021.1/common/technology/xilinx/common/xilinx.gen 
Execute         source /afs/hep.wisc.edu/cms/sw/Xilinx/Vitis_HLS/2021.1/common/technology/xilinx/interface/plb46.gen 
Execute         source /afs/hep.wisc.edu/cms/sw/Xilinx/Vitis_HLS/2021.1/common/technology/xilinx/interface/axi4.gen 
Execute         source /afs/hep.wisc.edu/cms/sw/Xilinx/Vitis_HLS/2021.1/common/technology/xilinx/interface/nativeAXI4.gen 
Execute           source /afs/hep.wisc.edu/cms/sw/Xilinx/Vitis_HLS/2021.1/common/technology/xilinx/interface/saxilite.gen 
Execute           source /afs/hep.wisc.edu/cms/sw/Xilinx/Vitis_HLS/2021.1/common/technology/xilinx/interface/maxi.gen 
Execute         source /afs/hep.wisc.edu/cms/sw/Xilinx/Vitis_HLS/2021.1/common/technology/xilinx/scripts/xilinxcoregen.gen 
Execute         source /afs/hep.wisc.edu/cms/sw/Xilinx/Vitis_HLS/2021.1/common/technology/xilinx/interface/XilEDKCoreGen.gen 
Execute         source /afs/hep.wisc.edu/cms/sw/Xilinx/Vitis_HLS/2021.1/common/technology/xilinx/ip/dds_compiler.gen 
Execute         source /afs/hep.wisc.edu/cms/sw/Xilinx/Vitis_HLS/2021.1/common/technology/xilinx/ip/util.gen 
Execute         source /afs/hep.wisc.edu/cms/sw/Xilinx/Vitis_HLS/2021.1/common/technology/xilinx/ip/xfft.gen 
Command         ap_source done; 0.11 sec.
Execute         source /afs/hep.wisc.edu/cms/sw/Xilinx/Vitis_HLS/2021.1/common/technology/xilinx/ip/xfir.gen 
Execute         source /afs/hep.wisc.edu/cms/sw/Xilinx/Vitis_HLS/2021.1/common/technology/xilinx/DSP48/dsp48.gen 
Command       ap_source done; 0.16 sec.
INFO-FLOW: DBG:PUTS:   using AESL_AUTOCG::g_clock_period=10.000 (was NA)
INFO-FLOW: DBG:PROC: ::AESL_AUTOMG::generate_ip_cores gen_sim_model='1' gen_fp_models='0' gen_for_export='0' dstSCDir='' dstVhdlDir='/afs/hep.wisc.edu/user/ekauffma/tachep/ekauffma_tachepfpga_assignment4-5/assignment4/assignment4_aptypes/solution1/.autopilot/db/vhdl' dstVlogDir='/afs/hep.wisc.edu/user/ekauffma/tachep/ekauffma_tachepfpga_assignment4-5/assignment4/assignment4_aptypes/solution1/.autopilot/db/vlog' tclDir='/afs/hep.wisc.edu/user/ekauffma/tachep/ekauffma_tachepfpga_assignment4-5/assignment4/assignment4_aptypes/solution1/.autopilot/db' modelList='basic_arith_array_ap_sdiv_22ns_6s_22_26_1
basic_arith_array_ap_srem_33ns_6s_6_37_1
basic_arith_array_ap_mul_mul_12s_6s_18_4_1
basic_arith_array_ap
' expOnly='0'
Execute       source /afs/hep.wisc.edu/user/ekauffma/tachep/ekauffma_tachepfpga_assignment4-5/assignment4/assignment4_aptypes/solution1/.autopilot/db/global.setting.tcl 
Execute       ap_part_info -name xc7v585t-ffg1761-2 -data names -quiet 
Execute       ap_part_info -name xc7v585t-ffg1761-2 -data info -quiet 
Execute       source /afs/hep.wisc.edu/user/ekauffma/tachep/ekauffma_tachepfpga_assignment4-5/assignment4/assignment4_aptypes/solution1/.autopilot/db/global.setting.tcl 
Execute       source /afs/hep.wisc.edu/user/ekauffma/tachep/ekauffma_tachepfpga_assignment4-5/assignment4/assignment4_aptypes/solution1/.autopilot/db/global.setting.tcl 
Execute       source /afs/hep.wisc.edu/user/ekauffma/tachep/ekauffma_tachepfpga_assignment4-5/assignment4/assignment4_aptypes/solution1/.autopilot/db/basic_arith_array_ap.compgen.tcl 
Execute         ap_part_info -name xc7v585t-ffg1761-2 -data names -quiet 
Execute         ap_part_info -name xc7v585t-ffg1761-2 -data info -quiet 
INFO: [HLS 200-111] Finished Generating all RTL models: CPU user time: 0.56 seconds. CPU system time: 0.13 seconds. Elapsed time: 0.97 seconds; current allocated memory: 296.753 MB.
INFO-FLOW: DBG:PROC: ::AP::create_csynth_xml outfile=''
INFO-FLOW: Running: create_csynth_xml read xml data
INFO-FLOW: Done: create_csynth_xml read xml data time: 0 seconds per iteration
INFO-FLOW: Running: create_csynth_xml bind info
INFO-FLOW: Done: create_csynth_xml bind info time: 0 seconds per iteration
INFO-FLOW: Running: create_csynth_xml config info
Execute       get_config_op mul -impl 
Execute       get_config_op mul -latency 
Execute       get_config_op mul -precision 
Execute       get_config_op add -impl 
Execute       get_config_op add -latency 
Execute       get_config_op add -precision 
Execute       get_config_op sub -impl 
Execute       get_config_op sub -latency 
Execute       get_config_op sub -precision 
Execute       get_config_op fadd -impl 
Execute       get_config_op fadd -latency 
Execute       get_config_op fadd -precision 
Execute       get_config_op fsub -impl 
Execute       get_config_op fsub -latency 
Execute       get_config_op fsub -precision 
Execute       get_config_op fdiv -impl 
Execute       get_config_op fdiv -latency 
Execute       get_config_op fdiv -precision 
Execute       get_config_op fexp -impl 
Execute       get_config_op fexp -latency 
Execute       get_config_op fexp -precision 
Execute       get_config_op flog -impl 
Execute       get_config_op flog -latency 
Execute       get_config_op flog -precision 
Execute       get_config_op fmul -impl 
Execute       get_config_op fmul -latency 
Execute       get_config_op fmul -precision 
Execute       get_config_op frsqrt -impl 
Execute       get_config_op frsqrt -latency 
Execute       get_config_op frsqrt -precision 
Execute       get_config_op frecip -impl 
Execute       get_config_op frecip -latency 
Execute       get_config_op frecip -precision 
Execute       get_config_op fsqrt -impl 
Execute       get_config_op fsqrt -latency 
Execute       get_config_op fsqrt -precision 
Execute       get_config_op dadd -impl 
Execute       get_config_op dadd -latency 
Execute       get_config_op dadd -precision 
Execute       get_config_op dsub -impl 
Execute       get_config_op dsub -latency 
Execute       get_config_op dsub -precision 
Execute       get_config_op ddiv -impl 
Execute       get_config_op ddiv -latency 
Execute       get_config_op ddiv -precision 
Execute       get_config_op dexp -impl 
Execute       get_config_op dexp -latency 
Execute       get_config_op dexp -precision 
Execute       get_config_op dlog -impl 
Execute       get_config_op dlog -latency 
Execute       get_config_op dlog -precision 
Execute       get_config_op dmul -impl 
Execute       get_config_op dmul -latency 
Execute       get_config_op dmul -precision 
Execute       get_config_op drsqrt -impl 
Execute       get_config_op drsqrt -latency 
Execute       get_config_op drsqrt -precision 
Execute       get_config_op drecip -impl 
Execute       get_config_op drecip -latency 
Execute       get_config_op drecip -precision 
Execute       get_config_op dsqrt -impl 
Execute       get_config_op dsqrt -latency 
Execute       get_config_op dsqrt -precision 
Execute       get_config_op hadd -impl 
Execute       get_config_op hadd -latency 
Execute       get_config_op hadd -precision 
Execute       get_config_op hsub -impl 
Execute       get_config_op hsub -latency 
Execute       get_config_op hsub -precision 
Execute       get_config_op hdiv -impl 
Execute       get_config_op hdiv -latency 
Execute       get_config_op hdiv -precision 
Execute       get_config_op hmul -impl 
Execute       get_config_op hmul -latency 
Execute       get_config_op hmul -precision 
Execute       get_config_op hsqrt -impl 
Execute       get_config_op hsqrt -latency 
Execute       get_config_op hsqrt -precision 
Execute       get_config_op facc -impl 
Execute       get_config_op facc -latency 
Execute       get_config_op facc -precision 
Execute       get_config_op fmacc -impl 
Execute       get_config_op fmacc -latency 
Execute       get_config_op fmacc -precision 
Execute       get_config_op fmadd -impl 
Execute       get_config_op fmadd -latency 
Execute       get_config_op fmadd -precision 
Execute       get_config_storage fifo -auto_srl_max_bits 
Execute       get_config_storage fifo -auto_srl_max_depth 
Execute       get_config_storage fifo -impl 
Execute       get_solution -flow_target 
Execute       get_config_array_partition -complete_threshold 
Execute       get_config_array_partition -throughput_driven 
Execute       get_config_compile -enable_auto_rewind 
Execute       get_config_compile -name_max_length 
Execute       get_config_compile -no_signed_zeros 
Execute       get_config_compile -pipeline_loops 
Execute       get_config_compile -pipeline_style 
Execute       get_config_compile -pragma_strict_mode 
Execute       get_config_compile -pre_tcl 
Execute       get_config_compile -unsafe_math_optimizations 
Execute       get_config_dataflow -default_channel 
Execute       get_config_dataflow -disable_fifo_sizing_opt 
Execute       get_config_dataflow -fifo_depth 
Execute       get_config_dataflow -override_user_fifo_depth 
Execute       get_config_dataflow -scalar_fifo_depth 
Execute       get_config_dataflow -start_fifo_depth 
Execute       get_config_dataflow -strict_mode 
Execute       get_config_dataflow -strict_stable_sync 
Execute       get_config_dataflow -task_level_fifo_depth 
Execute       get_config_debug -directory 
Execute       get_config_debug -enable 
Execute       get_config_export -description 
Execute       get_config_export -disable_deadlock_detection 
Execute       get_config_export -display_name 
Execute       get_config_export -format 
Execute       get_config_export -ip_xdc_file 
Execute       get_config_export -ip_xdc_ooc_file 
Execute       get_config_export -ipname 
Execute       get_config_export -library 
Execute       get_config_export -output 
Execute       get_config_export -rtl 
Execute       get_config_export -taxonomy 
Execute       get_config_export -vendor 
Execute       get_config_export -version 
Execute       get_config_export -vivado_clock 
Execute       get_config_export -vivado_impl_strategy 
Execute       get_config_export -vivado_max_timing_paths 
Execute       get_config_export -vivado_optimization_level 
Execute       get_config_export -vivado_pblock 
Execute       get_config_export -vivado_phys_opt 
Execute       get_config_export -vivado_report_level 
Execute       get_config_export -vivado_synth_design_args 
Execute       get_config_export -vivado_synth_strategy 
Execute       get_config_interface -clock_enable 
Execute       get_config_interface -default_slave_interface 
Execute       get_config_interface -m_axi_addr64 
Execute       get_config_interface -m_axi_alignment_byte_size 
Execute       get_config_interface -m_axi_auto_max_ports 
Execute       get_config_interface -m_axi_buffer_impl 
Execute       get_config_interface -m_axi_conservative_mode 
Execute       get_config_interface -m_axi_flush_mode 
Execute       get_config_interface -m_axi_latency 
Execute       get_config_interface -m_axi_max_bitwidth 
Execute       get_config_interface -m_axi_max_read_burst_length 
Execute       get_config_interface -m_axi_max_widen_bitwidth 
Execute       get_config_interface -m_axi_max_write_burst_length 
Execute       get_config_interface -m_axi_min_bitwidth 
Execute       get_config_interface -m_axi_num_read_outstanding 
Execute       get_config_interface -m_axi_num_write_outstanding 
Execute       get_config_interface -m_axi_offset 
Execute       get_config_interface -register_io 
Execute       get_config_interface -s_axilite_data64 
Execute       get_config_interface -s_axilite_mailbox 
Execute       get_config_interface -s_axilite_status_regs 
Execute       get_config_interface -s_axilite_sw_reset 
Execute       get_config_rtl -header 
Execute       get_config_rtl -kernel_profile 
Execute       get_config_rtl -module_auto_prefix 
Execute       get_config_rtl -module_prefix 
Execute       get_config_rtl -mult_keep_attribute 
Execute       get_config_rtl -register_all_io 
Execute       get_config_rtl -register_reset_num 
Execute       get_config_rtl -reset 
Execute       get_config_rtl -reset_async 
Execute       get_config_rtl -reset_level 
Execute       get_config_schedule -enable_dsp_full_reg 
Execute       get_config_unroll -tripcount_threshold 
INFO-FLOW: Done: create_csynth_xml config info time: 0.1 seconds per iteration
INFO-FLOW: Running: create_csynth_xml write xml
INFO-FLOW: Done: create_csynth_xml write xml time: 0 seconds per iteration
INFO-FLOW: DBG:PUTS:       create_csynth_xml wrote csynth_xml=/afs/hep.wisc.edu/user/ekauffma/tachep/ekauffma_tachepfpga_assignment4-5/assignment4/assignment4_aptypes/solution1/syn/report/csynth.xml
INFO-FLOW: DBG:PROC: ::AP::DESIGN_DATA::generate_json generate_bd_files='0' generate_xo_files='0' modelList='basic_arith_array_ap_sdiv_22ns_6s_22_26_1
basic_arith_array_ap_srem_33ns_6s_6_37_1
basic_arith_array_ap_mul_mul_12s_6s_18_4_1
basic_arith_array_ap
' rtl_lang='both' bootstrap_tcl='false' outdir='' outfilename=''
Execute       source /afs/hep.wisc.edu/user/ekauffma/tachep/ekauffma_tachepfpga_assignment4-5/assignment4/assignment4_aptypes/solution1/.autopilot/db/global.setting.tcl 
Execute       source /afs/hep.wisc.edu/user/ekauffma/tachep/ekauffma_tachepfpga_assignment4-5/assignment4/assignment4_aptypes/solution1/.autopilot/db/global.setting.tcl 
Execute       get_solution -flow_target 
Execute       get_config_export -xo 
Execute       get_config_export -format 
Execute       source /afs/hep.wisc.edu/user/ekauffma/tachep/ekauffma_tachepfpga_assignment4-5/assignment4/assignment4_aptypes/solution1/.autopilot/db/top-io-be.tcl 
Execute       source /afs/hep.wisc.edu/user/ekauffma/tachep/ekauffma_tachepfpga_assignment4-5/assignment4/assignment4_aptypes/solution1/.autopilot/db/basic_arith_array_ap.tbgen.tcl 
Execute       source /afs/hep.wisc.edu/user/ekauffma/tachep/ekauffma_tachepfpga_assignment4-5/assignment4/assignment4_aptypes/solution1/.autopilot/db/basic_arith_array_ap.rtl_wrap.cfg.tcl 
Execute       source /afs/hep.wisc.edu/user/ekauffma/tachep/ekauffma_tachepfpga_assignment4-5/assignment4/assignment4_aptypes/solution1/.autopilot/db/basic_arith_array_ap.compgen.dataonly.tcl 
Execute       get_config_export -format 
Execute       ap_part_info -name xc7v585t-ffg1761-2 -data names -quiet 
Execute       ap_part_info -name xc7v585t-ffg1761-2 -data info -quiet 
Execute       source /afs/hep.wisc.edu/user/ekauffma/tachep/ekauffma_tachepfpga_assignment4-5/assignment4/assignment4_aptypes/solution1/.autopilot/db/basic_arith_array_ap.tbgen.tcl 
Execute       source /afs/hep.wisc.edu/user/ekauffma/tachep/ekauffma_tachepfpga_assignment4-5/assignment4/assignment4_aptypes/solution1/.autopilot/db/global.setting.tcl 
Execute       ap_part_info -name xc7v585t-ffg1761-2 -data names -quiet 
Execute       ap_part_info -name xc7v585t-ffg1761-2 -data info -quiet 
Execute       get_solution -flow_target 
Execute       get_config_rtl -kernel_profile 
Execute       get_config_rtl -kernel_profile 
Execute       get_config_rtl -stall_sig_gen 
Execute       get_config_rtl -profile 
Execute       source /afs/hep.wisc.edu/user/ekauffma/tachep/ekauffma_tachepfpga_assignment4-5/assignment4/assignment4_aptypes/solution1/.autopilot/db/basic_arith_array_ap.constraint.tcl 
Execute       sc_get_clocks basic_arith_array_ap 
Execute       source /afs/hep.wisc.edu/user/ekauffma/tachep/ekauffma_tachepfpga_assignment4-5/assignment4/assignment4_aptypes/solution1/.autopilot/db/global.setting.tcl 
Execute       get_config_export -ip_xdc_file 
Execute       get_config_export -ip_xdc_ooc_file 
Execute       get_config_debug -directory 
INFO-FLOW: DBG:PROC: ::AP::add_csynth_report_sections
INFO-FLOW: DBG:PUTS:       update_csynth_reports json2reportxml
INFO-FLOW: DBG:PUTS:       update_csynth_reports wrote xml
INFO-FLOW: DBG:PUTS:       update_csynth_reports appended to csynth rpt file
INFO: [HLS 200-111] Finished Updating report files: CPU user time: 0.52 seconds. CPU system time: 0.06 seconds. Elapsed time: 0.69 seconds; current allocated memory: 299.428 MB.
INFO: [VHDL 208-304] Generating VHDL RTL for basic_arith_array_ap.
INFO: [VLOG 209-307] Generating Verilog RTL for basic_arith_array_ap.
Execute       syn_report -model basic_arith_array_ap -printsummary 
INFO: [HLS 200-790] **** Loop Constraint Status: All loop constraints were satisfied.
INFO: [HLS 200-789] **** Estimated Fmax: 376.22 MHz
Command     autosyn done; 2.57 sec.
Command   csynth_design done; 20.38 sec.
INFO: [HLS 200-111] Finished Command csynth_design CPU user time: 15.79 seconds. CPU system time: 3.07 seconds. Elapsed time: 20.38 seconds; current allocated memory: 299.415 MB.
Execute   cleanup_all 
