

================================================================
== Vitis HLS Report for 'basic_arith_array_ap'
================================================================
* Date:           Mon Mar 31 14:51:33 2025

* Version:        2021.1 (Build 3247384 on Thu Jun 10 19:36:07 MDT 2021)
* Project:        assignment4_aptypes
* Solution:       solution1 (Vivado IP Flow Target)
* Product family: virtex7
* Target device:  xc7v585t-ffg1761-2


================================================================
== Performance Estimates
================================================================
+ Timing: 
    * Summary: 
    +--------+----------+----------+------------+
    |  Clock |  Target  | Estimated| Uncertainty|
    +--------+----------+----------+------------+
    |ap_clk  |  10.00 ns|  2.658 ns|     2.70 ns|
    +--------+----------+----------+------------+

+ Latency: 
    * Summary: 
    +---------+---------+----------+----------+-----+-----+---------+
    |  Latency (cycles) |  Latency (absolute) |  Interval | Pipeline|
    |   min   |   max   |    min   |    max   | min | max |   Type  |
    +---------+---------+----------+----------+-----+-----+---------+
    |       41|       60|  0.410 us|  0.600 us|   42|   61|       no|
    +---------+---------+----------+----------+-----+-----+---------+

    + Detail: 
        * Instance: 
        N/A

        * Loop: 
        +-------------------+---------+---------+----------+-----------+-----------+--------+----------+
        |                   |  Latency (cycles) | Iteration|  Initiation Interval  |  Trip  |          |
        |     Loop Name     |   min   |   max   |  Latency |  achieved |   target  |  Count | Pipelined|
        +-------------------+---------+---------+----------+-----------+-----------+--------+----------+
        |- VITIS_LOOP_14_1  |       36|       55|        37|          1|          1|  1 ~ 20|       yes|
        +-------------------+---------+---------+----------+-----------+-----------+--------+----------+



================================================================
== Utilization Estimates
================================================================
* Summary: 
+-----------------+---------+------+--------+--------+-----+
|       Name      | BRAM_18K|  DSP |   FF   |   LUT  | URAM|
+-----------------+---------+------+--------+--------+-----+
|DSP              |        -|     1|       -|       -|    -|
|Expression       |        -|     -|       0|     124|    -|
|FIFO             |        -|     -|       -|       -|    -|
|Instance         |        -|     -|    3651|    2776|    -|
|Memory           |        -|     -|       -|       -|    -|
|Multiplexer      |        -|     -|       -|      56|    -|
|Register         |        -|     -|     257|       -|    -|
+-----------------+---------+------+--------+--------+-----+
|Total            |        0|     1|    3908|    2956|    0|
+-----------------+---------+------+--------+--------+-----+
|Available        |     1590|  1260|  728400|  364200|    0|
+-----------------+---------+------+--------+--------+-----+
|Utilization (%)  |        0|    ~0|      ~0|      ~0|    0|
+-----------------+---------+------+--------+--------+-----+

+ Detail: 
    * Instance: 
    +-------------------------+----------------------+---------+----+------+------+-----+
    |         Instance        |        Module        | BRAM_18K| DSP|  FF  |  LUT | URAM|
    +-------------------------+----------------------+---------+----+------+------+-----+
    |sdiv_22ns_6s_22_26_1_U1  |sdiv_22ns_6s_22_26_1  |        0|   0|  1217|   922|    0|
    |srem_33ns_6s_6_37_1_U2   |srem_33ns_6s_6_37_1   |        0|   0|  2434|  1854|    0|
    +-------------------------+----------------------+---------+----+------+------+-----+
    |Total                    |                      |        0|   0|  3651|  2776|    0|
    +-------------------------+----------------------+---------+----+------+------+-----+

    * DSP: 
    +--------------------------+-----------------------+-----------+
    |         Instance         |         Module        | Expression|
    +--------------------------+-----------------------+-----------+
    |mul_mul_12s_6s_18_4_1_U3  |mul_mul_12s_6s_18_4_1  |    i0 * i1|
    +--------------------------+-----------------------+-----------+

    * Memory: 
    N/A

    * FIFO: 
    N/A

    * Expression: 
    +-------------------------+----------+----+---+----+------------+------------+
    |      Variable Name      | Operation| DSP| FF| LUT| Bitwidth P0| Bitwidth P1|
    +-------------------------+----------+----+---+----+------------+------------+
    |i_2_fu_177_p2            |         +|   0|  0|  71|          64|           1|
    |ret_1_fu_157_p2          |         +|   0|  0|  20|          13|          13|
    |icmp_ln14_fu_172_p2      |      icmp|   0|  0|  29|          64|          64|
    |ap_enable_pp0            |       xor|   0|  0|   2|           1|           2|
    |ap_enable_reg_pp0_iter1  |       xor|   0|  0|   2|           2|           1|
    +-------------------------+----------+----+---+----+------------+------------+
    |Total                    |          |   0|  0| 124|         144|          81|
    +-------------------------+----------+----+---+----+------------+------------+

    * Multiplexer: 
    +--------------------------+----+-----------+-----+-----------+
    |           Name           | LUT| Input Size| Bits| Total Bits|
    +--------------------------+----+-----------+-----+-----------+
    |ap_NS_fsm                 |  29|          7|    1|          7|
    |ap_enable_reg_pp0_iter1   |   9|          2|    1|          2|
    |ap_enable_reg_pp0_iter36  |   9|          2|    1|          2|
    |i_fu_72                   |   9|          2|   64|        128|
    +--------------------------+----+-----------+-----+-----------+
    |Total                     |  56|         13|   67|        139|
    +--------------------------+----+-----------+-----+-----------+

    * Register: 
    +--------------------------+----+----+-----+-----------+
    |           Name           | FF | LUT| Bits| Const Bits|
    +--------------------------+----+----+-----+-----------+
    |ap_CS_fsm                 |   6|   0|    6|          0|
    |ap_enable_reg_pp0_iter0   |   1|   0|    1|          0|
    |ap_enable_reg_pp0_iter1   |   1|   0|    1|          0|
    |ap_enable_reg_pp0_iter10  |   1|   0|    1|          0|
    |ap_enable_reg_pp0_iter11  |   1|   0|    1|          0|
    |ap_enable_reg_pp0_iter12  |   1|   0|    1|          0|
    |ap_enable_reg_pp0_iter13  |   1|   0|    1|          0|
    |ap_enable_reg_pp0_iter14  |   1|   0|    1|          0|
    |ap_enable_reg_pp0_iter15  |   1|   0|    1|          0|
    |ap_enable_reg_pp0_iter16  |   1|   0|    1|          0|
    |ap_enable_reg_pp0_iter17  |   1|   0|    1|          0|
    |ap_enable_reg_pp0_iter18  |   1|   0|    1|          0|
    |ap_enable_reg_pp0_iter19  |   1|   0|    1|          0|
    |ap_enable_reg_pp0_iter2   |   1|   0|    1|          0|
    |ap_enable_reg_pp0_iter20  |   1|   0|    1|          0|
    |ap_enable_reg_pp0_iter21  |   1|   0|    1|          0|
    |ap_enable_reg_pp0_iter22  |   1|   0|    1|          0|
    |ap_enable_reg_pp0_iter23  |   1|   0|    1|          0|
    |ap_enable_reg_pp0_iter24  |   1|   0|    1|          0|
    |ap_enable_reg_pp0_iter25  |   1|   0|    1|          0|
    |ap_enable_reg_pp0_iter26  |   1|   0|    1|          0|
    |ap_enable_reg_pp0_iter27  |   1|   0|    1|          0|
    |ap_enable_reg_pp0_iter28  |   1|   0|    1|          0|
    |ap_enable_reg_pp0_iter29  |   1|   0|    1|          0|
    |ap_enable_reg_pp0_iter3   |   1|   0|    1|          0|
    |ap_enable_reg_pp0_iter30  |   1|   0|    1|          0|
    |ap_enable_reg_pp0_iter31  |   1|   0|    1|          0|
    |ap_enable_reg_pp0_iter32  |   1|   0|    1|          0|
    |ap_enable_reg_pp0_iter33  |   1|   0|    1|          0|
    |ap_enable_reg_pp0_iter34  |   1|   0|    1|          0|
    |ap_enable_reg_pp0_iter35  |   1|   0|    1|          0|
    |ap_enable_reg_pp0_iter36  |   1|   0|    1|          0|
    |ap_enable_reg_pp0_iter4   |   1|   0|    1|          0|
    |ap_enable_reg_pp0_iter5   |   1|   0|    1|          0|
    |ap_enable_reg_pp0_iter6   |   1|   0|    1|          0|
    |ap_enable_reg_pp0_iter7   |   1|   0|    1|          0|
    |ap_enable_reg_pp0_iter8   |   1|   0|    1|          0|
    |ap_enable_reg_pp0_iter9   |   1|   0|    1|          0|
    |conv_reg_237              |  64|   0|   64|          0|
    |i_fu_72                   |  64|   0|   64|          0|
    |ret_1_reg_247             |  13|   0|   13|          0|
    |ret_reg_242               |  18|   0|   18|          0|
    |sext_ln14_reg_267         |  22|   0|   22|          0|
    |sext_ln1544_reg_262       |  33|   0|   33|          0|
    +--------------------------+----+----+-----+-----------+
    |Total                     | 257|   0|  257|          0|
    +--------------------------+----+----+-----+-----------+



================================================================
== Interface
================================================================
* Summary: 
+-------------+-----+-----+------------+----------------------+--------------+
|  RTL Ports  | Dir | Bits|  Protocol  |     Source Object    |    C Type    |
+-------------+-----+-----+------------+----------------------+--------------+
|ap_clk       |   in|    1|  ap_ctrl_hs|  basic_arith_array_ap|  return value|
|ap_rst       |   in|    1|  ap_ctrl_hs|  basic_arith_array_ap|  return value|
|ap_start     |   in|    1|  ap_ctrl_hs|  basic_arith_array_ap|  return value|
|ap_done      |  out|    1|  ap_ctrl_hs|  basic_arith_array_ap|  return value|
|ap_idle      |  out|    1|  ap_ctrl_hs|  basic_arith_array_ap|  return value|
|ap_ready     |  out|    1|  ap_ctrl_hs|  basic_arith_array_ap|  return value|
|inA          |   in|    6|     ap_none|                   inA|       pointer|
|inB          |   in|   12|     ap_none|                   inB|       pointer|
|inC          |   in|   22|     ap_none|                   inC|       pointer|
|inD          |   in|   33|     ap_none|                   inD|       pointer|
|out1         |  out|   18|      ap_vld|                  out1|       pointer|
|out1_ap_vld  |  out|    1|      ap_vld|                  out1|       pointer|
|out2         |  out|   13|      ap_vld|                  out2|       pointer|
|out2_ap_vld  |  out|    1|      ap_vld|                  out2|       pointer|
|out3         |  out|   22|      ap_vld|                  out3|       pointer|
|out3_ap_vld  |  out|    1|      ap_vld|                  out3|       pointer|
|out4         |  out|    6|      ap_vld|                  out4|       pointer|
|out4_ap_vld  |  out|    1|      ap_vld|                  out4|       pointer|
|size         |   in|   32|     ap_none|                  size|        scalar|
+-------------+-----+-----+------------+----------------------+--------------+

============================================================
+ Verbose Summary: Synthesis Manager
============================================================
InlineROM: 1
ExposeGlobal: 0
============================================================
+ Verbose Summary: CDFG Model
============================================================
IsTopModel: 1
ResetActiveHigh: 1
IsCombinational: 2
IsDatapathOnly: 2
HasWiredReturn: 1
HasMFsm: 2
HasVarLatency: 1
IsPipeline: 0
IsRtlPipelined: 0
IsInstanceOverlapped: 0
IsDontTouch: 0
HasImplIP: 0
IsGatedGlobalClock: 0

+ Individual pipeline summary: 
  * Pipeline-0: initiation interval (II) = 1, depth = 37


============================================================
+ Verbose Summary: Schedule
============================================================
* Number of FSM states : 42
* Pipeline : 1
  Pipeline-0 : II = 1, D = 37, States = { 5 6 7 8 9 10 11 12 13 14 15 16 17 18 19 20 21 22 23 24 25 26 27 28 29 30 31 32 33 34 35 36 37 38 39 40 41 }
* Dataflow Pipeline: 0

* FSM state transitions: 
1 --> 2 
2 --> 3 
3 --> 4 
4 --> 5 
5 --> 42 6 
6 --> 7 
7 --> 8 
8 --> 9 
9 --> 10 
10 --> 11 
11 --> 12 
12 --> 13 
13 --> 14 
14 --> 15 
15 --> 16 
16 --> 17 
17 --> 18 
18 --> 19 
19 --> 20 
20 --> 21 
21 --> 22 
22 --> 23 
23 --> 24 
24 --> 25 
25 --> 26 
26 --> 27 
27 --> 28 
28 --> 29 
29 --> 30 
30 --> 31 
31 --> 32 
32 --> 33 
33 --> 34 
34 --> 35 
35 --> 36 
36 --> 37 
37 --> 38 
38 --> 39 
39 --> 40 
40 --> 41 
41 --> 5 
42 --> 

* FSM state operations: 

State 1 <SV = 0> <Delay = 1.54>
ST_1 : Operation 43 [1/1] (0.00ns)   --->   "%i = alloca i32 1"   --->   Operation 43 'alloca' 'i' <Predicate = true> <Delay = 0.00>
ST_1 : Operation 44 [1/1] (0.00ns)   --->   "%lhs = read i6 @_ssdm_op_Read.ap_auto.i6P0A, i6 %inA"   --->   Operation 44 'read' 'lhs' <Predicate = true> <Delay = 0.00>
ST_1 : Operation 45 [1/1] (0.00ns)   --->   "%sext_ln225 = sext i6 %lhs"   --->   Operation 45 'sext' 'sext_ln225' <Predicate = true> <Delay = 0.00>
ST_1 : Operation 46 [1/1] (0.00ns)   --->   "%rhs = read i12 @_ssdm_op_Read.ap_auto.i12P0A, i12 %inB"   --->   Operation 46 'read' 'rhs' <Predicate = true> <Delay = 0.00>
ST_1 : Operation 47 [1/1] (0.00ns)   --->   "%sext_ln225_1 = sext i12 %rhs"   --->   Operation 47 'sext' 'sext_ln225_1' <Predicate = true> <Delay = 0.00>
ST_1 : Operation 48 [4/4] (1.54ns) (root node of the DSP)   --->   "%ret = mul i18 %sext_ln225_1, i18 %sext_ln225"   --->   Operation 48 'mul' 'ret' <Predicate = true> <Delay = 1.54> <CoreInst = "DSP48">   --->   Core 119 'DSP48' <Latency = 3> <II = 1> <Delay = 1.54> <IPBlock> <Opcode : 'mul' 'add' 'sub' 'select'> <InPorts = 0> <OutPorts = 1> <Sync> <CReg>
ST_1 : Operation 49 [1/1] (0.84ns)   --->   "%store_ln14 = store i64 0, i64 %i" [basic_arith_array_ap.cpp:14]   --->   Operation 49 'store' 'store_ln14' <Predicate = true> <Delay = 0.84>

State 2 <SV = 1> <Delay = 1.54>
ST_2 : Operation 50 [3/4] (1.54ns) (root node of the DSP)   --->   "%ret = mul i18 %sext_ln225_1, i18 %sext_ln225"   --->   Operation 50 'mul' 'ret' <Predicate = true> <Delay = 1.54> <CoreInst = "DSP48">   --->   Core 119 'DSP48' <Latency = 3> <II = 1> <Delay = 1.54> <IPBlock> <Opcode : 'mul' 'add' 'sub' 'select'> <InPorts = 0> <OutPorts = 1> <Sync> <CReg>

State 3 <SV = 2> <Delay = 1.54>
ST_3 : Operation 51 [2/4] (1.54ns) (root node of the DSP)   --->   "%ret = mul i18 %sext_ln225_1, i18 %sext_ln225"   --->   Operation 51 'mul' 'ret' <Predicate = true> <Delay = 1.54> <CoreInst = "DSP48">   --->   Core 119 'DSP48' <Latency = 3> <II = 1> <Delay = 1.54> <IPBlock> <Opcode : 'mul' 'add' 'sub' 'select'> <InPorts = 0> <OutPorts = 1> <Sync> <CReg>

State 4 <SV = 3> <Delay = 1.33>
ST_4 : Operation 52 [1/1] (0.00ns)   --->   "%spectopmodule_ln0 = spectopmodule void @_ssdm_op_SpecTopModule, void @empty_1"   --->   Operation 52 'spectopmodule' 'spectopmodule_ln0' <Predicate = true> <Delay = 0.00>
ST_4 : Operation 53 [1/1] (0.00ns)   --->   "%specbitsmap_ln0 = specbitsmap void @_ssdm_op_SpecBitsMap, i6 %inA"   --->   Operation 53 'specbitsmap' 'specbitsmap_ln0' <Predicate = true> <Delay = 0.00>
ST_4 : Operation 54 [1/1] (0.00ns)   --->   "%specinterface_ln0 = specinterface void @_ssdm_op_SpecInterface, i6 %inA, void @empty, i32 0, i32 0, void @empty_0, i32 0, i32 0, void @empty_0, void @empty_0, void @empty_0, i32 0, i32 0, i32 0, i32 0, void @empty_0, void @empty_0"   --->   Operation 54 'specinterface' 'specinterface_ln0' <Predicate = true> <Delay = 0.00>
ST_4 : Operation 55 [1/1] (0.00ns)   --->   "%specbitsmap_ln0 = specbitsmap void @_ssdm_op_SpecBitsMap, i12 %inB"   --->   Operation 55 'specbitsmap' 'specbitsmap_ln0' <Predicate = true> <Delay = 0.00>
ST_4 : Operation 56 [1/1] (0.00ns)   --->   "%specinterface_ln0 = specinterface void @_ssdm_op_SpecInterface, i12 %inB, void @empty, i32 0, i32 0, void @empty_0, i32 0, i32 0, void @empty_0, void @empty_0, void @empty_0, i32 0, i32 0, i32 0, i32 0, void @empty_0, void @empty_0"   --->   Operation 56 'specinterface' 'specinterface_ln0' <Predicate = true> <Delay = 0.00>
ST_4 : Operation 57 [1/1] (0.00ns)   --->   "%specbitsmap_ln0 = specbitsmap void @_ssdm_op_SpecBitsMap, i22 %inC"   --->   Operation 57 'specbitsmap' 'specbitsmap_ln0' <Predicate = true> <Delay = 0.00>
ST_4 : Operation 58 [1/1] (0.00ns)   --->   "%specinterface_ln0 = specinterface void @_ssdm_op_SpecInterface, i22 %inC, void @empty, i32 0, i32 0, void @empty_0, i32 0, i32 0, void @empty_0, void @empty_0, void @empty_0, i32 0, i32 0, i32 0, i32 0, void @empty_0, void @empty_0"   --->   Operation 58 'specinterface' 'specinterface_ln0' <Predicate = true> <Delay = 0.00>
ST_4 : Operation 59 [1/1] (0.00ns)   --->   "%specbitsmap_ln0 = specbitsmap void @_ssdm_op_SpecBitsMap, i33 %inD"   --->   Operation 59 'specbitsmap' 'specbitsmap_ln0' <Predicate = true> <Delay = 0.00>
ST_4 : Operation 60 [1/1] (0.00ns)   --->   "%specinterface_ln0 = specinterface void @_ssdm_op_SpecInterface, i33 %inD, void @empty, i32 0, i32 0, void @empty_0, i32 0, i32 0, void @empty_0, void @empty_0, void @empty_0, i32 0, i32 0, i32 0, i32 0, void @empty_0, void @empty_0"   --->   Operation 60 'specinterface' 'specinterface_ln0' <Predicate = true> <Delay = 0.00>
ST_4 : Operation 61 [1/1] (0.00ns)   --->   "%specbitsmap_ln0 = specbitsmap void @_ssdm_op_SpecBitsMap, i18 %out1"   --->   Operation 61 'specbitsmap' 'specbitsmap_ln0' <Predicate = true> <Delay = 0.00>
ST_4 : Operation 62 [1/1] (0.00ns)   --->   "%specinterface_ln0 = specinterface void @_ssdm_op_SpecInterface, i18 %out1, void @empty, i32 0, i32 0, void @empty_0, i32 0, i32 0, void @empty_0, void @empty_0, void @empty_0, i32 0, i32 0, i32 0, i32 0, void @empty_0, void @empty_0"   --->   Operation 62 'specinterface' 'specinterface_ln0' <Predicate = true> <Delay = 0.00>
ST_4 : Operation 63 [1/1] (0.00ns)   --->   "%specbitsmap_ln0 = specbitsmap void @_ssdm_op_SpecBitsMap, i13 %out2"   --->   Operation 63 'specbitsmap' 'specbitsmap_ln0' <Predicate = true> <Delay = 0.00>
ST_4 : Operation 64 [1/1] (0.00ns)   --->   "%specinterface_ln0 = specinterface void @_ssdm_op_SpecInterface, i13 %out2, void @empty, i32 0, i32 0, void @empty_0, i32 0, i32 0, void @empty_0, void @empty_0, void @empty_0, i32 0, i32 0, i32 0, i32 0, void @empty_0, void @empty_0"   --->   Operation 64 'specinterface' 'specinterface_ln0' <Predicate = true> <Delay = 0.00>
ST_4 : Operation 65 [1/1] (0.00ns)   --->   "%specbitsmap_ln0 = specbitsmap void @_ssdm_op_SpecBitsMap, i22 %out3"   --->   Operation 65 'specbitsmap' 'specbitsmap_ln0' <Predicate = true> <Delay = 0.00>
ST_4 : Operation 66 [1/1] (0.00ns)   --->   "%specinterface_ln0 = specinterface void @_ssdm_op_SpecInterface, i22 %out3, void @empty, i32 0, i32 0, void @empty_0, i32 0, i32 0, void @empty_0, void @empty_0, void @empty_0, i32 0, i32 0, i32 0, i32 0, void @empty_0, void @empty_0"   --->   Operation 66 'specinterface' 'specinterface_ln0' <Predicate = true> <Delay = 0.00>
ST_4 : Operation 67 [1/1] (0.00ns)   --->   "%specbitsmap_ln0 = specbitsmap void @_ssdm_op_SpecBitsMap, i6 %out4"   --->   Operation 67 'specbitsmap' 'specbitsmap_ln0' <Predicate = true> <Delay = 0.00>
ST_4 : Operation 68 [1/1] (0.00ns)   --->   "%specinterface_ln0 = specinterface void @_ssdm_op_SpecInterface, i6 %out4, void @empty, i32 0, i32 0, void @empty_0, i32 0, i32 0, void @empty_0, void @empty_0, void @empty_0, i32 0, i32 0, i32 0, i32 0, void @empty_0, void @empty_0"   --->   Operation 68 'specinterface' 'specinterface_ln0' <Predicate = true> <Delay = 0.00>
ST_4 : Operation 69 [1/1] (0.00ns)   --->   "%specbitsmap_ln0 = specbitsmap void @_ssdm_op_SpecBitsMap, i32 %size"   --->   Operation 69 'specbitsmap' 'specbitsmap_ln0' <Predicate = true> <Delay = 0.00>
ST_4 : Operation 70 [1/1] (0.00ns)   --->   "%specinterface_ln0 = specinterface void @_ssdm_op_SpecInterface, i32 %size, void @empty, i32 0, i32 0, void @empty_0, i32 0, i32 0, void @empty_0, void @empty_0, void @empty_0, i32 0, i32 0, i32 0, i32 0, void @empty_0, void @empty_0"   --->   Operation 70 'specinterface' 'specinterface_ln0' <Predicate = true> <Delay = 0.00>
ST_4 : Operation 71 [1/1] (0.00ns)   --->   "%size_read = read i32 @_ssdm_op_Read.ap_auto.i32, i32 %size" [basic_arith_array_ap.cpp:12]   --->   Operation 71 'read' 'size_read' <Predicate = true> <Delay = 0.00>
ST_4 : Operation 72 [1/1] (0.00ns)   --->   "%conv = sext i32 %size_read" [basic_arith_array_ap.cpp:12]   --->   Operation 72 'sext' 'conv' <Predicate = true> <Delay = 0.00>
ST_4 : Operation 73 [1/4] (0.00ns) (root node of the DSP)   --->   "%ret = mul i18 %sext_ln225_1, i18 %sext_ln225"   --->   Operation 73 'mul' 'ret' <Predicate = true> <Delay = 0.00> <CoreInst = "DSP48">   --->   Core 119 'DSP48' <Latency = 3> <II = 1> <Delay = 1.54> <IPBlock> <Opcode : 'mul' 'add' 'sub' 'select'> <InPorts = 0> <OutPorts = 1> <Sync> <CReg>
ST_4 : Operation 74 [1/1] (0.00ns)   --->   "%sext_ln225_2 = sext i12 %rhs"   --->   Operation 74 'sext' 'sext_ln225_2' <Predicate = true> <Delay = 0.00>
ST_4 : Operation 75 [1/1] (0.00ns)   --->   "%sext_ln225_3 = sext i6 %lhs"   --->   Operation 75 'sext' 'sext_ln225_3' <Predicate = true> <Delay = 0.00>
ST_4 : Operation 76 [1/1] (1.33ns)   --->   "%ret_1 = add i13 %sext_ln225_2, i13 %sext_ln225_3"   --->   Operation 76 'add' 'ret_1' <Predicate = true> <Delay = 1.33> <CoreInst = "Adder">   --->   Core 1 'Adder' <Latency = 0> <II = 1> <Delay = 1.32> <FuncUnit> <Opcode : 'add' 'sub'> <InPorts = 2> <OutPorts = 1>
ST_4 : Operation 77 [1/1] (0.00ns)   --->   "%inC_read = read i22 @_ssdm_op_Read.ap_auto.i22P0A, i22 %inC"   --->   Operation 77 'read' 'inC_read' <Predicate = true> <Delay = 0.00>
ST_4 : Operation 78 [1/1] (0.00ns)   --->   "%inD_read = read i33 @_ssdm_op_Read.ap_auto.i33P0A, i33 %inD"   --->   Operation 78 'read' 'inD_read' <Predicate = true> <Delay = 0.00>
ST_4 : Operation 79 [1/1] (0.00ns)   --->   "%sext_ln1544 = sext i6 %lhs"   --->   Operation 79 'sext' 'sext_ln1544' <Predicate = true> <Delay = 0.00>
ST_4 : Operation 80 [1/1] (0.00ns)   --->   "%sext_ln14 = sext i6 %lhs" [basic_arith_array_ap.cpp:14]   --->   Operation 80 'sext' 'sext_ln14' <Predicate = true> <Delay = 0.00>
ST_4 : Operation 81 [1/1] (0.00ns)   --->   "%br_ln14 = br void" [basic_arith_array_ap.cpp:14]   --->   Operation 81 'br' 'br_ln14' <Predicate = true> <Delay = 0.00>

State 5 <SV = 4> <Delay = 2.65>
ST_5 : Operation 82 [1/1] (0.00ns)   --->   "%i_1 = load i64 %i" [basic_arith_array_ap.cpp:14]   --->   Operation 82 'load' 'i_1' <Predicate = true> <Delay = 0.00>
ST_5 : Operation 83 [1/1] (0.00ns)   --->   "%specpipeline_ln0 = specpipeline void @_ssdm_op_SpecPipeline, i32 4294967295, i32 0, i32 1, i32 0, void @p_str"   --->   Operation 83 'specpipeline' 'specpipeline_ln0' <Predicate = true> <Delay = 0.00>
ST_5 : Operation 84 [1/1] (1.40ns)   --->   "%icmp_ln14 = icmp_eq  i64 %i_1, i64 %conv" [basic_arith_array_ap.cpp:14]   --->   Operation 84 'icmp' 'icmp_ln14' <Predicate = true> <Delay = 1.40> <CoreInst = "Cmp">   --->   Core 9 'Cmp' <Latency = 0> <II = 1> <Delay = 1.40> <FuncUnit> <Opcode : 'icmp'> <InPorts = 2> <OutPorts = 1>
ST_5 : Operation 85 [1/1] (1.81ns)   --->   "%i_2 = add i64 %i_1, i64 1" [basic_arith_array_ap.cpp:14]   --->   Operation 85 'add' 'i_2' <Predicate = true> <Delay = 1.81> <CoreInst = "Adder">   --->   Core 1 'Adder' <Latency = 0> <II = 1> <Delay = 1.32> <FuncUnit> <Opcode : 'add' 'sub'> <InPorts = 2> <OutPorts = 1>
ST_5 : Operation 86 [1/1] (0.00ns)   --->   "%br_ln14 = br i1 %icmp_ln14, void %.split, void %._crit_edge.loopexit" [basic_arith_array_ap.cpp:14]   --->   Operation 86 'br' 'br_ln14' <Predicate = true> <Delay = 0.00>
ST_5 : Operation 87 [1/1] (0.00ns)   --->   "%write_ln16 = write void @_ssdm_op_Write.ap_auto.i18P0A, i18 %out1, i18 %ret" [basic_arith_array_ap.cpp:16]   --->   Operation 87 'write' 'write_ln16' <Predicate = (!icmp_ln14)> <Delay = 0.00>
ST_5 : Operation 88 [1/1] (0.00ns)   --->   "%write_ln17 = write void @_ssdm_op_Write.ap_auto.i13P0A, i13 %out2, i13 %ret_1" [basic_arith_array_ap.cpp:17]   --->   Operation 88 'write' 'write_ln17' <Predicate = (!icmp_ln14)> <Delay = 0.00>
ST_5 : Operation 89 [26/26] (2.00ns)   --->   "%sdiv_ln70 = sdiv i22 %inC_read, i22 %sext_ln14"   --->   Operation 89 'sdiv' 'sdiv_ln70' <Predicate = (!icmp_ln14)> <Delay = 2.00> <CoreInst = "Divider">   --->   Core 6 'Divider' <Latency = 36> <II = 1> <Delay = 2.15> <FuncUnit> <Opcode : 'sdiv' 'srem' 'udiv' 'urem'> <InPorts = 2> <OutPorts = 1>
ST_5 : Operation 90 [37/37] (2.15ns)   --->   "%srem_ln1544 = srem i33 %inD_read, i33 %sext_ln1544"   --->   Operation 90 'srem' 'srem_ln1544' <Predicate = (!icmp_ln14)> <Delay = 2.15> <CoreInst = "Divider">   --->   Core 6 'Divider' <Latency = 36> <II = 1> <Delay = 2.15> <FuncUnit> <Opcode : 'sdiv' 'srem' 'udiv' 'urem'> <InPorts = 2> <OutPorts = 1>
ST_5 : Operation 91 [1/1] (0.84ns)   --->   "%store_ln14 = store i64 %i_2, i64 %i" [basic_arith_array_ap.cpp:14]   --->   Operation 91 'store' 'store_ln14' <Predicate = (!icmp_ln14)> <Delay = 0.84>

State 6 <SV = 5> <Delay = 2.15>
ST_6 : Operation 92 [25/26] (2.00ns)   --->   "%sdiv_ln70 = sdiv i22 %inC_read, i22 %sext_ln14"   --->   Operation 92 'sdiv' 'sdiv_ln70' <Predicate = true> <Delay = 2.00> <CoreInst = "Divider">   --->   Core 6 'Divider' <Latency = 36> <II = 1> <Delay = 2.15> <FuncUnit> <Opcode : 'sdiv' 'srem' 'udiv' 'urem'> <InPorts = 2> <OutPorts = 1>
ST_6 : Operation 93 [36/37] (2.15ns)   --->   "%srem_ln1544 = srem i33 %inD_read, i33 %sext_ln1544"   --->   Operation 93 'srem' 'srem_ln1544' <Predicate = true> <Delay = 2.15> <CoreInst = "Divider">   --->   Core 6 'Divider' <Latency = 36> <II = 1> <Delay = 2.15> <FuncUnit> <Opcode : 'sdiv' 'srem' 'udiv' 'urem'> <InPorts = 2> <OutPorts = 1>

State 7 <SV = 6> <Delay = 2.15>
ST_7 : Operation 94 [24/26] (2.00ns)   --->   "%sdiv_ln70 = sdiv i22 %inC_read, i22 %sext_ln14"   --->   Operation 94 'sdiv' 'sdiv_ln70' <Predicate = true> <Delay = 2.00> <CoreInst = "Divider">   --->   Core 6 'Divider' <Latency = 36> <II = 1> <Delay = 2.15> <FuncUnit> <Opcode : 'sdiv' 'srem' 'udiv' 'urem'> <InPorts = 2> <OutPorts = 1>
ST_7 : Operation 95 [35/37] (2.15ns)   --->   "%srem_ln1544 = srem i33 %inD_read, i33 %sext_ln1544"   --->   Operation 95 'srem' 'srem_ln1544' <Predicate = true> <Delay = 2.15> <CoreInst = "Divider">   --->   Core 6 'Divider' <Latency = 36> <II = 1> <Delay = 2.15> <FuncUnit> <Opcode : 'sdiv' 'srem' 'udiv' 'urem'> <InPorts = 2> <OutPorts = 1>

State 8 <SV = 7> <Delay = 2.15>
ST_8 : Operation 96 [23/26] (2.00ns)   --->   "%sdiv_ln70 = sdiv i22 %inC_read, i22 %sext_ln14"   --->   Operation 96 'sdiv' 'sdiv_ln70' <Predicate = true> <Delay = 2.00> <CoreInst = "Divider">   --->   Core 6 'Divider' <Latency = 36> <II = 1> <Delay = 2.15> <FuncUnit> <Opcode : 'sdiv' 'srem' 'udiv' 'urem'> <InPorts = 2> <OutPorts = 1>
ST_8 : Operation 97 [34/37] (2.15ns)   --->   "%srem_ln1544 = srem i33 %inD_read, i33 %sext_ln1544"   --->   Operation 97 'srem' 'srem_ln1544' <Predicate = true> <Delay = 2.15> <CoreInst = "Divider">   --->   Core 6 'Divider' <Latency = 36> <II = 1> <Delay = 2.15> <FuncUnit> <Opcode : 'sdiv' 'srem' 'udiv' 'urem'> <InPorts = 2> <OutPorts = 1>

State 9 <SV = 8> <Delay = 2.15>
ST_9 : Operation 98 [22/26] (2.00ns)   --->   "%sdiv_ln70 = sdiv i22 %inC_read, i22 %sext_ln14"   --->   Operation 98 'sdiv' 'sdiv_ln70' <Predicate = true> <Delay = 2.00> <CoreInst = "Divider">   --->   Core 6 'Divider' <Latency = 36> <II = 1> <Delay = 2.15> <FuncUnit> <Opcode : 'sdiv' 'srem' 'udiv' 'urem'> <InPorts = 2> <OutPorts = 1>
ST_9 : Operation 99 [33/37] (2.15ns)   --->   "%srem_ln1544 = srem i33 %inD_read, i33 %sext_ln1544"   --->   Operation 99 'srem' 'srem_ln1544' <Predicate = true> <Delay = 2.15> <CoreInst = "Divider">   --->   Core 6 'Divider' <Latency = 36> <II = 1> <Delay = 2.15> <FuncUnit> <Opcode : 'sdiv' 'srem' 'udiv' 'urem'> <InPorts = 2> <OutPorts = 1>

State 10 <SV = 9> <Delay = 2.15>
ST_10 : Operation 100 [21/26] (2.00ns)   --->   "%sdiv_ln70 = sdiv i22 %inC_read, i22 %sext_ln14"   --->   Operation 100 'sdiv' 'sdiv_ln70' <Predicate = true> <Delay = 2.00> <CoreInst = "Divider">   --->   Core 6 'Divider' <Latency = 36> <II = 1> <Delay = 2.15> <FuncUnit> <Opcode : 'sdiv' 'srem' 'udiv' 'urem'> <InPorts = 2> <OutPorts = 1>
ST_10 : Operation 101 [32/37] (2.15ns)   --->   "%srem_ln1544 = srem i33 %inD_read, i33 %sext_ln1544"   --->   Operation 101 'srem' 'srem_ln1544' <Predicate = true> <Delay = 2.15> <CoreInst = "Divider">   --->   Core 6 'Divider' <Latency = 36> <II = 1> <Delay = 2.15> <FuncUnit> <Opcode : 'sdiv' 'srem' 'udiv' 'urem'> <InPorts = 2> <OutPorts = 1>

State 11 <SV = 10> <Delay = 2.15>
ST_11 : Operation 102 [20/26] (2.00ns)   --->   "%sdiv_ln70 = sdiv i22 %inC_read, i22 %sext_ln14"   --->   Operation 102 'sdiv' 'sdiv_ln70' <Predicate = true> <Delay = 2.00> <CoreInst = "Divider">   --->   Core 6 'Divider' <Latency = 36> <II = 1> <Delay = 2.15> <FuncUnit> <Opcode : 'sdiv' 'srem' 'udiv' 'urem'> <InPorts = 2> <OutPorts = 1>
ST_11 : Operation 103 [31/37] (2.15ns)   --->   "%srem_ln1544 = srem i33 %inD_read, i33 %sext_ln1544"   --->   Operation 103 'srem' 'srem_ln1544' <Predicate = true> <Delay = 2.15> <CoreInst = "Divider">   --->   Core 6 'Divider' <Latency = 36> <II = 1> <Delay = 2.15> <FuncUnit> <Opcode : 'sdiv' 'srem' 'udiv' 'urem'> <InPorts = 2> <OutPorts = 1>

State 12 <SV = 11> <Delay = 2.15>
ST_12 : Operation 104 [19/26] (2.00ns)   --->   "%sdiv_ln70 = sdiv i22 %inC_read, i22 %sext_ln14"   --->   Operation 104 'sdiv' 'sdiv_ln70' <Predicate = true> <Delay = 2.00> <CoreInst = "Divider">   --->   Core 6 'Divider' <Latency = 36> <II = 1> <Delay = 2.15> <FuncUnit> <Opcode : 'sdiv' 'srem' 'udiv' 'urem'> <InPorts = 2> <OutPorts = 1>
ST_12 : Operation 105 [30/37] (2.15ns)   --->   "%srem_ln1544 = srem i33 %inD_read, i33 %sext_ln1544"   --->   Operation 105 'srem' 'srem_ln1544' <Predicate = true> <Delay = 2.15> <CoreInst = "Divider">   --->   Core 6 'Divider' <Latency = 36> <II = 1> <Delay = 2.15> <FuncUnit> <Opcode : 'sdiv' 'srem' 'udiv' 'urem'> <InPorts = 2> <OutPorts = 1>

State 13 <SV = 12> <Delay = 2.15>
ST_13 : Operation 106 [18/26] (2.00ns)   --->   "%sdiv_ln70 = sdiv i22 %inC_read, i22 %sext_ln14"   --->   Operation 106 'sdiv' 'sdiv_ln70' <Predicate = true> <Delay = 2.00> <CoreInst = "Divider">   --->   Core 6 'Divider' <Latency = 36> <II = 1> <Delay = 2.15> <FuncUnit> <Opcode : 'sdiv' 'srem' 'udiv' 'urem'> <InPorts = 2> <OutPorts = 1>
ST_13 : Operation 107 [29/37] (2.15ns)   --->   "%srem_ln1544 = srem i33 %inD_read, i33 %sext_ln1544"   --->   Operation 107 'srem' 'srem_ln1544' <Predicate = true> <Delay = 2.15> <CoreInst = "Divider">   --->   Core 6 'Divider' <Latency = 36> <II = 1> <Delay = 2.15> <FuncUnit> <Opcode : 'sdiv' 'srem' 'udiv' 'urem'> <InPorts = 2> <OutPorts = 1>

State 14 <SV = 13> <Delay = 2.15>
ST_14 : Operation 108 [17/26] (2.00ns)   --->   "%sdiv_ln70 = sdiv i22 %inC_read, i22 %sext_ln14"   --->   Operation 108 'sdiv' 'sdiv_ln70' <Predicate = true> <Delay = 2.00> <CoreInst = "Divider">   --->   Core 6 'Divider' <Latency = 36> <II = 1> <Delay = 2.15> <FuncUnit> <Opcode : 'sdiv' 'srem' 'udiv' 'urem'> <InPorts = 2> <OutPorts = 1>
ST_14 : Operation 109 [28/37] (2.15ns)   --->   "%srem_ln1544 = srem i33 %inD_read, i33 %sext_ln1544"   --->   Operation 109 'srem' 'srem_ln1544' <Predicate = true> <Delay = 2.15> <CoreInst = "Divider">   --->   Core 6 'Divider' <Latency = 36> <II = 1> <Delay = 2.15> <FuncUnit> <Opcode : 'sdiv' 'srem' 'udiv' 'urem'> <InPorts = 2> <OutPorts = 1>

State 15 <SV = 14> <Delay = 2.15>
ST_15 : Operation 110 [16/26] (2.00ns)   --->   "%sdiv_ln70 = sdiv i22 %inC_read, i22 %sext_ln14"   --->   Operation 110 'sdiv' 'sdiv_ln70' <Predicate = true> <Delay = 2.00> <CoreInst = "Divider">   --->   Core 6 'Divider' <Latency = 36> <II = 1> <Delay = 2.15> <FuncUnit> <Opcode : 'sdiv' 'srem' 'udiv' 'urem'> <InPorts = 2> <OutPorts = 1>
ST_15 : Operation 111 [27/37] (2.15ns)   --->   "%srem_ln1544 = srem i33 %inD_read, i33 %sext_ln1544"   --->   Operation 111 'srem' 'srem_ln1544' <Predicate = true> <Delay = 2.15> <CoreInst = "Divider">   --->   Core 6 'Divider' <Latency = 36> <II = 1> <Delay = 2.15> <FuncUnit> <Opcode : 'sdiv' 'srem' 'udiv' 'urem'> <InPorts = 2> <OutPorts = 1>

State 16 <SV = 15> <Delay = 2.15>
ST_16 : Operation 112 [15/26] (2.00ns)   --->   "%sdiv_ln70 = sdiv i22 %inC_read, i22 %sext_ln14"   --->   Operation 112 'sdiv' 'sdiv_ln70' <Predicate = true> <Delay = 2.00> <CoreInst = "Divider">   --->   Core 6 'Divider' <Latency = 36> <II = 1> <Delay = 2.15> <FuncUnit> <Opcode : 'sdiv' 'srem' 'udiv' 'urem'> <InPorts = 2> <OutPorts = 1>
ST_16 : Operation 113 [26/37] (2.15ns)   --->   "%srem_ln1544 = srem i33 %inD_read, i33 %sext_ln1544"   --->   Operation 113 'srem' 'srem_ln1544' <Predicate = true> <Delay = 2.15> <CoreInst = "Divider">   --->   Core 6 'Divider' <Latency = 36> <II = 1> <Delay = 2.15> <FuncUnit> <Opcode : 'sdiv' 'srem' 'udiv' 'urem'> <InPorts = 2> <OutPorts = 1>

State 17 <SV = 16> <Delay = 2.15>
ST_17 : Operation 114 [14/26] (2.00ns)   --->   "%sdiv_ln70 = sdiv i22 %inC_read, i22 %sext_ln14"   --->   Operation 114 'sdiv' 'sdiv_ln70' <Predicate = true> <Delay = 2.00> <CoreInst = "Divider">   --->   Core 6 'Divider' <Latency = 36> <II = 1> <Delay = 2.15> <FuncUnit> <Opcode : 'sdiv' 'srem' 'udiv' 'urem'> <InPorts = 2> <OutPorts = 1>
ST_17 : Operation 115 [25/37] (2.15ns)   --->   "%srem_ln1544 = srem i33 %inD_read, i33 %sext_ln1544"   --->   Operation 115 'srem' 'srem_ln1544' <Predicate = true> <Delay = 2.15> <CoreInst = "Divider">   --->   Core 6 'Divider' <Latency = 36> <II = 1> <Delay = 2.15> <FuncUnit> <Opcode : 'sdiv' 'srem' 'udiv' 'urem'> <InPorts = 2> <OutPorts = 1>

State 18 <SV = 17> <Delay = 2.15>
ST_18 : Operation 116 [13/26] (2.00ns)   --->   "%sdiv_ln70 = sdiv i22 %inC_read, i22 %sext_ln14"   --->   Operation 116 'sdiv' 'sdiv_ln70' <Predicate = true> <Delay = 2.00> <CoreInst = "Divider">   --->   Core 6 'Divider' <Latency = 36> <II = 1> <Delay = 2.15> <FuncUnit> <Opcode : 'sdiv' 'srem' 'udiv' 'urem'> <InPorts = 2> <OutPorts = 1>
ST_18 : Operation 117 [24/37] (2.15ns)   --->   "%srem_ln1544 = srem i33 %inD_read, i33 %sext_ln1544"   --->   Operation 117 'srem' 'srem_ln1544' <Predicate = true> <Delay = 2.15> <CoreInst = "Divider">   --->   Core 6 'Divider' <Latency = 36> <II = 1> <Delay = 2.15> <FuncUnit> <Opcode : 'sdiv' 'srem' 'udiv' 'urem'> <InPorts = 2> <OutPorts = 1>

State 19 <SV = 18> <Delay = 2.15>
ST_19 : Operation 118 [12/26] (2.00ns)   --->   "%sdiv_ln70 = sdiv i22 %inC_read, i22 %sext_ln14"   --->   Operation 118 'sdiv' 'sdiv_ln70' <Predicate = true> <Delay = 2.00> <CoreInst = "Divider">   --->   Core 6 'Divider' <Latency = 36> <II = 1> <Delay = 2.15> <FuncUnit> <Opcode : 'sdiv' 'srem' 'udiv' 'urem'> <InPorts = 2> <OutPorts = 1>
ST_19 : Operation 119 [23/37] (2.15ns)   --->   "%srem_ln1544 = srem i33 %inD_read, i33 %sext_ln1544"   --->   Operation 119 'srem' 'srem_ln1544' <Predicate = true> <Delay = 2.15> <CoreInst = "Divider">   --->   Core 6 'Divider' <Latency = 36> <II = 1> <Delay = 2.15> <FuncUnit> <Opcode : 'sdiv' 'srem' 'udiv' 'urem'> <InPorts = 2> <OutPorts = 1>

State 20 <SV = 19> <Delay = 2.15>
ST_20 : Operation 120 [11/26] (2.00ns)   --->   "%sdiv_ln70 = sdiv i22 %inC_read, i22 %sext_ln14"   --->   Operation 120 'sdiv' 'sdiv_ln70' <Predicate = true> <Delay = 2.00> <CoreInst = "Divider">   --->   Core 6 'Divider' <Latency = 36> <II = 1> <Delay = 2.15> <FuncUnit> <Opcode : 'sdiv' 'srem' 'udiv' 'urem'> <InPorts = 2> <OutPorts = 1>
ST_20 : Operation 121 [22/37] (2.15ns)   --->   "%srem_ln1544 = srem i33 %inD_read, i33 %sext_ln1544"   --->   Operation 121 'srem' 'srem_ln1544' <Predicate = true> <Delay = 2.15> <CoreInst = "Divider">   --->   Core 6 'Divider' <Latency = 36> <II = 1> <Delay = 2.15> <FuncUnit> <Opcode : 'sdiv' 'srem' 'udiv' 'urem'> <InPorts = 2> <OutPorts = 1>

State 21 <SV = 20> <Delay = 2.15>
ST_21 : Operation 122 [10/26] (2.00ns)   --->   "%sdiv_ln70 = sdiv i22 %inC_read, i22 %sext_ln14"   --->   Operation 122 'sdiv' 'sdiv_ln70' <Predicate = true> <Delay = 2.00> <CoreInst = "Divider">   --->   Core 6 'Divider' <Latency = 36> <II = 1> <Delay = 2.15> <FuncUnit> <Opcode : 'sdiv' 'srem' 'udiv' 'urem'> <InPorts = 2> <OutPorts = 1>
ST_21 : Operation 123 [21/37] (2.15ns)   --->   "%srem_ln1544 = srem i33 %inD_read, i33 %sext_ln1544"   --->   Operation 123 'srem' 'srem_ln1544' <Predicate = true> <Delay = 2.15> <CoreInst = "Divider">   --->   Core 6 'Divider' <Latency = 36> <II = 1> <Delay = 2.15> <FuncUnit> <Opcode : 'sdiv' 'srem' 'udiv' 'urem'> <InPorts = 2> <OutPorts = 1>

State 22 <SV = 21> <Delay = 2.15>
ST_22 : Operation 124 [9/26] (2.00ns)   --->   "%sdiv_ln70 = sdiv i22 %inC_read, i22 %sext_ln14"   --->   Operation 124 'sdiv' 'sdiv_ln70' <Predicate = true> <Delay = 2.00> <CoreInst = "Divider">   --->   Core 6 'Divider' <Latency = 36> <II = 1> <Delay = 2.15> <FuncUnit> <Opcode : 'sdiv' 'srem' 'udiv' 'urem'> <InPorts = 2> <OutPorts = 1>
ST_22 : Operation 125 [20/37] (2.15ns)   --->   "%srem_ln1544 = srem i33 %inD_read, i33 %sext_ln1544"   --->   Operation 125 'srem' 'srem_ln1544' <Predicate = true> <Delay = 2.15> <CoreInst = "Divider">   --->   Core 6 'Divider' <Latency = 36> <II = 1> <Delay = 2.15> <FuncUnit> <Opcode : 'sdiv' 'srem' 'udiv' 'urem'> <InPorts = 2> <OutPorts = 1>

State 23 <SV = 22> <Delay = 2.15>
ST_23 : Operation 126 [8/26] (2.00ns)   --->   "%sdiv_ln70 = sdiv i22 %inC_read, i22 %sext_ln14"   --->   Operation 126 'sdiv' 'sdiv_ln70' <Predicate = true> <Delay = 2.00> <CoreInst = "Divider">   --->   Core 6 'Divider' <Latency = 36> <II = 1> <Delay = 2.15> <FuncUnit> <Opcode : 'sdiv' 'srem' 'udiv' 'urem'> <InPorts = 2> <OutPorts = 1>
ST_23 : Operation 127 [19/37] (2.15ns)   --->   "%srem_ln1544 = srem i33 %inD_read, i33 %sext_ln1544"   --->   Operation 127 'srem' 'srem_ln1544' <Predicate = true> <Delay = 2.15> <CoreInst = "Divider">   --->   Core 6 'Divider' <Latency = 36> <II = 1> <Delay = 2.15> <FuncUnit> <Opcode : 'sdiv' 'srem' 'udiv' 'urem'> <InPorts = 2> <OutPorts = 1>

State 24 <SV = 23> <Delay = 2.15>
ST_24 : Operation 128 [7/26] (2.00ns)   --->   "%sdiv_ln70 = sdiv i22 %inC_read, i22 %sext_ln14"   --->   Operation 128 'sdiv' 'sdiv_ln70' <Predicate = true> <Delay = 2.00> <CoreInst = "Divider">   --->   Core 6 'Divider' <Latency = 36> <II = 1> <Delay = 2.15> <FuncUnit> <Opcode : 'sdiv' 'srem' 'udiv' 'urem'> <InPorts = 2> <OutPorts = 1>
ST_24 : Operation 129 [18/37] (2.15ns)   --->   "%srem_ln1544 = srem i33 %inD_read, i33 %sext_ln1544"   --->   Operation 129 'srem' 'srem_ln1544' <Predicate = true> <Delay = 2.15> <CoreInst = "Divider">   --->   Core 6 'Divider' <Latency = 36> <II = 1> <Delay = 2.15> <FuncUnit> <Opcode : 'sdiv' 'srem' 'udiv' 'urem'> <InPorts = 2> <OutPorts = 1>

State 25 <SV = 24> <Delay = 2.15>
ST_25 : Operation 130 [6/26] (2.00ns)   --->   "%sdiv_ln70 = sdiv i22 %inC_read, i22 %sext_ln14"   --->   Operation 130 'sdiv' 'sdiv_ln70' <Predicate = true> <Delay = 2.00> <CoreInst = "Divider">   --->   Core 6 'Divider' <Latency = 36> <II = 1> <Delay = 2.15> <FuncUnit> <Opcode : 'sdiv' 'srem' 'udiv' 'urem'> <InPorts = 2> <OutPorts = 1>
ST_25 : Operation 131 [17/37] (2.15ns)   --->   "%srem_ln1544 = srem i33 %inD_read, i33 %sext_ln1544"   --->   Operation 131 'srem' 'srem_ln1544' <Predicate = true> <Delay = 2.15> <CoreInst = "Divider">   --->   Core 6 'Divider' <Latency = 36> <II = 1> <Delay = 2.15> <FuncUnit> <Opcode : 'sdiv' 'srem' 'udiv' 'urem'> <InPorts = 2> <OutPorts = 1>

State 26 <SV = 25> <Delay = 2.15>
ST_26 : Operation 132 [5/26] (2.00ns)   --->   "%sdiv_ln70 = sdiv i22 %inC_read, i22 %sext_ln14"   --->   Operation 132 'sdiv' 'sdiv_ln70' <Predicate = true> <Delay = 2.00> <CoreInst = "Divider">   --->   Core 6 'Divider' <Latency = 36> <II = 1> <Delay = 2.15> <FuncUnit> <Opcode : 'sdiv' 'srem' 'udiv' 'urem'> <InPorts = 2> <OutPorts = 1>
ST_26 : Operation 133 [16/37] (2.15ns)   --->   "%srem_ln1544 = srem i33 %inD_read, i33 %sext_ln1544"   --->   Operation 133 'srem' 'srem_ln1544' <Predicate = true> <Delay = 2.15> <CoreInst = "Divider">   --->   Core 6 'Divider' <Latency = 36> <II = 1> <Delay = 2.15> <FuncUnit> <Opcode : 'sdiv' 'srem' 'udiv' 'urem'> <InPorts = 2> <OutPorts = 1>

State 27 <SV = 26> <Delay = 2.15>
ST_27 : Operation 134 [4/26] (2.00ns)   --->   "%sdiv_ln70 = sdiv i22 %inC_read, i22 %sext_ln14"   --->   Operation 134 'sdiv' 'sdiv_ln70' <Predicate = true> <Delay = 2.00> <CoreInst = "Divider">   --->   Core 6 'Divider' <Latency = 36> <II = 1> <Delay = 2.15> <FuncUnit> <Opcode : 'sdiv' 'srem' 'udiv' 'urem'> <InPorts = 2> <OutPorts = 1>
ST_27 : Operation 135 [15/37] (2.15ns)   --->   "%srem_ln1544 = srem i33 %inD_read, i33 %sext_ln1544"   --->   Operation 135 'srem' 'srem_ln1544' <Predicate = true> <Delay = 2.15> <CoreInst = "Divider">   --->   Core 6 'Divider' <Latency = 36> <II = 1> <Delay = 2.15> <FuncUnit> <Opcode : 'sdiv' 'srem' 'udiv' 'urem'> <InPorts = 2> <OutPorts = 1>

State 28 <SV = 27> <Delay = 2.15>
ST_28 : Operation 136 [3/26] (2.00ns)   --->   "%sdiv_ln70 = sdiv i22 %inC_read, i22 %sext_ln14"   --->   Operation 136 'sdiv' 'sdiv_ln70' <Predicate = true> <Delay = 2.00> <CoreInst = "Divider">   --->   Core 6 'Divider' <Latency = 36> <II = 1> <Delay = 2.15> <FuncUnit> <Opcode : 'sdiv' 'srem' 'udiv' 'urem'> <InPorts = 2> <OutPorts = 1>
ST_28 : Operation 137 [14/37] (2.15ns)   --->   "%srem_ln1544 = srem i33 %inD_read, i33 %sext_ln1544"   --->   Operation 137 'srem' 'srem_ln1544' <Predicate = true> <Delay = 2.15> <CoreInst = "Divider">   --->   Core 6 'Divider' <Latency = 36> <II = 1> <Delay = 2.15> <FuncUnit> <Opcode : 'sdiv' 'srem' 'udiv' 'urem'> <InPorts = 2> <OutPorts = 1>

State 29 <SV = 28> <Delay = 2.15>
ST_29 : Operation 138 [2/26] (2.00ns)   --->   "%sdiv_ln70 = sdiv i22 %inC_read, i22 %sext_ln14"   --->   Operation 138 'sdiv' 'sdiv_ln70' <Predicate = true> <Delay = 2.00> <CoreInst = "Divider">   --->   Core 6 'Divider' <Latency = 36> <II = 1> <Delay = 2.15> <FuncUnit> <Opcode : 'sdiv' 'srem' 'udiv' 'urem'> <InPorts = 2> <OutPorts = 1>
ST_29 : Operation 139 [13/37] (2.15ns)   --->   "%srem_ln1544 = srem i33 %inD_read, i33 %sext_ln1544"   --->   Operation 139 'srem' 'srem_ln1544' <Predicate = true> <Delay = 2.15> <CoreInst = "Divider">   --->   Core 6 'Divider' <Latency = 36> <II = 1> <Delay = 2.15> <FuncUnit> <Opcode : 'sdiv' 'srem' 'udiv' 'urem'> <InPorts = 2> <OutPorts = 1>

State 30 <SV = 29> <Delay = 2.15>
ST_30 : Operation 140 [1/26] (2.00ns)   --->   "%sdiv_ln70 = sdiv i22 %inC_read, i22 %sext_ln14"   --->   Operation 140 'sdiv' 'sdiv_ln70' <Predicate = true> <Delay = 2.00> <CoreInst = "Divider">   --->   Core 6 'Divider' <Latency = 36> <II = 1> <Delay = 2.15> <FuncUnit> <Opcode : 'sdiv' 'srem' 'udiv' 'urem'> <InPorts = 2> <OutPorts = 1>
ST_30 : Operation 141 [1/1] (0.00ns)   --->   "%write_ln18 = write void @_ssdm_op_Write.ap_auto.i22P0A, i22 %out3, i22 %sdiv_ln70" [basic_arith_array_ap.cpp:18]   --->   Operation 141 'write' 'write_ln18' <Predicate = true> <Delay = 0.00>
ST_30 : Operation 142 [12/37] (2.15ns)   --->   "%srem_ln1544 = srem i33 %inD_read, i33 %sext_ln1544"   --->   Operation 142 'srem' 'srem_ln1544' <Predicate = true> <Delay = 2.15> <CoreInst = "Divider">   --->   Core 6 'Divider' <Latency = 36> <II = 1> <Delay = 2.15> <FuncUnit> <Opcode : 'sdiv' 'srem' 'udiv' 'urem'> <InPorts = 2> <OutPorts = 1>

State 31 <SV = 30> <Delay = 2.15>
ST_31 : Operation 143 [11/37] (2.15ns)   --->   "%srem_ln1544 = srem i33 %inD_read, i33 %sext_ln1544"   --->   Operation 143 'srem' 'srem_ln1544' <Predicate = true> <Delay = 2.15> <CoreInst = "Divider">   --->   Core 6 'Divider' <Latency = 36> <II = 1> <Delay = 2.15> <FuncUnit> <Opcode : 'sdiv' 'srem' 'udiv' 'urem'> <InPorts = 2> <OutPorts = 1>

State 32 <SV = 31> <Delay = 2.15>
ST_32 : Operation 144 [10/37] (2.15ns)   --->   "%srem_ln1544 = srem i33 %inD_read, i33 %sext_ln1544"   --->   Operation 144 'srem' 'srem_ln1544' <Predicate = true> <Delay = 2.15> <CoreInst = "Divider">   --->   Core 6 'Divider' <Latency = 36> <II = 1> <Delay = 2.15> <FuncUnit> <Opcode : 'sdiv' 'srem' 'udiv' 'urem'> <InPorts = 2> <OutPorts = 1>

State 33 <SV = 32> <Delay = 2.15>
ST_33 : Operation 145 [9/37] (2.15ns)   --->   "%srem_ln1544 = srem i33 %inD_read, i33 %sext_ln1544"   --->   Operation 145 'srem' 'srem_ln1544' <Predicate = true> <Delay = 2.15> <CoreInst = "Divider">   --->   Core 6 'Divider' <Latency = 36> <II = 1> <Delay = 2.15> <FuncUnit> <Opcode : 'sdiv' 'srem' 'udiv' 'urem'> <InPorts = 2> <OutPorts = 1>

State 34 <SV = 33> <Delay = 2.15>
ST_34 : Operation 146 [8/37] (2.15ns)   --->   "%srem_ln1544 = srem i33 %inD_read, i33 %sext_ln1544"   --->   Operation 146 'srem' 'srem_ln1544' <Predicate = true> <Delay = 2.15> <CoreInst = "Divider">   --->   Core 6 'Divider' <Latency = 36> <II = 1> <Delay = 2.15> <FuncUnit> <Opcode : 'sdiv' 'srem' 'udiv' 'urem'> <InPorts = 2> <OutPorts = 1>

State 35 <SV = 34> <Delay = 2.15>
ST_35 : Operation 147 [7/37] (2.15ns)   --->   "%srem_ln1544 = srem i33 %inD_read, i33 %sext_ln1544"   --->   Operation 147 'srem' 'srem_ln1544' <Predicate = true> <Delay = 2.15> <CoreInst = "Divider">   --->   Core 6 'Divider' <Latency = 36> <II = 1> <Delay = 2.15> <FuncUnit> <Opcode : 'sdiv' 'srem' 'udiv' 'urem'> <InPorts = 2> <OutPorts = 1>

State 36 <SV = 35> <Delay = 2.15>
ST_36 : Operation 148 [6/37] (2.15ns)   --->   "%srem_ln1544 = srem i33 %inD_read, i33 %sext_ln1544"   --->   Operation 148 'srem' 'srem_ln1544' <Predicate = true> <Delay = 2.15> <CoreInst = "Divider">   --->   Core 6 'Divider' <Latency = 36> <II = 1> <Delay = 2.15> <FuncUnit> <Opcode : 'sdiv' 'srem' 'udiv' 'urem'> <InPorts = 2> <OutPorts = 1>

State 37 <SV = 36> <Delay = 2.15>
ST_37 : Operation 149 [5/37] (2.15ns)   --->   "%srem_ln1544 = srem i33 %inD_read, i33 %sext_ln1544"   --->   Operation 149 'srem' 'srem_ln1544' <Predicate = true> <Delay = 2.15> <CoreInst = "Divider">   --->   Core 6 'Divider' <Latency = 36> <II = 1> <Delay = 2.15> <FuncUnit> <Opcode : 'sdiv' 'srem' 'udiv' 'urem'> <InPorts = 2> <OutPorts = 1>

State 38 <SV = 37> <Delay = 2.15>
ST_38 : Operation 150 [4/37] (2.15ns)   --->   "%srem_ln1544 = srem i33 %inD_read, i33 %sext_ln1544"   --->   Operation 150 'srem' 'srem_ln1544' <Predicate = true> <Delay = 2.15> <CoreInst = "Divider">   --->   Core 6 'Divider' <Latency = 36> <II = 1> <Delay = 2.15> <FuncUnit> <Opcode : 'sdiv' 'srem' 'udiv' 'urem'> <InPorts = 2> <OutPorts = 1>

State 39 <SV = 38> <Delay = 2.15>
ST_39 : Operation 151 [3/37] (2.15ns)   --->   "%srem_ln1544 = srem i33 %inD_read, i33 %sext_ln1544"   --->   Operation 151 'srem' 'srem_ln1544' <Predicate = true> <Delay = 2.15> <CoreInst = "Divider">   --->   Core 6 'Divider' <Latency = 36> <II = 1> <Delay = 2.15> <FuncUnit> <Opcode : 'sdiv' 'srem' 'udiv' 'urem'> <InPorts = 2> <OutPorts = 1>

State 40 <SV = 39> <Delay = 2.15>
ST_40 : Operation 152 [2/37] (2.15ns)   --->   "%srem_ln1544 = srem i33 %inD_read, i33 %sext_ln1544"   --->   Operation 152 'srem' 'srem_ln1544' <Predicate = true> <Delay = 2.15> <CoreInst = "Divider">   --->   Core 6 'Divider' <Latency = 36> <II = 1> <Delay = 2.15> <FuncUnit> <Opcode : 'sdiv' 'srem' 'udiv' 'urem'> <InPorts = 2> <OutPorts = 1>

State 41 <SV = 40> <Delay = 2.15>
ST_41 : Operation 153 [1/1] (0.00ns)   --->   "%speclooptripcount_ln14 = speclooptripcount void @_ssdm_op_SpecLoopTripCount, i64 1, i64 20, i64 10" [basic_arith_array_ap.cpp:14]   --->   Operation 153 'speclooptripcount' 'speclooptripcount_ln14' <Predicate = true> <Delay = 0.00>
ST_41 : Operation 154 [1/1] (0.00ns)   --->   "%specloopname_ln14 = specloopname void @_ssdm_op_SpecLoopName, void @empty_2" [basic_arith_array_ap.cpp:14]   --->   Operation 154 'specloopname' 'specloopname_ln14' <Predicate = true> <Delay = 0.00>
ST_41 : Operation 155 [1/37] (2.15ns)   --->   "%srem_ln1544 = srem i33 %inD_read, i33 %sext_ln1544"   --->   Operation 155 'srem' 'srem_ln1544' <Predicate = true> <Delay = 2.15> <CoreInst = "Divider">   --->   Core 6 'Divider' <Latency = 36> <II = 1> <Delay = 2.15> <FuncUnit> <Opcode : 'sdiv' 'srem' 'udiv' 'urem'> <InPorts = 2> <OutPorts = 1>
ST_41 : Operation 156 [1/1] (0.00ns)   --->   "%ret_2 = trunc i6 %srem_ln1544"   --->   Operation 156 'trunc' 'ret_2' <Predicate = true> <Delay = 0.00>
ST_41 : Operation 157 [1/1] (0.00ns)   --->   "%write_ln19 = write void @_ssdm_op_Write.ap_auto.i6P0A, i6 %out4, i6 %ret_2" [basic_arith_array_ap.cpp:19]   --->   Operation 157 'write' 'write_ln19' <Predicate = true> <Delay = 0.00>
ST_41 : Operation 158 [1/1] (0.00ns)   --->   "%br_ln0 = br void"   --->   Operation 158 'br' 'br_ln0' <Predicate = true> <Delay = 0.00>

State 42 <SV = 5> <Delay = 0.00>
ST_42 : Operation 159 [1/1] (0.00ns)   --->   "%ret_ln21 = ret" [basic_arith_array_ap.cpp:21]   --->   Operation 159 'ret' 'ret_ln21' <Predicate = true> <Delay = 0.00>


============================================================
+ Verbose Summary: Binding
============================================================
STG Binding: 
---------------- STG Properties BEGIN ----------------
- Is combinational: 0
- Is one-state seq: 0
- Is datapath-only: 0
- Is pipelined: 0
- Is top level: 1
Port [ Return ] is wired: 1; IO mode=ap_ctrl_hs:ce=0
Port [ inA]:  wired=1; compound=0; hidden=0; nouse=0; global=0; static=0; extern=0; dir=0; type=0; pingpong=0; private_global=0; IO mode=ap_none:ce=0
Port [ inB]:  wired=1; compound=0; hidden=0; nouse=0; global=0; static=0; extern=0; dir=0; type=0; pingpong=0; private_global=0; IO mode=ap_none:ce=0
Port [ inC]:  wired=1; compound=0; hidden=0; nouse=0; global=0; static=0; extern=0; dir=0; type=0; pingpong=0; private_global=0; IO mode=ap_none:ce=0
Port [ inD]:  wired=1; compound=0; hidden=0; nouse=0; global=0; static=0; extern=0; dir=0; type=0; pingpong=0; private_global=0; IO mode=ap_none:ce=0
Port [ out1]:  wired=1; compound=0; hidden=0; nouse=0; global=0; static=0; extern=0; dir=1; type=0; pingpong=0; private_global=0; IO mode=ap_vld:ce=0
Port [ out2]:  wired=1; compound=0; hidden=0; nouse=0; global=0; static=0; extern=0; dir=1; type=0; pingpong=0; private_global=0; IO mode=ap_vld:ce=0
Port [ out3]:  wired=1; compound=0; hidden=0; nouse=0; global=0; static=0; extern=0; dir=1; type=0; pingpong=0; private_global=0; IO mode=ap_vld:ce=0
Port [ out4]:  wired=1; compound=0; hidden=0; nouse=0; global=0; static=0; extern=0; dir=1; type=0; pingpong=0; private_global=0; IO mode=ap_vld:ce=0
Port [ size]:  wired=1; compound=0; hidden=0; nouse=0; global=0; static=0; extern=0; dir=0; type=0; pingpong=0; private_global=0; IO mode=ap_none:ce=0
---------------- STG Properties END ------------------

---------------- Datapath Model BEGIN ----------------

<LifeTime>
<method=bitvector/>
i                      (alloca           ) [ 0111111111111111111111111111111111111111110]
lhs                    (read             ) [ 0011100000000000000000000000000000000000000]
sext_ln225             (sext             ) [ 0011100000000000000000000000000000000000000]
rhs                    (read             ) [ 0011100000000000000000000000000000000000000]
sext_ln225_1           (sext             ) [ 0011100000000000000000000000000000000000000]
store_ln14             (store            ) [ 0000000000000000000000000000000000000000000]
spectopmodule_ln0      (spectopmodule    ) [ 0000000000000000000000000000000000000000000]
specbitsmap_ln0        (specbitsmap      ) [ 0000000000000000000000000000000000000000000]
specinterface_ln0      (specinterface    ) [ 0000000000000000000000000000000000000000000]
specbitsmap_ln0        (specbitsmap      ) [ 0000000000000000000000000000000000000000000]
specinterface_ln0      (specinterface    ) [ 0000000000000000000000000000000000000000000]
specbitsmap_ln0        (specbitsmap      ) [ 0000000000000000000000000000000000000000000]
specinterface_ln0      (specinterface    ) [ 0000000000000000000000000000000000000000000]
specbitsmap_ln0        (specbitsmap      ) [ 0000000000000000000000000000000000000000000]
specinterface_ln0      (specinterface    ) [ 0000000000000000000000000000000000000000000]
specbitsmap_ln0        (specbitsmap      ) [ 0000000000000000000000000000000000000000000]
specinterface_ln0      (specinterface    ) [ 0000000000000000000000000000000000000000000]
specbitsmap_ln0        (specbitsmap      ) [ 0000000000000000000000000000000000000000000]
specinterface_ln0      (specinterface    ) [ 0000000000000000000000000000000000000000000]
specbitsmap_ln0        (specbitsmap      ) [ 0000000000000000000000000000000000000000000]
specinterface_ln0      (specinterface    ) [ 0000000000000000000000000000000000000000000]
specbitsmap_ln0        (specbitsmap      ) [ 0000000000000000000000000000000000000000000]
specinterface_ln0      (specinterface    ) [ 0000000000000000000000000000000000000000000]
specbitsmap_ln0        (specbitsmap      ) [ 0000000000000000000000000000000000000000000]
specinterface_ln0      (specinterface    ) [ 0000000000000000000000000000000000000000000]
size_read              (read             ) [ 0000000000000000000000000000000000000000000]
conv                   (sext             ) [ 0000011111111111111111111111111111111111110]
ret                    (mul              ) [ 0000011111111111111111111111111111111111110]
sext_ln225_2           (sext             ) [ 0000000000000000000000000000000000000000000]
sext_ln225_3           (sext             ) [ 0000000000000000000000000000000000000000000]
ret_1                  (add              ) [ 0000011111111111111111111111111111111111110]
inC_read               (read             ) [ 0000011111111111111111111111111111111111110]
inD_read               (read             ) [ 0000011111111111111111111111111111111111110]
sext_ln1544            (sext             ) [ 0000011111111111111111111111111111111111110]
sext_ln14              (sext             ) [ 0000011111111111111111111111111111111111110]
br_ln14                (br               ) [ 0000000000000000000000000000000000000000000]
i_1                    (load             ) [ 0000000000000000000000000000000000000000000]
specpipeline_ln0       (specpipeline     ) [ 0000000000000000000000000000000000000000000]
icmp_ln14              (icmp             ) [ 0000011111111111111111111111111111111111110]
i_2                    (add              ) [ 0000000000000000000000000000000000000000000]
br_ln14                (br               ) [ 0000000000000000000000000000000000000000000]
write_ln16             (write            ) [ 0000000000000000000000000000000000000000000]
write_ln17             (write            ) [ 0000000000000000000000000000000000000000000]
store_ln14             (store            ) [ 0000000000000000000000000000000000000000000]
sdiv_ln70              (sdiv             ) [ 0000000000000000000000000000000000000000000]
write_ln18             (write            ) [ 0000000000000000000000000000000000000000000]
speclooptripcount_ln14 (speclooptripcount) [ 0000000000000000000000000000000000000000000]
specloopname_ln14      (specloopname     ) [ 0000000000000000000000000000000000000000000]
srem_ln1544            (srem             ) [ 0000000000000000000000000000000000000000000]
ret_2                  (trunc            ) [ 0000000000000000000000000000000000000000000]
write_ln19             (write            ) [ 0000000000000000000000000000000000000000000]
br_ln0                 (br               ) [ 0000000000000000000000000000000000000000000]
ret_ln21               (ret              ) [ 0000000000000000000000000000000000000000000]
</LifeTime>

<model>

<comp_list>
<comp id="0" class="1000" name="inA">
<pin_list>
<pin id="1" dir="1" index="0" bw="1" slack="0"/>
</pin_list>
<bind>
<StgValue><ssdm name="inA"/></StgValue>
</bind>
</comp>

<comp id="2" class="1000" name="inB">
<pin_list>
<pin id="3" dir="1" index="0" bw="1" slack="0"/>
</pin_list>
<bind>
<StgValue><ssdm name="inB"/></StgValue>
</bind>
</comp>

<comp id="4" class="1000" name="inC">
<pin_list>
<pin id="5" dir="1" index="0" bw="1" slack="0"/>
</pin_list>
<bind>
<StgValue><ssdm name="inC"/></StgValue>
</bind>
</comp>

<comp id="6" class="1000" name="inD">
<pin_list>
<pin id="7" dir="1" index="0" bw="1" slack="0"/>
</pin_list>
<bind>
<StgValue><ssdm name="inD"/></StgValue>
</bind>
</comp>

<comp id="8" class="1000" name="out1">
<pin_list>
<pin id="9" dir="1" index="0" bw="1" slack="0"/>
</pin_list>
<bind>
<StgValue><ssdm name="out1"/></StgValue>
</bind>
</comp>

<comp id="10" class="1000" name="out2">
<pin_list>
<pin id="11" dir="1" index="0" bw="1" slack="0"/>
</pin_list>
<bind>
<StgValue><ssdm name="out2"/></StgValue>
</bind>
</comp>

<comp id="12" class="1000" name="out3">
<pin_list>
<pin id="13" dir="1" index="0" bw="1" slack="0"/>
</pin_list>
<bind>
<StgValue><ssdm name="out3"/></StgValue>
</bind>
</comp>

<comp id="14" class="1000" name="out4">
<pin_list>
<pin id="15" dir="1" index="0" bw="1" slack="0"/>
</pin_list>
<bind>
<StgValue><ssdm name="out4"/></StgValue>
</bind>
</comp>

<comp id="16" class="1000" name="size">
<pin_list>
<pin id="17" dir="1" index="0" bw="1" slack="0"/>
</pin_list>
<bind>
<StgValue><ssdm name="size"/></StgValue>
</bind>
</comp>

<comp id="18" class="1001" name="const_18">
<pin_list>
<pin id="19" dir="1" index="0" bw="1" slack="0"/>
</pin_list>
<bind>
<StgValue><ssdm name=""/></StgValue>
</bind>
</comp>

<comp id="20" class="1001" name="const_20">
<pin_list>
<pin id="21" dir="1" index="0" bw="1" slack="0"/>
</pin_list>
<bind>
<StgValue><ssdm name="_ssdm_op_Read.ap_auto.i6P0A"/></StgValue>
</bind>
</comp>

<comp id="22" class="1001" name="const_22">
<pin_list>
<pin id="23" dir="1" index="0" bw="1" slack="0"/>
</pin_list>
<bind>
<StgValue><ssdm name="_ssdm_op_Read.ap_auto.i12P0A"/></StgValue>
</bind>
</comp>

<comp id="24" class="1001" name="const_24">
<pin_list>
<pin id="25" dir="1" index="0" bw="1" slack="0"/>
</pin_list>
<bind>
<StgValue><ssdm name=""/></StgValue>
</bind>
</comp>

<comp id="26" class="1001" name="const_26">
<pin_list>
<pin id="27" dir="1" index="0" bw="1" slack="2147483647"/>
</pin_list>
<bind>
<StgValue><ssdm name="_ssdm_op_SpecTopModule"/></StgValue>
</bind>
</comp>

<comp id="28" class="1001" name="const_28">
<pin_list>
<pin id="29" dir="1" index="0" bw="1" slack="2147483647"/>
</pin_list>
<bind>
<StgValue><ssdm name="empty_1"/></StgValue>
</bind>
</comp>

<comp id="30" class="1001" name="const_30">
<pin_list>
<pin id="31" dir="1" index="0" bw="1" slack="2147483647"/>
</pin_list>
<bind>
<StgValue><ssdm name="_ssdm_op_SpecBitsMap"/></StgValue>
</bind>
</comp>

<comp id="32" class="1001" name="const_32">
<pin_list>
<pin id="33" dir="1" index="0" bw="1" slack="2147483647"/>
</pin_list>
<bind>
<StgValue><ssdm name="_ssdm_op_SpecInterface"/></StgValue>
</bind>
</comp>

<comp id="34" class="1001" name="const_34">
<pin_list>
<pin id="35" dir="1" index="0" bw="1" slack="2147483647"/>
</pin_list>
<bind>
<StgValue><ssdm name="empty"/></StgValue>
</bind>
</comp>

<comp id="36" class="1001" name="const_36">
<pin_list>
<pin id="37" dir="1" index="0" bw="1" slack="2147483647"/>
</pin_list>
<bind>
<StgValue><ssdm name=""/></StgValue>
</bind>
</comp>

<comp id="38" class="1001" name="const_38">
<pin_list>
<pin id="39" dir="1" index="0" bw="1" slack="2147483647"/>
</pin_list>
<bind>
<StgValue><ssdm name="empty_0"/></StgValue>
</bind>
</comp>

<comp id="40" class="1001" name="const_40">
<pin_list>
<pin id="41" dir="1" index="0" bw="1" slack="0"/>
</pin_list>
<bind>
<StgValue><ssdm name="_ssdm_op_Read.ap_auto.i32"/></StgValue>
</bind>
</comp>

<comp id="42" class="1001" name="const_42">
<pin_list>
<pin id="43" dir="1" index="0" bw="1" slack="0"/>
</pin_list>
<bind>
<StgValue><ssdm name="_ssdm_op_Read.ap_auto.i22P0A"/></StgValue>
</bind>
</comp>

<comp id="44" class="1001" name="const_44">
<pin_list>
<pin id="45" dir="1" index="0" bw="1" slack="0"/>
</pin_list>
<bind>
<StgValue><ssdm name="_ssdm_op_Read.ap_auto.i33P0A"/></StgValue>
</bind>
</comp>

<comp id="46" class="1001" name="const_46">
<pin_list>
<pin id="47" dir="1" index="0" bw="1" slack="2147483647"/>
</pin_list>
<bind>
<StgValue><ssdm name="_ssdm_op_SpecPipeline"/></StgValue>
</bind>
</comp>

<comp id="48" class="1001" name="const_48">
<pin_list>
<pin id="49" dir="1" index="0" bw="1" slack="2147483647"/>
</pin_list>
<bind>
<StgValue><ssdm name=""/></StgValue>
</bind>
</comp>

<comp id="50" class="1001" name="const_50">
<pin_list>
<pin id="51" dir="1" index="0" bw="1" slack="2147483647"/>
</pin_list>
<bind>
<StgValue><ssdm name="p_str"/></StgValue>
</bind>
</comp>

<comp id="52" class="1001" name="const_52">
<pin_list>
<pin id="53" dir="1" index="0" bw="1" slack="0"/>
</pin_list>
<bind>
<StgValue><ssdm name=""/></StgValue>
</bind>
</comp>

<comp id="54" class="1001" name="const_54">
<pin_list>
<pin id="55" dir="1" index="0" bw="1" slack="0"/>
</pin_list>
<bind>
<StgValue><ssdm name="_ssdm_op_Write.ap_auto.i18P0A"/></StgValue>
</bind>
</comp>

<comp id="56" class="1001" name="const_56">
<pin_list>
<pin id="57" dir="1" index="0" bw="1" slack="0"/>
</pin_list>
<bind>
<StgValue><ssdm name="_ssdm_op_Write.ap_auto.i13P0A"/></StgValue>
</bind>
</comp>

<comp id="58" class="1001" name="const_58">
<pin_list>
<pin id="59" dir="1" index="0" bw="1" slack="0"/>
</pin_list>
<bind>
<StgValue><ssdm name="_ssdm_op_Write.ap_auto.i22P0A"/></StgValue>
</bind>
</comp>

<comp id="60" class="1001" name="const_60">
<pin_list>
<pin id="61" dir="1" index="0" bw="1" slack="2147483647"/>
</pin_list>
<bind>
<StgValue><ssdm name="_ssdm_op_SpecLoopTripCount"/></StgValue>
</bind>
</comp>

<comp id="62" class="1001" name="const_62">
<pin_list>
<pin id="63" dir="1" index="0" bw="1" slack="2147483647"/>
</pin_list>
<bind>
<StgValue><ssdm name=""/></StgValue>
</bind>
</comp>

<comp id="64" class="1001" name="const_64">
<pin_list>
<pin id="65" dir="1" index="0" bw="1" slack="2147483647"/>
</pin_list>
<bind>
<StgValue><ssdm name=""/></StgValue>
</bind>
</comp>

<comp id="66" class="1001" name="const_66">
<pin_list>
<pin id="67" dir="1" index="0" bw="1" slack="2147483647"/>
</pin_list>
<bind>
<StgValue><ssdm name="_ssdm_op_SpecLoopName"/></StgValue>
</bind>
</comp>

<comp id="68" class="1001" name="const_68">
<pin_list>
<pin id="69" dir="1" index="0" bw="1" slack="2147483647"/>
</pin_list>
<bind>
<StgValue><ssdm name="empty_2"/></StgValue>
</bind>
</comp>

<comp id="70" class="1001" name="const_70">
<pin_list>
<pin id="71" dir="1" index="0" bw="1" slack="0"/>
</pin_list>
<bind>
<StgValue><ssdm name="_ssdm_op_Write.ap_auto.i6P0A"/></StgValue>
</bind>
</comp>

<comp id="72" class="1004" name="i_fu_72">
<pin_list>
<pin id="73" dir="0" index="0" bw="1" slack="0"/>
<pin id="74" dir="1" index="1" bw="64" slack="0"/>
</pin_list>
<bind>
<opcode="alloca(26) " fcode="alloca"/>
<opset="i/1 "/>
</bind>
</comp>

<comp id="76" class="1004" name="lhs_read_fu_76">
<pin_list>
<pin id="77" dir="0" index="0" bw="6" slack="0"/>
<pin id="78" dir="0" index="1" bw="6" slack="0"/>
<pin id="79" dir="1" index="2" bw="6" slack="0"/>
</pin_list>
<bind>
<opcode="read(1150) " fcode="read"/>
<opset="lhs/1 "/>
</bind>
</comp>

<comp id="82" class="1004" name="rhs_read_fu_82">
<pin_list>
<pin id="83" dir="0" index="0" bw="12" slack="0"/>
<pin id="84" dir="0" index="1" bw="12" slack="0"/>
<pin id="85" dir="1" index="2" bw="12" slack="0"/>
</pin_list>
<bind>
<opcode="read(1150) " fcode="read"/>
<opset="rhs/1 "/>
</bind>
</comp>

<comp id="88" class="1004" name="size_read_read_fu_88">
<pin_list>
<pin id="89" dir="0" index="0" bw="32" slack="0"/>
<pin id="90" dir="0" index="1" bw="32" slack="0"/>
<pin id="91" dir="1" index="2" bw="32" slack="0"/>
</pin_list>
<bind>
<opcode="read(1150) " fcode="read"/>
<opset="size_read/4 "/>
</bind>
</comp>

<comp id="94" class="1004" name="inC_read_read_fu_94">
<pin_list>
<pin id="95" dir="0" index="0" bw="22" slack="0"/>
<pin id="96" dir="0" index="1" bw="22" slack="0"/>
<pin id="97" dir="1" index="2" bw="22" slack="1"/>
</pin_list>
<bind>
<opcode="read(1150) " fcode="read"/>
<opset="inC_read/4 "/>
</bind>
</comp>

<comp id="100" class="1004" name="inD_read_read_fu_100">
<pin_list>
<pin id="101" dir="0" index="0" bw="33" slack="0"/>
<pin id="102" dir="0" index="1" bw="33" slack="0"/>
<pin id="103" dir="1" index="2" bw="33" slack="1"/>
</pin_list>
<bind>
<opcode="read(1150) " fcode="read"/>
<opset="inD_read/4 "/>
</bind>
</comp>

<comp id="106" class="1004" name="write_ln16_write_fu_106">
<pin_list>
<pin id="107" dir="0" index="0" bw="0" slack="0"/>
<pin id="108" dir="0" index="1" bw="18" slack="0"/>
<pin id="109" dir="0" index="2" bw="18" slack="1"/>
<pin id="110" dir="1" index="3" bw="0" slack="2147483647"/>
</pin_list>
<bind>
<opcode="write(1151) " fcode="write"/>
<opset="write_ln16/5 "/>
</bind>
</comp>

<comp id="113" class="1004" name="write_ln17_write_fu_113">
<pin_list>
<pin id="114" dir="0" index="0" bw="0" slack="0"/>
<pin id="115" dir="0" index="1" bw="13" slack="0"/>
<pin id="116" dir="0" index="2" bw="13" slack="1"/>
<pin id="117" dir="1" index="3" bw="0" slack="2147483647"/>
</pin_list>
<bind>
<opcode="write(1151) " fcode="write"/>
<opset="write_ln17/5 "/>
</bind>
</comp>

<comp id="120" class="1004" name="write_ln18_write_fu_120">
<pin_list>
<pin id="121" dir="0" index="0" bw="0" slack="0"/>
<pin id="122" dir="0" index="1" bw="22" slack="0"/>
<pin id="123" dir="0" index="2" bw="22" slack="0"/>
<pin id="124" dir="1" index="3" bw="0" slack="2147483647"/>
</pin_list>
<bind>
<opcode="write(1151) " fcode="write"/>
<opset="write_ln18/30 "/>
</bind>
</comp>

<comp id="127" class="1004" name="write_ln19_write_fu_127">
<pin_list>
<pin id="128" dir="0" index="0" bw="0" slack="0"/>
<pin id="129" dir="0" index="1" bw="6" slack="0"/>
<pin id="130" dir="0" index="2" bw="6" slack="0"/>
<pin id="131" dir="1" index="3" bw="0" slack="2147483647"/>
</pin_list>
<bind>
<opcode="write(1151) " fcode="write"/>
<opset="write_ln19/41 "/>
</bind>
</comp>

<comp id="134" class="1004" name="sext_ln225_fu_134">
<pin_list>
<pin id="135" dir="0" index="0" bw="6" slack="0"/>
<pin id="136" dir="1" index="1" bw="18" slack="0"/>
</pin_list>
<bind>
<opcode="sext(35) " fcode="sext"/>
<opset="sext_ln225/1 "/>
</bind>
</comp>

<comp id="138" class="1004" name="sext_ln225_1_fu_138">
<pin_list>
<pin id="139" dir="0" index="0" bw="12" slack="0"/>
<pin id="140" dir="1" index="1" bw="18" slack="0"/>
</pin_list>
<bind>
<opcode="sext(35) " fcode="sext"/>
<opset="sext_ln225_1/1 "/>
</bind>
</comp>

<comp id="142" class="1004" name="store_ln14_store_fu_142">
<pin_list>
<pin id="143" dir="0" index="0" bw="1" slack="0"/>
<pin id="144" dir="0" index="1" bw="64" slack="0"/>
<pin id="145" dir="1" index="2" bw="0" slack="2147483647"/>
</pin_list>
<bind>
<opcode="store(28) " fcode="store"/>
<opset="store_ln14/1 "/>
</bind>
</comp>

<comp id="147" class="1004" name="conv_fu_147">
<pin_list>
<pin id="148" dir="0" index="0" bw="32" slack="0"/>
<pin id="149" dir="1" index="1" bw="64" slack="1"/>
</pin_list>
<bind>
<opcode="sext(35) " fcode="sext"/>
<opset="conv/4 "/>
</bind>
</comp>

<comp id="151" class="1004" name="sext_ln225_2_fu_151">
<pin_list>
<pin id="152" dir="0" index="0" bw="12" slack="3"/>
<pin id="153" dir="1" index="1" bw="13" slack="0"/>
</pin_list>
<bind>
<opcode="sext(35) " fcode="sext"/>
<opset="sext_ln225_2/4 "/>
</bind>
</comp>

<comp id="154" class="1004" name="sext_ln225_3_fu_154">
<pin_list>
<pin id="155" dir="0" index="0" bw="6" slack="3"/>
<pin id="156" dir="1" index="1" bw="13" slack="0"/>
</pin_list>
<bind>
<opcode="sext(35) " fcode="sext"/>
<opset="sext_ln225_3/4 "/>
</bind>
</comp>

<comp id="157" class="1004" name="ret_1_fu_157">
<pin_list>
<pin id="158" dir="0" index="0" bw="12" slack="0"/>
<pin id="159" dir="0" index="1" bw="6" slack="0"/>
<pin id="160" dir="1" index="2" bw="13" slack="1"/>
</pin_list>
<bind>
<opcode="add(8) " fcode="add"/>
<opset="ret_1/4 "/>
</bind>
</comp>

<comp id="163" class="1004" name="sext_ln1544_fu_163">
<pin_list>
<pin id="164" dir="0" index="0" bw="6" slack="3"/>
<pin id="165" dir="1" index="1" bw="33" slack="1"/>
</pin_list>
<bind>
<opcode="sext(35) " fcode="sext"/>
<opset="sext_ln1544/4 "/>
</bind>
</comp>

<comp id="166" class="1004" name="sext_ln14_fu_166">
<pin_list>
<pin id="167" dir="0" index="0" bw="6" slack="3"/>
<pin id="168" dir="1" index="1" bw="22" slack="1"/>
</pin_list>
<bind>
<opcode="sext(35) " fcode="sext"/>
<opset="sext_ln14/4 "/>
</bind>
</comp>

<comp id="169" class="1004" name="i_1_load_fu_169">
<pin_list>
<pin id="170" dir="0" index="0" bw="64" slack="4"/>
<pin id="171" dir="1" index="1" bw="64" slack="0"/>
</pin_list>
<bind>
<opcode="load(27) " fcode="load"/>
<opset="i_1/5 "/>
</bind>
</comp>

<comp id="172" class="1004" name="icmp_ln14_fu_172">
<pin_list>
<pin id="173" dir="0" index="0" bw="64" slack="0"/>
<pin id="174" dir="0" index="1" bw="64" slack="1"/>
<pin id="175" dir="1" index="2" bw="1" slack="2147483647"/>
</pin_list>
<bind>
<opcode="icmp(45) " fcode="icmp"/>
<opset="icmp_ln14/5 "/>
</bind>
</comp>

<comp id="177" class="1004" name="i_2_fu_177">
<pin_list>
<pin id="178" dir="0" index="0" bw="64" slack="0"/>
<pin id="179" dir="0" index="1" bw="1" slack="0"/>
<pin id="180" dir="1" index="2" bw="64" slack="0"/>
</pin_list>
<bind>
<opcode="add(8) " fcode="add"/>
<opset="i_2/5 "/>
</bind>
</comp>

<comp id="183" class="1004" name="grp_fu_183">
<pin_list>
<pin id="184" dir="0" index="0" bw="22" slack="1"/>
<pin id="185" dir="0" index="1" bw="6" slack="1"/>
<pin id="186" dir="1" index="2" bw="22" slack="0"/>
</pin_list>
<bind>
<opcode="sdiv(15) " fcode="sdiv"/>
<opset="sdiv_ln70/5 "/>
</bind>
</comp>

<comp id="188" class="1004" name="grp_fu_188">
<pin_list>
<pin id="189" dir="0" index="0" bw="33" slack="1"/>
<pin id="190" dir="0" index="1" bw="6" slack="1"/>
<pin id="191" dir="1" index="2" bw="6" slack="0"/>
</pin_list>
<bind>
<opcode="srem(18) " fcode="srem"/>
<opset="srem_ln1544/5 "/>
</bind>
</comp>

<comp id="192" class="1004" name="store_ln14_store_fu_192">
<pin_list>
<pin id="193" dir="0" index="0" bw="64" slack="0"/>
<pin id="194" dir="0" index="1" bw="64" slack="4"/>
<pin id="195" dir="1" index="2" bw="0" slack="2147483647"/>
</pin_list>
<bind>
<opcode="store(28) " fcode="store"/>
<opset="store_ln14/5 "/>
</bind>
</comp>

<comp id="197" class="1004" name="ret_2_fu_197">
<pin_list>
<pin id="198" dir="0" index="0" bw="6" slack="0"/>
<pin id="199" dir="1" index="1" bw="6" slack="0"/>
</pin_list>
<bind>
<opcode="trunc(33) " fcode="trunc"/>
<opset="ret_2/41 "/>
</bind>
</comp>

<comp id="202" class="1007" name="grp_fu_202">
<pin_list>
<pin id="203" dir="0" index="0" bw="12" slack="0"/>
<pin id="204" dir="0" index="1" bw="6" slack="0"/>
<pin id="205" dir="1" index="2" bw="18" slack="1"/>
</pin_list>
<bind>
<opcode="mul(12) " fcode="mul"/>
<opset="ret/1 "/>
</bind>
</comp>

<comp id="208" class="1005" name="i_reg_208">
<pin_list>
<pin id="209" dir="0" index="0" bw="64" slack="0"/>
<pin id="210" dir="1" index="1" bw="64" slack="0"/>
</pin_list>
<bind>
<opset="i "/>
</bind>
</comp>

<comp id="215" class="1005" name="lhs_reg_215">
<pin_list>
<pin id="216" dir="0" index="0" bw="6" slack="3"/>
<pin id="217" dir="1" index="1" bw="6" slack="3"/>
</pin_list>
<bind>
<opset="lhs "/>
</bind>
</comp>

<comp id="222" class="1005" name="sext_ln225_reg_222">
<pin_list>
<pin id="223" dir="0" index="0" bw="18" slack="1"/>
<pin id="224" dir="1" index="1" bw="18" slack="1"/>
</pin_list>
<bind>
<opset="sext_ln225 "/>
</bind>
</comp>

<comp id="227" class="1005" name="rhs_reg_227">
<pin_list>
<pin id="228" dir="0" index="0" bw="12" slack="3"/>
<pin id="229" dir="1" index="1" bw="12" slack="3"/>
</pin_list>
<bind>
<opset="rhs "/>
</bind>
</comp>

<comp id="232" class="1005" name="sext_ln225_1_reg_232">
<pin_list>
<pin id="233" dir="0" index="0" bw="18" slack="1"/>
<pin id="234" dir="1" index="1" bw="18" slack="1"/>
</pin_list>
<bind>
<opset="sext_ln225_1 "/>
</bind>
</comp>

<comp id="237" class="1005" name="conv_reg_237">
<pin_list>
<pin id="238" dir="0" index="0" bw="64" slack="1"/>
<pin id="239" dir="1" index="1" bw="64" slack="1"/>
</pin_list>
<bind>
<opset="conv "/>
</bind>
</comp>

<comp id="242" class="1005" name="ret_reg_242">
<pin_list>
<pin id="243" dir="0" index="0" bw="18" slack="1"/>
<pin id="244" dir="1" index="1" bw="18" slack="1"/>
</pin_list>
<bind>
<opset="ret "/>
</bind>
</comp>

<comp id="247" class="1005" name="ret_1_reg_247">
<pin_list>
<pin id="248" dir="0" index="0" bw="13" slack="1"/>
<pin id="249" dir="1" index="1" bw="13" slack="1"/>
</pin_list>
<bind>
<opset="ret_1 "/>
</bind>
</comp>

<comp id="252" class="1005" name="inC_read_reg_252">
<pin_list>
<pin id="253" dir="0" index="0" bw="22" slack="1"/>
<pin id="254" dir="1" index="1" bw="22" slack="1"/>
</pin_list>
<bind>
<opset="inC_read "/>
</bind>
</comp>

<comp id="257" class="1005" name="inD_read_reg_257">
<pin_list>
<pin id="258" dir="0" index="0" bw="33" slack="1"/>
<pin id="259" dir="1" index="1" bw="33" slack="1"/>
</pin_list>
<bind>
<opset="inD_read "/>
</bind>
</comp>

<comp id="262" class="1005" name="sext_ln1544_reg_262">
<pin_list>
<pin id="263" dir="0" index="0" bw="33" slack="1"/>
<pin id="264" dir="1" index="1" bw="33" slack="1"/>
</pin_list>
<bind>
<opset="sext_ln1544 "/>
</bind>
</comp>

<comp id="267" class="1005" name="sext_ln14_reg_267">
<pin_list>
<pin id="268" dir="0" index="0" bw="22" slack="1"/>
<pin id="269" dir="1" index="1" bw="22" slack="1"/>
</pin_list>
<bind>
<opset="sext_ln14 "/>
</bind>
</comp>

</comp_list>

<net_list>
<net id="75"><net_src comp="18" pin="0"/><net_sink comp="72" pin=0"/></net>

<net id="80"><net_src comp="20" pin="0"/><net_sink comp="76" pin=0"/></net>

<net id="81"><net_src comp="0" pin="0"/><net_sink comp="76" pin=1"/></net>

<net id="86"><net_src comp="22" pin="0"/><net_sink comp="82" pin=0"/></net>

<net id="87"><net_src comp="2" pin="0"/><net_sink comp="82" pin=1"/></net>

<net id="92"><net_src comp="40" pin="0"/><net_sink comp="88" pin=0"/></net>

<net id="93"><net_src comp="16" pin="0"/><net_sink comp="88" pin=1"/></net>

<net id="98"><net_src comp="42" pin="0"/><net_sink comp="94" pin=0"/></net>

<net id="99"><net_src comp="4" pin="0"/><net_sink comp="94" pin=1"/></net>

<net id="104"><net_src comp="44" pin="0"/><net_sink comp="100" pin=0"/></net>

<net id="105"><net_src comp="6" pin="0"/><net_sink comp="100" pin=1"/></net>

<net id="111"><net_src comp="54" pin="0"/><net_sink comp="106" pin=0"/></net>

<net id="112"><net_src comp="8" pin="0"/><net_sink comp="106" pin=1"/></net>

<net id="118"><net_src comp="56" pin="0"/><net_sink comp="113" pin=0"/></net>

<net id="119"><net_src comp="10" pin="0"/><net_sink comp="113" pin=1"/></net>

<net id="125"><net_src comp="58" pin="0"/><net_sink comp="120" pin=0"/></net>

<net id="126"><net_src comp="12" pin="0"/><net_sink comp="120" pin=1"/></net>

<net id="132"><net_src comp="70" pin="0"/><net_sink comp="127" pin=0"/></net>

<net id="133"><net_src comp="14" pin="0"/><net_sink comp="127" pin=1"/></net>

<net id="137"><net_src comp="76" pin="2"/><net_sink comp="134" pin=0"/></net>

<net id="141"><net_src comp="82" pin="2"/><net_sink comp="138" pin=0"/></net>

<net id="146"><net_src comp="24" pin="0"/><net_sink comp="142" pin=0"/></net>

<net id="150"><net_src comp="88" pin="2"/><net_sink comp="147" pin=0"/></net>

<net id="161"><net_src comp="151" pin="1"/><net_sink comp="157" pin=0"/></net>

<net id="162"><net_src comp="154" pin="1"/><net_sink comp="157" pin=1"/></net>

<net id="176"><net_src comp="169" pin="1"/><net_sink comp="172" pin=0"/></net>

<net id="181"><net_src comp="169" pin="1"/><net_sink comp="177" pin=0"/></net>

<net id="182"><net_src comp="52" pin="0"/><net_sink comp="177" pin=1"/></net>

<net id="187"><net_src comp="183" pin="2"/><net_sink comp="120" pin=2"/></net>

<net id="196"><net_src comp="177" pin="2"/><net_sink comp="192" pin=0"/></net>

<net id="200"><net_src comp="188" pin="2"/><net_sink comp="197" pin=0"/></net>

<net id="201"><net_src comp="197" pin="1"/><net_sink comp="127" pin=2"/></net>

<net id="206"><net_src comp="138" pin="1"/><net_sink comp="202" pin=0"/></net>

<net id="207"><net_src comp="134" pin="1"/><net_sink comp="202" pin=1"/></net>

<net id="211"><net_src comp="72" pin="1"/><net_sink comp="208" pin=0"/></net>

<net id="212"><net_src comp="208" pin="1"/><net_sink comp="142" pin=1"/></net>

<net id="213"><net_src comp="208" pin="1"/><net_sink comp="169" pin=0"/></net>

<net id="214"><net_src comp="208" pin="1"/><net_sink comp="192" pin=1"/></net>

<net id="218"><net_src comp="76" pin="2"/><net_sink comp="215" pin=0"/></net>

<net id="219"><net_src comp="215" pin="1"/><net_sink comp="154" pin=0"/></net>

<net id="220"><net_src comp="215" pin="1"/><net_sink comp="163" pin=0"/></net>

<net id="221"><net_src comp="215" pin="1"/><net_sink comp="166" pin=0"/></net>

<net id="225"><net_src comp="134" pin="1"/><net_sink comp="222" pin=0"/></net>

<net id="226"><net_src comp="222" pin="1"/><net_sink comp="202" pin=1"/></net>

<net id="230"><net_src comp="82" pin="2"/><net_sink comp="227" pin=0"/></net>

<net id="231"><net_src comp="227" pin="1"/><net_sink comp="151" pin=0"/></net>

<net id="235"><net_src comp="138" pin="1"/><net_sink comp="232" pin=0"/></net>

<net id="236"><net_src comp="232" pin="1"/><net_sink comp="202" pin=0"/></net>

<net id="240"><net_src comp="147" pin="1"/><net_sink comp="237" pin=0"/></net>

<net id="241"><net_src comp="237" pin="1"/><net_sink comp="172" pin=1"/></net>

<net id="245"><net_src comp="202" pin="2"/><net_sink comp="242" pin=0"/></net>

<net id="246"><net_src comp="242" pin="1"/><net_sink comp="106" pin=2"/></net>

<net id="250"><net_src comp="157" pin="2"/><net_sink comp="247" pin=0"/></net>

<net id="251"><net_src comp="247" pin="1"/><net_sink comp="113" pin=2"/></net>

<net id="255"><net_src comp="94" pin="2"/><net_sink comp="252" pin=0"/></net>

<net id="256"><net_src comp="252" pin="1"/><net_sink comp="183" pin=0"/></net>

<net id="260"><net_src comp="100" pin="2"/><net_sink comp="257" pin=0"/></net>

<net id="261"><net_src comp="257" pin="1"/><net_sink comp="188" pin=0"/></net>

<net id="265"><net_src comp="163" pin="1"/><net_sink comp="262" pin=0"/></net>

<net id="266"><net_src comp="262" pin="1"/><net_sink comp="188" pin=1"/></net>

<net id="270"><net_src comp="166" pin="1"/><net_sink comp="267" pin=0"/></net>

<net id="271"><net_src comp="267" pin="1"/><net_sink comp="183" pin=1"/></net>

</net_list>

</model> 
---------------- Datapath Model END ------------------

* FSMD analyzer results:
  - Output states:
	Port: out1 | {5 }
	Port: out2 | {5 }
	Port: out3 | {30 }
	Port: out4 | {41 }
 - Input state : 
	Port: basic_arith_array_ap : inA | {1 }
	Port: basic_arith_array_ap : inB | {1 }
	Port: basic_arith_array_ap : inC | {4 }
	Port: basic_arith_array_ap : inD | {4 }
	Port: basic_arith_array_ap : size | {4 }
  - Chain level:
	State 1
		ret : 1
		store_ln14 : 1
	State 2
	State 3
	State 4
		ret_1 : 1
	State 5
		icmp_ln14 : 1
		i_2 : 1
		br_ln14 : 2
		store_ln14 : 2
	State 6
	State 7
	State 8
	State 9
	State 10
	State 11
	State 12
	State 13
	State 14
	State 15
	State 16
	State 17
	State 18
	State 19
	State 20
	State 21
	State 22
	State 23
	State 24
	State 25
	State 26
	State 27
	State 28
	State 29
	State 30
		write_ln18 : 1
	State 31
	State 32
	State 33
	State 34
	State 35
	State 36
	State 37
	State 38
	State 39
	State 40
	State 41
		ret_2 : 1
		write_ln19 : 2
	State 42


============================================================
+ Verbose Summary: Datapath Resource usage 
============================================================

* Functional unit list:
|----------|-------------------------|---------|---------|---------|
| Operation|     Functional Unit     |   DSP   |    FF   |   LUT   |
|----------|-------------------------|---------|---------|---------|
|   srem   |        grp_fu_188       |    0    |   2434  |   1854  |
|----------|-------------------------|---------|---------|---------|
|   sdiv   |        grp_fu_183       |    0    |   1217  |   922   |
|----------|-------------------------|---------|---------|---------|
|    add   |       ret_1_fu_157      |    0    |    0    |    19   |
|          |        i_2_fu_177       |    0    |    0    |    71   |
|----------|-------------------------|---------|---------|---------|
|   icmp   |     icmp_ln14_fu_172    |    0    |    0    |    29   |
|----------|-------------------------|---------|---------|---------|
|    mul   |        grp_fu_202       |    1    |    0    |    0    |
|----------|-------------------------|---------|---------|---------|
|          |      lhs_read_fu_76     |    0    |    0    |    0    |
|          |      rhs_read_fu_82     |    0    |    0    |    0    |
|   read   |   size_read_read_fu_88  |    0    |    0    |    0    |
|          |   inC_read_read_fu_94   |    0    |    0    |    0    |
|          |   inD_read_read_fu_100  |    0    |    0    |    0    |
|----------|-------------------------|---------|---------|---------|
|          | write_ln16_write_fu_106 |    0    |    0    |    0    |
|   write  | write_ln17_write_fu_113 |    0    |    0    |    0    |
|          | write_ln18_write_fu_120 |    0    |    0    |    0    |
|          | write_ln19_write_fu_127 |    0    |    0    |    0    |
|----------|-------------------------|---------|---------|---------|
|          |    sext_ln225_fu_134    |    0    |    0    |    0    |
|          |   sext_ln225_1_fu_138   |    0    |    0    |    0    |
|          |       conv_fu_147       |    0    |    0    |    0    |
|   sext   |   sext_ln225_2_fu_151   |    0    |    0    |    0    |
|          |   sext_ln225_3_fu_154   |    0    |    0    |    0    |
|          |    sext_ln1544_fu_163   |    0    |    0    |    0    |
|          |     sext_ln14_fu_166    |    0    |    0    |    0    |
|----------|-------------------------|---------|---------|---------|
|   trunc  |       ret_2_fu_197      |    0    |    0    |    0    |
|----------|-------------------------|---------|---------|---------|
|   Total  |                         |    1    |   3651  |   2895  |
|----------|-------------------------|---------|---------|---------|

Memories:
N/A

* Register list:
+--------------------+--------+
|                    |   FF   |
+--------------------+--------+
|    conv_reg_237    |   64   |
|      i_reg_208     |   64   |
|  inC_read_reg_252  |   22   |
|  inD_read_reg_257  |   33   |
|     lhs_reg_215    |    6   |
|    ret_1_reg_247   |   13   |
|     ret_reg_242    |   18   |
|     rhs_reg_227    |   12   |
|  sext_ln14_reg_267 |   22   |
| sext_ln1544_reg_262|   33   |
|sext_ln225_1_reg_232|   18   |
| sext_ln225_reg_222 |   18   |
+--------------------+--------+
|        Total       |   323  |
+--------------------+--------+

* Multiplexer (MUX) list: 
|------------|------|------|------|--------||---------||---------|
|    Comp    |  Pin | Size |  BW  | S x BW ||  Delay  ||   LUT   |
|------------|------|------|------|--------||---------||---------|
| grp_fu_202 |  p0  |   2  |  12  |   24   ||    9    |
| grp_fu_202 |  p1  |   2  |   6  |   12   ||    9    |
|------------|------|------|------|--------||---------||---------|
|    Total   |      |      |      |   36   ||  1.688  ||    18   |
|------------|------|------|------|--------||---------||---------|



* Summary:
+-----------+--------+--------+--------+--------+
|           |   DSP  |  Delay |   FF   |   LUT  |
+-----------+--------+--------+--------+--------+
|  Function |    1   |    -   |  3651  |  2895  |
|   Memory  |    -   |    -   |    -   |    -   |
|Multiplexer|    -   |    1   |    -   |   18   |
|  Register |    -   |    -   |   323  |    -   |
+-----------+--------+--------+--------+--------+
|   Total   |    1   |    1   |  3974  |  2913  |
+-----------+--------+--------+--------+--------+
